[3.395s] Invoking command in '/home/sunrise/scservo_ws/src/scservo_driver': PYTHONPATH=/home/sunrise/scservo_ws/build/scservo_driver/prefix_override:/usr/lib/python3/dist-packages/colcon_core/task/python/colcon_distutils_commands:/home/sunrise/scservo_ws/install/scservo_driver/lib/python3.10/site-packages:${PYTHONPATH} /usr/bin/python3 -W ignore:setup.py install is deprecated -W ignore:easy_install command is deprecated setup.py egg_info --egg-base ../../build/scservo_driver build --build-base /home/sunrise/scservo_ws/build/scservo_driver/build install --record /home/sunrise/scservo_ws/build/scservo_driver/install.log --single-version-externally-managed install_data
[4.653s] running egg_info
[4.657s] writing ../../build/scservo_driver/scservo_driver.egg-info/PKG-INFO
[4.658s] writing dependency_links to ../../build/scservo_driver/scservo_driver.egg-info/dependency_links.txt
[4.659s] writing entry points to ../../build/scservo_driver/scservo_driver.egg-info/entry_points.txt
[4.660s] writing requirements to ../../build/scservo_driver/scservo_driver.egg-info/requires.txt
[4.661s] writing top-level names to ../../build/scservo_driver/scservo_driver.egg-info/top_level.txt
[4.671s] reading manifest file '../../build/scservo_driver/scservo_driver.egg-info/SOURCES.txt'
[4.677s] writing manifest file '../../build/scservo_driver/scservo_driver.egg-info/SOURCES.txt'
[4.677s] running build
[4.678s] running build_py
[4.678s] copying scservo_driver/scservo_node.py -> /home/sunrise/scservo_ws/build/scservo_driver/build/lib/scservo_driver
[4.679s] copying scservo_driver/scservo_controller.py -> /home/sunrise/scservo_ws/build/scservo_driver/build/lib/scservo_driver
[4.683s] running install
[4.685s] running install_lib
[4.690s] copying /home/sunrise/scservo_ws/build/scservo_driver/build/lib/scservo_driver/scservo_node.py -> /home/sunrise/scservo_ws/install/scservo_driver/lib/python3.10/site-packages/scservo_driver
[4.690s] copying /home/sunrise/scservo_ws/build/scservo_driver/build/lib/scservo_driver/scservo_controller.py -> /home/sunrise/scservo_ws/install/scservo_driver/lib/python3.10/site-packages/scservo_driver
[4.694s] byte-compiling /home/sunrise/scservo_ws/install/scservo_driver/lib/python3.10/site-packages/scservo_driver/scservo_node.py to scservo_node.cpython-310.pyc
[4.699s] byte-compiling /home/sunrise/scservo_ws/install/scservo_driver/lib/python3.10/site-packages/scservo_driver/scservo_controller.py to scservo_controller.cpython-310.pyc
[4.704s] running install_data
[4.705s] copying launch/scservo_driver.launch.py -> /home/sunrise/scservo_ws/install/scservo_driver/share/scservo_driver/launch
[4.705s] running install_egg_info
[4.715s] removing '/home/sunrise/scservo_ws/install/scservo_driver/lib/python3.10/site-packages/scservo_driver-0.0.1-py3.10.egg-info' (and everything under it)
[4.716s] Copying ../../build/scservo_driver/scservo_driver.egg-info to /home/sunrise/scservo_ws/install/scservo_driver/lib/python3.10/site-packages/scservo_driver-0.0.1-py3.10.egg-info
[4.720s] running install_scripts
[4.829s] Installing scservo_node script to /home/sunrise/scservo_ws/install/scservo_driver/lib/scservo_driver
[4.832s] writing list of installed files to '/home/sunrise/scservo_ws/build/scservo_driver/install.log'
[5.030s] Invoked command in '/home/sunrise/scservo_ws/src/scservo_driver' returned '0': PYTHONPATH=/home/sunrise/scservo_ws/build/scservo_driver/prefix_override:/usr/lib/python3/dist-packages/colcon_core/task/python/colcon_distutils_commands:/home/sunrise/scservo_ws/install/scservo_driver/lib/python3.10/site-packages:${PYTHONPATH} /usr/bin/python3 -W ignore:setup.py install is deprecated -W ignore:easy_install command is deprecated setup.py egg_info --egg-base ../../build/scservo_driver build --build-base /home/sunrise/scservo_ws/build/scservo_driver/build install --record /home/sunrise/scservo_ws/build/scservo_driver/install.log --single-version-externally-managed install_data
