[4.215s] Invoking command in '/home/sunrise/scservo_ws/src/scservo_driver': PYTHONPATH=/home/sunrise/scservo_ws/src/build/scservo_driver/prefix_override:/usr/lib/python3/dist-packages/colcon_core/task/python/colcon_distutils_commands:/home/sunrise/scservo_ws/src/install/scservo_driver/lib/python3.10/site-packages:${PYTHONPATH} /usr/bin/python3 -W ignore:setup.py install is deprecated -W ignore:easy_install command is deprecated setup.py egg_info --egg-base ../build/scservo_driver build --build-base /home/sunrise/scservo_ws/src/build/scservo_driver/build install --record /home/sunrise/scservo_ws/src/build/scservo_driver/install.log --single-version-externally-managed install_data
[5.873s] running egg_info
[5.875s] creating ../build/scservo_driver/scservo_driver.egg-info
[5.876s] writing ../build/scservo_driver/scservo_driver.egg-info/PKG-INFO
[5.877s] writing dependency_links to ../build/scservo_driver/scservo_driver.egg-info/dependency_links.txt
[5.878s] writing entry points to ../build/scservo_driver/scservo_driver.egg-info/entry_points.txt
[5.879s] writing requirements to ../build/scservo_driver/scservo_driver.egg-info/requires.txt
[5.879s] writing top-level names to ../build/scservo_driver/scservo_driver.egg-info/top_level.txt
[5.880s] writing manifest file '../build/scservo_driver/scservo_driver.egg-info/SOURCES.txt'
[5.891s] reading manifest file '../build/scservo_driver/scservo_driver.egg-info/SOURCES.txt'
[5.895s] writing manifest file '../build/scservo_driver/scservo_driver.egg-info/SOURCES.txt'
[5.896s] running build
[5.896s] running build_py
[5.897s] creating /home/sunrise/scservo_ws/src/build/scservo_driver/build
[5.898s] creating /home/sunrise/scservo_ws/src/build/scservo_driver/build/lib
[5.898s] creating /home/sunrise/scservo_ws/src/build/scservo_driver/build/lib/scservo_driver
[5.899s] copying scservo_driver/__init__.py -> /home/sunrise/scservo_ws/src/build/scservo_driver/build/lib/scservo_driver
[5.899s] copying scservo_driver/scservo_node.py -> /home/sunrise/scservo_ws/src/build/scservo_driver/build/lib/scservo_driver
[5.900s] copying scservo_driver/scservo_controller.py -> /home/sunrise/scservo_ws/src/build/scservo_driver/build/lib/scservo_driver
[5.900s] copying scservo_driver/usb_camera_node.py -> /home/sunrise/scservo_ws/src/build/scservo_driver/build/lib/scservo_driver
[5.901s] copying scservo_driver/improved_vision_control.py -> /home/sunrise/scservo_ws/src/build/scservo_driver/build/lib/scservo_driver
[5.901s] creating /home/sunrise/scservo_ws/src/build/scservo_driver/build/lib/scservo_driver/scservo_sdk
[5.902s] copying scservo_driver/scservo_sdk/group_sync_write.py -> /home/sunrise/scservo_ws/src/build/scservo_driver/build/lib/scservo_driver/scservo_sdk
[5.903s] copying scservo_driver/scservo_sdk/__init__.py -> /home/sunrise/scservo_ws/src/build/scservo_driver/build/lib/scservo_driver/scservo_sdk
[5.904s] copying scservo_driver/scservo_sdk/scservo_def.py -> /home/sunrise/scservo_ws/src/build/scservo_driver/build/lib/scservo_driver/scservo_sdk
[5.905s] copying scservo_driver/scservo_sdk/group_sync_read.py -> /home/sunrise/scservo_ws/src/build/scservo_driver/build/lib/scservo_driver/scservo_sdk
[5.906s] copying scservo_driver/scservo_sdk/protocol_packet_handler.py -> /home/sunrise/scservo_ws/src/build/scservo_driver/build/lib/scservo_driver/scservo_sdk
[5.908s] copying scservo_driver/scservo_sdk/packet_handler.py -> /home/sunrise/scservo_ws/src/build/scservo_driver/build/lib/scservo_driver/scservo_sdk
[5.908s] copying scservo_driver/scservo_sdk/port_handler.py -> /home/sunrise/scservo_ws/src/build/scservo_driver/build/lib/scservo_driver/scservo_sdk
[5.911s] running install
[5.913s] running install_lib
[5.917s] creating /home/sunrise/scservo_ws/src/install/scservo_driver/lib/python3.10/site-packages/scservo_driver
[5.917s] copying /home/sunrise/scservo_ws/src/build/scservo_driver/build/lib/scservo_driver/__init__.py -> /home/sunrise/scservo_ws/src/install/scservo_driver/lib/python3.10/site-packages/scservo_driver
[5.918s] copying /home/sunrise/scservo_ws/src/build/scservo_driver/build/lib/scservo_driver/scservo_node.py -> /home/sunrise/scservo_ws/src/install/scservo_driver/lib/python3.10/site-packages/scservo_driver
[5.919s] copying /home/sunrise/scservo_ws/src/build/scservo_driver/build/lib/scservo_driver/scservo_controller.py -> /home/sunrise/scservo_ws/src/install/scservo_driver/lib/python3.10/site-packages/scservo_driver
[5.919s] copying /home/sunrise/scservo_ws/src/build/scservo_driver/build/lib/scservo_driver/usb_camera_node.py -> /home/sunrise/scservo_ws/src/install/scservo_driver/lib/python3.10/site-packages/scservo_driver
[5.920s] creating /home/sunrise/scservo_ws/src/install/scservo_driver/lib/python3.10/site-packages/scservo_driver/scservo_sdk
[5.920s] copying /home/sunrise/scservo_ws/src/build/scservo_driver/build/lib/scservo_driver/scservo_sdk/group_sync_write.py -> /home/sunrise/scservo_ws/src/install/scservo_driver/lib/python3.10/site-packages/scservo_driver/scservo_sdk
[5.921s] copying /home/sunrise/scservo_ws/src/build/scservo_driver/build/lib/scservo_driver/scservo_sdk/__init__.py -> /home/sunrise/scservo_ws/src/install/scservo_driver/lib/python3.10/site-packages/scservo_driver/scservo_sdk
[5.921s] copying /home/sunrise/scservo_ws/src/build/scservo_driver/build/lib/scservo_driver/scservo_sdk/scservo_def.py -> /home/sunrise/scservo_ws/src/install/scservo_driver/lib/python3.10/site-packages/scservo_driver/scservo_sdk
[5.922s] copying /home/sunrise/scservo_ws/src/build/scservo_driver/build/lib/scservo_driver/scservo_sdk/group_sync_read.py -> /home/sunrise/scservo_ws/src/install/scservo_driver/lib/python3.10/site-packages/scservo_driver/scservo_sdk
[5.923s] copying /home/sunrise/scservo_ws/src/build/scservo_driver/build/lib/scservo_driver/scservo_sdk/protocol_packet_handler.py -> /home/sunrise/scservo_ws/src/install/scservo_driver/lib/python3.10/site-packages/scservo_driver/scservo_sdk
[5.923s] copying /home/sunrise/scservo_ws/src/build/scservo_driver/build/lib/scservo_driver/scservo_sdk/packet_handler.py -> /home/sunrise/scservo_ws/src/install/scservo_driver/lib/python3.10/site-packages/scservo_driver/scservo_sdk
[5.924s] copying /home/sunrise/scservo_ws/src/build/scservo_driver/build/lib/scservo_driver/scservo_sdk/port_handler.py -> /home/sunrise/scservo_ws/src/install/scservo_driver/lib/python3.10/site-packages/scservo_driver/scservo_sdk
[5.924s] copying /home/sunrise/scservo_ws/src/build/scservo_driver/build/lib/scservo_driver/improved_vision_control.py -> /home/sunrise/scservo_ws/src/install/scservo_driver/lib/python3.10/site-packages/scservo_driver
[5.927s] byte-compiling /home/sunrise/scservo_ws/src/install/scservo_driver/lib/python3.10/site-packages/scservo_driver/__init__.py to __init__.cpython-310.pyc
[5.928s] byte-compiling /home/sunrise/scservo_ws/src/install/scservo_driver/lib/python3.10/site-packages/scservo_driver/scservo_node.py to scservo_node.cpython-310.pyc
[5.943s] byte-compiling /home/sunrise/scservo_ws/src/install/scservo_driver/lib/python3.10/site-packages/scservo_driver/scservo_controller.py to scservo_controller.cpython-310.pyc
[5.950s] byte-compiling /home/sunrise/scservo_ws/src/install/scservo_driver/lib/python3.10/site-packages/scservo_driver/usb_camera_node.py to usb_camera_node.cpython-310.pyc
[5.954s] byte-compiling /home/sunrise/scservo_ws/src/install/scservo_driver/lib/python3.10/site-packages/scservo_driver/scservo_sdk/group_sync_write.py to group_sync_write.cpython-310.pyc
[5.957s] byte-compiling /home/sunrise/scservo_ws/src/install/scservo_driver/lib/python3.10/site-packages/scservo_driver/scservo_sdk/__init__.py to __init__.cpython-310.pyc
[5.958s] byte-compiling /home/sunrise/scservo_ws/src/install/scservo_driver/lib/python3.10/site-packages/scservo_driver/scservo_sdk/scservo_def.py to scservo_def.cpython-310.pyc
[5.961s] byte-compiling /home/sunrise/scservo_ws/src/install/scservo_driver/lib/python3.10/site-packages/scservo_driver/scservo_sdk/group_sync_read.py to group_sync_read.cpython-310.pyc
[5.965s] byte-compiling /home/sunrise/scservo_ws/src/install/scservo_driver/lib/python3.10/site-packages/scservo_driver/scservo_sdk/protocol_packet_handler.py to protocol_packet_handler.cpython-310.pyc
[5.980s] byte-compiling /home/sunrise/scservo_ws/src/install/scservo_driver/lib/python3.10/site-packages/scservo_driver/scservo_sdk/packet_handler.py to packet_handler.cpython-310.pyc
[5.981s] byte-compiling /home/sunrise/scservo_ws/src/install/scservo_driver/lib/python3.10/site-packages/scservo_driver/scservo_sdk/port_handler.py to port_handler.cpython-310.pyc
[5.986s] byte-compiling /home/sunrise/scservo_ws/src/install/scservo_driver/lib/python3.10/site-packages/scservo_driver/improved_vision_control.py to improved_vision_control.cpython-310.pyc
[5.992s] running install_data
[5.993s] creating /home/sunrise/scservo_ws/src/install/scservo_driver/share/ament_index
[5.993s] creating /home/sunrise/scservo_ws/src/install/scservo_driver/share/ament_index/resource_index
[5.994s] creating /home/sunrise/scservo_ws/src/install/scservo_driver/share/ament_index/resource_index/packages
[5.994s] copying resource/scservo_driver -> /home/sunrise/scservo_ws/src/install/scservo_driver/share/ament_index/resource_index/packages
[5.995s] copying package.xml -> /home/sunrise/scservo_ws/src/install/scservo_driver/share/scservo_driver
[5.995s] creating /home/sunrise/scservo_ws/src/install/scservo_driver/share/scservo_driver/launch
[5.996s] copying launch/scservo_driver.launch.py -> /home/sunrise/scservo_ws/src/install/scservo_driver/share/scservo_driver/launch
[5.996s] running install_egg_info
[6.004s] Copying ../build/scservo_driver/scservo_driver.egg-info to /home/sunrise/scservo_ws/src/install/scservo_driver/lib/python3.10/site-packages/scservo_driver-0.0.1-py3.10.egg-info
[6.009s] running install_scripts
[6.122s] Installing improved_vision_control script to /home/sunrise/scservo_ws/src/install/scservo_driver/lib/scservo_driver
[6.123s] Installing scservo_node script to /home/sunrise/scservo_ws/src/install/scservo_driver/lib/scservo_driver
[6.124s] Installing usb_camera_node script to /home/sunrise/scservo_ws/src/install/scservo_driver/lib/scservo_driver
[6.126s] writing list of installed files to '/home/sunrise/scservo_ws/src/build/scservo_driver/install.log'
[6.341s] Invoked command in '/home/sunrise/scservo_ws/src/scservo_driver' returned '0': PYTHONPATH=/home/sunrise/scservo_ws/src/build/scservo_driver/prefix_override:/usr/lib/python3/dist-packages/colcon_core/task/python/colcon_distutils_commands:/home/sunrise/scservo_ws/src/install/scservo_driver/lib/python3.10/site-packages:${PYTHONPATH} /usr/bin/python3 -W ignore:setup.py install is deprecated -W ignore:easy_install command is deprecated setup.py egg_info --egg-base ../build/scservo_driver build --build-base /home/sunrise/scservo_ws/src/build/scservo_driver/build install --record /home/sunrise/scservo_ws/src/build/scservo_driver/install.log --single-version-externally-managed install_data
