[4.110s] Invoking command in '/home/sunrise/scservo_ws/src/scservo_driver': PYTHONPATH=/home/sunrise/scservo_ws/build/scservo_driver/prefix_override:/usr/lib/python3/dist-packages/colcon_core/task/python/colcon_distutils_commands:/home/sunrise/scservo_ws/install/scservo_driver/lib/python3.10/site-packages:${PYTHONPATH} /usr/bin/python3 -W ignore:setup.py install is deprecated -W ignore:easy_install command is deprecated setup.py egg_info --egg-base ../../build/scservo_driver build --build-base /home/sunrise/scservo_ws/build/scservo_driver/build install --record /home/sunrise/scservo_ws/build/scservo_driver/install.log --single-version-externally-managed install_data
[5.677s] running egg_info
[5.681s] writing ../../build/scservo_driver/scservo_driver.egg-info/PKG-INFO
[5.682s] writing dependency_links to ../../build/scservo_driver/scservo_driver.egg-info/dependency_links.txt
[5.683s] writing entry points to ../../build/scservo_driver/scservo_driver.egg-info/entry_points.txt
[5.684s] writing requirements to ../../build/scservo_driver/scservo_driver.egg-info/requires.txt
[5.685s] writing top-level names to ../../build/scservo_driver/scservo_driver.egg-info/top_level.txt
[5.696s] reading manifest file '../../build/scservo_driver/scservo_driver.egg-info/SOURCES.txt'
[5.702s] writing manifest file '../../build/scservo_driver/scservo_driver.egg-info/SOURCES.txt'
[5.702s] running build
[5.703s] running build_py
[5.704s] copying scservo_driver/track_to_obj_v4.py -> /home/sunrise/scservo_ws/build/scservo_driver/build/lib/scservo_driver
[5.710s] running install
[5.712s] running install_lib
[5.717s] copying /home/sunrise/scservo_ws/build/scservo_driver/build/lib/scservo_driver/track_to_obj_v4.py -> /home/sunrise/scservo_ws/install/scservo_driver/lib/python3.10/site-packages/scservo_driver
[5.723s] byte-compiling /home/sunrise/scservo_ws/install/scservo_driver/lib/python3.10/site-packages/scservo_driver/track_to_obj_v3.py to track_to_obj_v3.cpython-310.pyc
[5.727s]   File "/home/sunrise/scservo_ws/install/scservo_driver/lib/python3.10/site-packages/scservo_driver/track_to_obj_v3.py", line 73
[5.728s]     self.get_logger().info(  def __init__(self):
[5.728s]                              ^^^
[5.729s] SyntaxError: invalid syntax
[5.729s] 
[5.730s] byte-compiling /home/sunrise/scservo_ws/install/scservo_driver/lib/python3.10/site-packages/scservo_driver/track_to_obj_v4.py to track_to_obj_v4.cpython-310.pyc
[5.731s]   File "/home/sunrise/scservo_ws/install/scservo_driver/lib/python3.10/site-packages/scservo_driver/track_to_obj_v4.py", line 80
[5.732s]     self.get_logger().info(  def __init__(self):
[5.732s]                              ^^^
[5.733s] SyntaxError: invalid syntax
[5.733s] 
[5.734s] running install_data
[5.734s] running install_egg_info
[5.744s] removing '/home/sunrise/scservo_ws/install/scservo_driver/lib/python3.10/site-packages/scservo_driver-0.0.1-py3.10.egg-info' (and everything under it)
[5.745s] Copying ../../build/scservo_driver/scservo_driver.egg-info to /home/sunrise/scservo_ws/install/scservo_driver/lib/python3.10/site-packages/scservo_driver-0.0.1-py3.10.egg-info
[5.749s] running install_scripts
[5.855s] Installing integrated_vision_control script to /home/sunrise/scservo_ws/install/scservo_driver/lib/scservo_driver
[5.856s] Installing scservo_node script to /home/sunrise/scservo_ws/install/scservo_driver/lib/scservo_driver
[5.857s] Installing track_to_obj script to /home/sunrise/scservo_ws/install/scservo_driver/lib/scservo_driver
[5.858s] Installing track_to_obj_v2 script to /home/sunrise/scservo_ws/install/scservo_driver/lib/scservo_driver
[5.858s] Installing track_to_obj_v3 script to /home/sunrise/scservo_ws/install/scservo_driver/lib/scservo_driver
[5.859s] Installing track_to_obj_v4 script to /home/sunrise/scservo_ws/install/scservo_driver/lib/scservo_driver
[5.860s] Installing voice_control_track script to /home/sunrise/scservo_ws/install/scservo_driver/lib/scservo_driver
[5.863s] writing list of installed files to '/home/sunrise/scservo_ws/build/scservo_driver/install.log'
[6.073s] Invoked command in '/home/sunrise/scservo_ws/src/scservo_driver' returned '0': PYTHONPATH=/home/sunrise/scservo_ws/build/scservo_driver/prefix_override:/usr/lib/python3/dist-packages/colcon_core/task/python/colcon_distutils_commands:/home/sunrise/scservo_ws/install/scservo_driver/lib/python3.10/site-packages:${PYTHONPATH} /usr/bin/python3 -W ignore:setup.py install is deprecated -W ignore:easy_install command is deprecated setup.py egg_info --egg-base ../../build/scservo_driver build --build-base /home/sunrise/scservo_ws/build/scservo_driver/build install --record /home/sunrise/scservo_ws/build/scservo_driver/install.log --single-version-externally-managed install_data
