[4.210s] Invoking command in '/home/sunrise/scservo_ws/src/scservo_driver': PYTHONPATH=/home/sunrise/scservo_ws/build/scservo_driver/prefix_override:/usr/lib/python3/dist-packages/colcon_core/task/python/colcon_distutils_commands:/home/sunrise/scservo_ws/install/scservo_driver/lib/python3.10/site-packages:${PYTHONPATH} /usr/bin/python3 -W ignore:setup.py install is deprecated -W ignore:easy_install command is deprecated setup.py egg_info --egg-base ../../build/scservo_driver build --build-base /home/sunrise/scservo_ws/build/scservo_driver/build install --record /home/sunrise/scservo_ws/build/scservo_driver/install.log --single-version-externally-managed install_data
[5.778s] running egg_info
[5.782s] writing ../../build/scservo_driver/scservo_driver.egg-info/PKG-INFO
[5.783s] writing dependency_links to ../../build/scservo_driver/scservo_driver.egg-info/dependency_links.txt
[5.784s] writing entry points to ../../build/scservo_driver/scservo_driver.egg-info/entry_points.txt
[5.785s] writing requirements to ../../build/scservo_driver/scservo_driver.egg-info/requires.txt
[5.786s] writing top-level names to ../../build/scservo_driver/scservo_driver.egg-info/top_level.txt
[5.797s] reading manifest file '../../build/scservo_driver/scservo_driver.egg-info/SOURCES.txt'
[5.803s] writing manifest file '../../build/scservo_driver/scservo_driver.egg-info/SOURCES.txt'
[5.803s] running build
[5.804s] running build_py
[5.805s] copying scservo_driver/track_to_obj_v4.py -> /home/sunrise/scservo_ws/build/scservo_driver/build/lib/scservo_driver
[5.811s] running install
[5.813s] running install_lib
[5.818s] copying /home/sunrise/scservo_ws/build/scservo_driver/build/lib/scservo_driver/track_to_obj_v4.py -> /home/sunrise/scservo_ws/install/scservo_driver/lib/python3.10/site-packages/scservo_driver
[5.824s] byte-compiling /home/sunrise/scservo_ws/install/scservo_driver/lib/python3.10/site-packages/scservo_driver/track_to_obj_v4.py to track_to_obj_v4.cpython-310.pyc
[5.846s] running install_data
[5.847s] running install_egg_info
[5.857s] removing '/home/sunrise/scservo_ws/install/scservo_driver/lib/python3.10/site-packages/scservo_driver-0.0.1-py3.10.egg-info' (and everything under it)
[5.859s] Copying ../../build/scservo_driver/scservo_driver.egg-info to /home/sunrise/scservo_ws/install/scservo_driver/lib/python3.10/site-packages/scservo_driver-0.0.1-py3.10.egg-info
[5.863s] running install_scripts
[5.968s] Installing integrated_vision_control script to /home/sunrise/scservo_ws/install/scservo_driver/lib/scservo_driver
[5.969s] Installing scservo_node script to /home/sunrise/scservo_ws/install/scservo_driver/lib/scservo_driver
[5.969s] Installing track_to_obj script to /home/sunrise/scservo_ws/install/scservo_driver/lib/scservo_driver
[5.970s] Installing track_to_obj_v2 script to /home/sunrise/scservo_ws/install/scservo_driver/lib/scservo_driver
[5.971s] Installing track_to_obj_v3 script to /home/sunrise/scservo_ws/install/scservo_driver/lib/scservo_driver
[5.971s] Installing track_to_obj_v4 script to /home/sunrise/scservo_ws/install/scservo_driver/lib/scservo_driver
[5.972s] Installing voice_control_track script to /home/sunrise/scservo_ws/install/scservo_driver/lib/scservo_driver
[5.975s] writing list of installed files to '/home/sunrise/scservo_ws/build/scservo_driver/install.log'
[6.181s] Invoked command in '/home/sunrise/scservo_ws/src/scservo_driver' returned '0': PYTHONPATH=/home/sunrise/scservo_ws/build/scservo_driver/prefix_override:/usr/lib/python3/dist-packages/colcon_core/task/python/colcon_distutils_commands:/home/sunrise/scservo_ws/install/scservo_driver/lib/python3.10/site-packages:${PYTHONPATH} /usr/bin/python3 -W ignore:setup.py install is deprecated -W ignore:easy_install command is deprecated setup.py egg_info --egg-base ../../build/scservo_driver build --build-base /home/sunrise/scservo_ws/build/scservo_driver/build install --record /home/sunrise/scservo_ws/build/scservo_driver/install.log --single-version-externally-managed install_data
