running egg_info
writing ../../build/scservo_driver/scservo_driver.egg-info/PKG-INFO
writing dependency_links to ../../build/scservo_driver/scservo_driver.egg-info/dependency_links.txt
writing entry points to ../../build/scservo_driver/scservo_driver.egg-info/entry_points.txt
writing requirements to ../../build/scservo_driver/scservo_driver.egg-info/requires.txt
writing top-level names to ../../build/scservo_driver/scservo_driver.egg-info/top_level.txt
reading manifest file '../../build/scservo_driver/scservo_driver.egg-info/SOURCES.txt'
writing manifest file '../../build/scservo_driver/scservo_driver.egg-info/SOURCES.txt'
running build
running build_py
copying scservo_driver/integrated_vision_control.py -> /home/sunrise/scservo_ws/build/scservo_driver/build/lib/scservo_driver
running install
running install_lib
copying /home/sunrise/scservo_ws/build/scservo_driver/build/lib/scservo_driver/integrated_vision_control.py -> /home/sunrise/scservo_ws/install/scservo_driver/lib/python3.10/site-packages/scservo_driver
byte-compiling /home/sunrise/scservo_ws/install/scservo_driver/lib/python3.10/site-packages/scservo_driver/integrated_vision_control.py to integrated_vision_control.cpython-310.pyc
running install_data
running install_egg_info
removing '/home/sunrise/scservo_ws/install/scservo_driver/lib/python3.10/site-packages/scservo_driver-0.0.1-py3.10.egg-info' (and everything under it)
error removing /home/sunrise/scservo_ws/install/scservo_driver/lib/python3.10/site-packages/scservo_driver-0.0.1-py3.10.egg-info: [Errno 13] Permission denied: '/home/sunrise/scservo_ws/install/scservo_driver/lib/python3.10/site-packages/scservo_driver-0.0.1-py3.10.egg-info/requires.txt'
error removing /home/sunrise/scservo_ws/install/scservo_driver/lib/python3.10/site-packages/scservo_driver-0.0.1-py3.10.egg-info: [Errno 13] Permission denied: '/home/sunrise/scservo_ws/install/scservo_driver/lib/python3.10/site-packages/scservo_driver-0.0.1-py3.10.egg-info/dependency_links.txt'
error removing /home/sunrise/scservo_ws/install/scservo_driver/lib/python3.10/site-packages/scservo_driver-0.0.1-py3.10.egg-info: [Errno 13] Permission denied: '/home/sunrise/scservo_ws/install/scservo_driver/lib/python3.10/site-packages/scservo_driver-0.0.1-py3.10.egg-info/zip-safe'
error removing /home/sunrise/scservo_ws/install/scservo_driver/lib/python3.10/site-packages/scservo_driver-0.0.1-py3.10.egg-info: [Errno 13] Permission denied: '/home/sunrise/scservo_ws/install/scservo_driver/lib/python3.10/site-packages/scservo_driver-0.0.1-py3.10.egg-info/SOURCES.txt'
error removing /home/sunrise/scservo_ws/install/scservo_driver/lib/python3.10/site-packages/scservo_driver-0.0.1-py3.10.egg-info: [Errno 13] Permission denied: '/home/sunrise/scservo_ws/install/scservo_driver/lib/python3.10/site-packages/scservo_driver-0.0.1-py3.10.egg-info/PKG-INFO'
error removing /home/sunrise/scservo_ws/install/scservo_driver/lib/python3.10/site-packages/scservo_driver-0.0.1-py3.10.egg-info: [Errno 13] Permission denied: '/home/sunrise/scservo_ws/install/scservo_driver/lib/python3.10/site-packages/scservo_driver-0.0.1-py3.10.egg-info/entry_points.txt'
error removing /home/sunrise/scservo_ws/install/scservo_driver/lib/python3.10/site-packages/scservo_driver-0.0.1-py3.10.egg-info: [Errno 13] Permission denied: '/home/sunrise/scservo_ws/install/scservo_driver/lib/python3.10/site-packages/scservo_driver-0.0.1-py3.10.egg-info/top_level.txt'
error removing /home/sunrise/scservo_ws/install/scservo_driver/lib/python3.10/site-packages/scservo_driver-0.0.1-py3.10.egg-info: [Errno 39] Directory not empty: '/home/sunrise/scservo_ws/install/scservo_driver/lib/python3.10/site-packages/scservo_driver-0.0.1-py3.10.egg-info'
Copying ../../build/scservo_driver/scservo_driver.egg-info to /home/sunrise/scservo_ws/install/scservo_driver/lib/python3.10/site-packages/scservo_driver-0.0.1-py3.10.egg-info
error: [Errno 13] Permission denied: '/home/sunrise/scservo_ws/install/scservo_driver/lib/python3.10/site-packages/scservo_driver-0.0.1-py3.10.egg-info/requires.txt'
