[4.382s] Invoking command in '/home/sunrise/scservo_ws/src/scservo_driver': PYTHONPATH=/home/sunrise/scservo_ws/build/scservo_driver/prefix_override:/usr/lib/python3/dist-packages/colcon_core/task/python/colcon_distutils_commands:/home/sunrise/scservo_ws/install/scservo_driver/lib/python3.10/site-packages:${PYTHONPATH} /usr/bin/python3 -W ignore:setup.py install is deprecated -W ignore:easy_install command is deprecated setup.py egg_info --egg-base ../../build/scservo_driver build --build-base /home/sunrise/scservo_ws/build/scservo_driver/build install --record /home/sunrise/scservo_ws/build/scservo_driver/install.log --single-version-externally-managed install_data
[6.154s] running egg_info
[6.158s] writing ../../build/scservo_driver/scservo_driver.egg-info/PKG-INFO
[6.164s] writing dependency_links to ../../build/scservo_driver/scservo_driver.egg-info/dependency_links.txt
[6.165s] writing entry points to ../../build/scservo_driver/scservo_driver.egg-info/entry_points.txt
[6.166s] writing requirements to ../../build/scservo_driver/scservo_driver.egg-info/requires.txt
[6.166s] writing top-level names to ../../build/scservo_driver/scservo_driver.egg-info/top_level.txt
[6.174s] reading manifest file '../../build/scservo_driver/scservo_driver.egg-info/SOURCES.txt'
[6.179s] writing manifest file '../../build/scservo_driver/scservo_driver.egg-info/SOURCES.txt'
[6.187s] running build
[6.188s] running build_py
[6.189s] copying scservo_driver/usb_camera_node.py -> /home/sunrise/scservo_ws/build/scservo_driver/build/lib/scservo_driver
[6.189s] copying scservo_driver/improved_vision_control.py -> /home/sunrise/scservo_ws/build/scservo_driver/build/lib/scservo_driver
[6.196s] running install
[6.197s] running install_lib
[6.197s] copying /home/sunrise/scservo_ws/build/scservo_driver/build/lib/scservo_driver/usb_camera_node.py -> /home/sunrise/scservo_ws/install/scservo_driver/lib/python3.10/site-packages/scservo_driver
[6.202s] copying /home/sunrise/scservo_ws/build/scservo_driver/build/lib/scservo_driver/improved_vision_control.py -> /home/sunrise/scservo_ws/install/scservo_driver/lib/python3.10/site-packages/scservo_driver
[6.202s] byte-compiling /home/sunrise/scservo_ws/install/scservo_driver/lib/python3.10/site-packages/scservo_driver/usb_camera_node.py to usb_camera_node.cpython-310.pyc
[6.208s] byte-compiling /home/sunrise/scservo_ws/install/scservo_driver/lib/python3.10/site-packages/scservo_driver/improved_vision_control.py to improved_vision_control.cpython-310.pyc
[6.213s]   File "/home/sunrise/scservo_ws/install/scservo_driver/lib/python3.10/site-packages/scservo_driver/improved_vision_control.py", line 94
[6.213s]     "content": "content": [{"type":"text","text": "你是移动机器人的导航助手。\
[6.214s]                         ^
[6.215s] SyntaxError: invalid syntax
[6.215s] 
[6.216s] running install_data
[6.216s] running install_egg_info
[6.224s] removing '/home/sunrise/scservo_ws/install/scservo_driver/lib/python3.10/site-packages/scservo_driver-0.0.1-py3.10.egg-info' (and everything under it)
[6.226s] Copying ../../build/scservo_driver/scservo_driver.egg-info to /home/sunrise/scservo_ws/install/scservo_driver/lib/python3.10/site-packages/scservo_driver-0.0.1-py3.10.egg-info
[6.231s] running install_scripts
[6.350s] Installing improved_vision_control script to /home/sunrise/scservo_ws/install/scservo_driver/lib/scservo_driver
[6.351s] Installing scservo_node script to /home/sunrise/scservo_ws/install/scservo_driver/lib/scservo_driver
[6.352s] Installing usb_camera_node script to /home/sunrise/scservo_ws/install/scservo_driver/lib/scservo_driver
[6.355s] writing list of installed files to '/home/sunrise/scservo_ws/build/scservo_driver/install.log'
[6.586s] Invoked command in '/home/sunrise/scservo_ws/src/scservo_driver' returned '0': PYTHONPATH=/home/sunrise/scservo_ws/build/scservo_driver/prefix_override:/usr/lib/python3/dist-packages/colcon_core/task/python/colcon_distutils_commands:/home/sunrise/scservo_ws/install/scservo_driver/lib/python3.10/site-packages:${PYTHONPATH} /usr/bin/python3 -W ignore:setup.py install is deprecated -W ignore:easy_install command is deprecated setup.py egg_info --egg-base ../../build/scservo_driver build --build-base /home/sunrise/scservo_ws/build/scservo_driver/build install --record /home/sunrise/scservo_ws/build/scservo_driver/install.log --single-version-externally-managed install_data
