[4.325s] Invoking command in '/home/sunrise/scservo_ws/src/scservo_driver': PYTHONPATH=/home/sunrise/scservo_ws/build/scservo_driver/prefix_override:/usr/lib/python3/dist-packages/colcon_core/task/python/colcon_distutils_commands:/home/sunrise/scservo_ws/install/scservo_driver/lib/python3.10/site-packages:${PYTHONPATH} /usr/bin/python3 -W ignore:setup.py install is deprecated -W ignore:easy_install command is deprecated setup.py egg_info --egg-base ../../build/scservo_driver build --build-base /home/sunrise/scservo_ws/build/scservo_driver/build install --record /home/sunrise/scservo_ws/build/scservo_driver/install.log --single-version-externally-managed install_data
[5.966s] running egg_info
[5.970s] writing ../../build/scservo_driver/scservo_driver.egg-info/PKG-INFO
[5.971s] writing dependency_links to ../../build/scservo_driver/scservo_driver.egg-info/dependency_links.txt
[5.972s] writing entry points to ../../build/scservo_driver/scservo_driver.egg-info/entry_points.txt
[5.972s] writing requirements to ../../build/scservo_driver/scservo_driver.egg-info/requires.txt
[5.973s] writing top-level names to ../../build/scservo_driver/scservo_driver.egg-info/top_level.txt
[5.985s] reading manifest file '../../build/scservo_driver/scservo_driver.egg-info/SOURCES.txt'
[5.992s] writing manifest file '../../build/scservo_driver/scservo_driver.egg-info/SOURCES.txt'
[5.992s] running build
[5.993s] running build_py
[5.993s] copying scservo_driver/scservo_node.py -> /home/sunrise/scservo_ws/build/scservo_driver/build/lib/scservo_driver
[5.994s] copying scservo_driver/integrated_vision_control.py -> /home/sunrise/scservo_ws/build/scservo_driver/build/lib/scservo_driver
[5.999s] running install
[6.001s] running install_lib
[6.005s] copying /home/sunrise/scservo_ws/build/scservo_driver/build/lib/scservo_driver/scservo_node.py -> /home/sunrise/scservo_ws/install/scservo_driver/lib/python3.10/site-packages/scservo_driver
[6.006s] copying /home/sunrise/scservo_ws/build/scservo_driver/build/lib/scservo_driver/integrated_vision_control.py -> /home/sunrise/scservo_ws/install/scservo_driver/lib/python3.10/site-packages/scservo_driver
[6.010s] byte-compiling /home/sunrise/scservo_ws/install/scservo_driver/lib/python3.10/site-packages/scservo_driver/scservo_node.py to scservo_node.cpython-310.pyc
[6.025s] byte-compiling /home/sunrise/scservo_ws/install/scservo_driver/lib/python3.10/site-packages/scservo_driver/integrated_vision_control.py to integrated_vision_control.cpython-310.pyc
[6.035s] running install_data
[6.036s] running install_egg_info
[6.045s] removing '/home/sunrise/scservo_ws/install/scservo_driver/lib/python3.10/site-packages/scservo_driver-0.0.1-py3.10.egg-info' (and everything under it)
[6.046s] Copying ../../build/scservo_driver/scservo_driver.egg-info to /home/sunrise/scservo_ws/install/scservo_driver/lib/python3.10/site-packages/scservo_driver-0.0.1-py3.10.egg-info
[6.051s] running install_scripts
[6.160s] Installing integrated_vision_control script to /home/sunrise/scservo_ws/install/scservo_driver/lib/scservo_driver
[6.161s] Installing scservo_node script to /home/sunrise/scservo_ws/install/scservo_driver/lib/scservo_driver
[6.164s] writing list of installed files to '/home/sunrise/scservo_ws/build/scservo_driver/install.log'
[6.375s] Invoked command in '/home/sunrise/scservo_ws/src/scservo_driver' returned '0': PYTHONPATH=/home/sunrise/scservo_ws/build/scservo_driver/prefix_override:/usr/lib/python3/dist-packages/colcon_core/task/python/colcon_distutils_commands:/home/sunrise/scservo_ws/install/scservo_driver/lib/python3.10/site-packages:${PYTHONPATH} /usr/bin/python3 -W ignore:setup.py install is deprecated -W ignore:easy_install command is deprecated setup.py egg_info --egg-base ../../build/scservo_driver build --build-base /home/sunrise/scservo_ws/build/scservo_driver/build install --record /home/sunrise/scservo_ws/build/scservo_driver/install.log --single-version-externally-managed install_data
