[4.594s] Invoking command in '/home/sunrise/scservo_ws/src/scservo_driver': PYTHONPATH=/home/sunrise/scservo_ws/build/scservo_driver/prefix_override:/usr/lib/python3/dist-packages/colcon_core/task/python/colcon_distutils_commands:/home/sunrise/scservo_ws/install/scservo_driver/lib/python3.10/site-packages:${PYTHONPATH} /usr/bin/python3 -W ignore:setup.py install is deprecated -W ignore:easy_install command is deprecated setup.py egg_info --egg-base ../../build/scservo_driver build --build-base /home/sunrise/scservo_ws/build/scservo_driver/build install --record /home/sunrise/scservo_ws/build/scservo_driver/install.log --single-version-externally-managed install_data
[6.356s] running egg_info
[6.362s] writing ../../build/scservo_driver/scservo_driver.egg-info/PKG-INFO
[6.367s] writing dependency_links to ../../build/scservo_driver/scservo_driver.egg-info/dependency_links.txt
[6.368s] writing entry points to ../../build/scservo_driver/scservo_driver.egg-info/entry_points.txt
[6.368s] writing requirements to ../../build/scservo_driver/scservo_driver.egg-info/requires.txt
[6.369s] writing top-level names to ../../build/scservo_driver/scservo_driver.egg-info/top_level.txt
[6.375s] reading manifest file '../../build/scservo_driver/scservo_driver.egg-info/SOURCES.txt'
[6.381s] writing manifest file '../../build/scservo_driver/scservo_driver.egg-info/SOURCES.txt'
[6.382s] running build
[6.383s] running build_py
[6.384s] copying scservo_driver/improved_vision_control.py -> /home/sunrise/scservo_ws/build/scservo_driver/build/lib/scservo_driver
[6.389s] running install
[6.391s] running install_lib
[6.399s] copying /home/sunrise/scservo_ws/build/scservo_driver/build/lib/scservo_driver/improved_vision_control.py -> /home/sunrise/scservo_ws/install/scservo_driver/lib/python3.10/site-packages/scservo_driver
[6.403s] byte-compiling /home/sunrise/scservo_ws/install/scservo_driver/lib/python3.10/site-packages/scservo_driver/improved_vision_control.py to improved_vision_control.cpython-310.pyc
[6.412s] running install_data
[6.413s] running install_egg_info
[6.423s] removing '/home/sunrise/scservo_ws/install/scservo_driver/lib/python3.10/site-packages/scservo_driver-0.0.1-py3.10.egg-info' (and everything under it)
[6.424s] Copying ../../build/scservo_driver/scservo_driver.egg-info to /home/sunrise/scservo_ws/install/scservo_driver/lib/python3.10/site-packages/scservo_driver-0.0.1-py3.10.egg-info
[6.429s] running install_scripts
[6.551s] Installing improved_vision_control script to /home/sunrise/scservo_ws/install/scservo_driver/lib/scservo_driver
[6.552s] Installing scservo_node script to /home/sunrise/scservo_ws/install/scservo_driver/lib/scservo_driver
[6.558s] Installing usb_camera_node script to /home/sunrise/scservo_ws/install/scservo_driver/lib/scservo_driver
[6.561s] writing list of installed files to '/home/sunrise/scservo_ws/build/scservo_driver/install.log'
[6.813s] Invoked command in '/home/sunrise/scservo_ws/src/scservo_driver' returned '0': PYTHONPATH=/home/sunrise/scservo_ws/build/scservo_driver/prefix_override:/usr/lib/python3/dist-packages/colcon_core/task/python/colcon_distutils_commands:/home/sunrise/scservo_ws/install/scservo_driver/lib/python3.10/site-packages:${PYTHONPATH} /usr/bin/python3 -W ignore:setup.py install is deprecated -W ignore:easy_install command is deprecated setup.py egg_info --egg-base ../../build/scservo_driver build --build-base /home/sunrise/scservo_ws/build/scservo_driver/build install --record /home/sunrise/scservo_ws/build/scservo_driver/install.log --single-version-externally-managed install_data
