[4.575s] Invoking command in '/home/sunrise/scservo_ws/src/scservo_driver': PYTHONPATH=/home/sunrise/scservo_ws/build/scservo_driver/prefix_override:/usr/lib/python3/dist-packages/colcon_core/task/python/colcon_distutils_commands:/home/sunrise/scservo_ws/install/scservo_driver/lib/python3.10/site-packages:${PYTHONPATH} /usr/bin/python3 -W ignore:setup.py install is deprecated -W ignore:easy_install command is deprecated setup.py egg_info --egg-base ../../build/scservo_driver build --build-base /home/sunrise/scservo_ws/build/scservo_driver/build install --record /home/sunrise/scservo_ws/build/scservo_driver/install.log --single-version-externally-managed install_data
[6.376s] running egg_info
[6.381s] writing ../../build/scservo_driver/scservo_driver.egg-info/PKG-INFO
[6.386s] writing dependency_links to ../../build/scservo_driver/scservo_driver.egg-info/dependency_links.txt
[6.392s] writing entry points to ../../build/scservo_driver/scservo_driver.egg-info/entry_points.txt
[6.393s] writing requirements to ../../build/scservo_driver/scservo_driver.egg-info/requires.txt
[6.393s] writing top-level names to ../../build/scservo_driver/scservo_driver.egg-info/top_level.txt
[6.402s] reading manifest file '../../build/scservo_driver/scservo_driver.egg-info/SOURCES.txt'
[6.404s] writing manifest file '../../build/scservo_driver/scservo_driver.egg-info/SOURCES.txt'
[6.410s] running build
[6.411s] running build_py
[6.411s] copying scservo_driver/usb_camera_node.py -> /home/sunrise/scservo_ws/build/scservo_driver/build/lib/scservo_driver
[6.412s] copying scservo_driver/integrated_vision_control.py -> /home/sunrise/scservo_ws/build/scservo_driver/build/lib/scservo_driver
[6.417s] running install
[6.418s] running install_lib
[6.418s] copying /home/sunrise/scservo_ws/build/scservo_driver/build/lib/scservo_driver/usb_camera_node.py -> /home/sunrise/scservo_ws/install/scservo_driver/lib/python3.10/site-packages/scservo_driver
[6.419s] copying /home/sunrise/scservo_ws/build/scservo_driver/build/lib/scservo_driver/integrated_vision_control.py -> /home/sunrise/scservo_ws/install/scservo_driver/lib/python3.10/site-packages/scservo_driver
[6.428s] byte-compiling /home/sunrise/scservo_ws/install/scservo_driver/lib/python3.10/site-packages/scservo_driver/usb_camera_node.py to usb_camera_node.cpython-310.pyc
[6.429s] byte-compiling /home/sunrise/scservo_ws/install/scservo_driver/lib/python3.10/site-packages/scservo_driver/integrated_vision_control.py to integrated_vision_control.cpython-310.pyc
[6.437s] running install_data
[6.438s] running install_egg_info
[6.448s] removing '/home/sunrise/scservo_ws/install/scservo_driver/lib/python3.10/site-packages/scservo_driver-0.0.1-py3.10.egg-info' (and everything under it)
[6.450s] Copying ../../build/scservo_driver/scservo_driver.egg-info to /home/sunrise/scservo_ws/install/scservo_driver/lib/python3.10/site-packages/scservo_driver-0.0.1-py3.10.egg-info
[6.454s] running install_scripts
[6.568s] Installing improved_vision_control script to /home/sunrise/scservo_ws/install/scservo_driver/lib/scservo_driver
[6.569s] Installing scservo_node script to /home/sunrise/scservo_ws/install/scservo_driver/lib/scservo_driver
[6.570s] Installing usb_camera_node script to /home/sunrise/scservo_ws/install/scservo_driver/lib/scservo_driver
[6.573s] writing list of installed files to '/home/sunrise/scservo_ws/build/scservo_driver/install.log'
[6.802s] Invoked command in '/home/sunrise/scservo_ws/src/scservo_driver' returned '0': PYTHONPATH=/home/sunrise/scservo_ws/build/scservo_driver/prefix_override:/usr/lib/python3/dist-packages/colcon_core/task/python/colcon_distutils_commands:/home/sunrise/scservo_ws/install/scservo_driver/lib/python3.10/site-packages:${PYTHONPATH} /usr/bin/python3 -W ignore:setup.py install is deprecated -W ignore:easy_install command is deprecated setup.py egg_info --egg-base ../../build/scservo_driver build --build-base /home/sunrise/scservo_ws/build/scservo_driver/build install --record /home/sunrise/scservo_ws/build/scservo_driver/install.log --single-version-externally-managed install_data
