[4.871s] Invoking command in '/home/sunrise/scservo_ws/src/scservo_driver': PYTHONPATH=/home/sunrise/scservo_ws/build/scservo_driver/prefix_override:/usr/lib/python3/dist-packages/colcon_core/task/python/colcon_distutils_commands:/home/sunrise/scservo_ws/install/scservo_driver/lib/python3.10/site-packages:${PYTHONPATH} /usr/bin/python3 -W ignore:setup.py install is deprecated -W ignore:easy_install command is deprecated setup.py egg_info --egg-base ../../build/scservo_driver build --build-base /home/sunrise/scservo_ws/build/scservo_driver/build install --record /home/sunrise/scservo_ws/build/scservo_driver/install.log --single-version-externally-managed install_data
[6.765s] running egg_info
[6.770s] writing ../../build/scservo_driver/scservo_driver.egg-info/PKG-INFO
[6.776s] writing dependency_links to ../../build/scservo_driver/scservo_driver.egg-info/dependency_links.txt
[6.777s] writing entry points to ../../build/scservo_driver/scservo_driver.egg-info/entry_points.txt
[6.778s] writing requirements to ../../build/scservo_driver/scservo_driver.egg-info/requires.txt
[6.778s] writing top-level names to ../../build/scservo_driver/scservo_driver.egg-info/top_level.txt
[6.787s] reading manifest file '../../build/scservo_driver/scservo_driver.egg-info/SOURCES.txt'
[6.795s] writing manifest file '../../build/scservo_driver/scservo_driver.egg-info/SOURCES.txt'
[6.798s] running build
[6.799s] running build_py
[6.799s] copying scservo_driver/voice_control_track.py -> /home/sunrise/scservo_ws/build/scservo_driver/build/lib/scservo_driver
[6.804s] running install
[6.806s] running install_lib
[6.813s] copying /home/sunrise/scservo_ws/build/scservo_driver/build/lib/scservo_driver/voice_control_track.py -> /home/sunrise/scservo_ws/install/scservo_driver/lib/python3.10/site-packages/scservo_driver
[6.818s] byte-compiling /home/sunrise/scservo_ws/install/scservo_driver/lib/python3.10/site-packages/scservo_driver/voice_control_track.py to voice_control_track.cpython-310.pyc
[6.827s]   File "/home/sunrise/scservo_ws/install/scservo_driver/lib/python3.10/site-packages/scservo_driver/voice_control_track.py", line 136
[6.828s]     print("\n请说出要追踪的目标物体（说"退出"可以结束程序）...")
[6.829s]           ^^^^^^^^^^^^^^^^^^^^^^^^^^^^^^^^^^^^^^^^^^^^^^^^^
[6.829s] SyntaxError: invalid syntax. Perhaps you forgot a comma?
[6.830s] 
[6.830s] running install_data
[6.831s] running install_egg_info
[6.840s] removing '/home/sunrise/scservo_ws/install/scservo_driver/lib/python3.10/site-packages/scservo_driver-0.0.1-py3.10.egg-info' (and everything under it)
[6.842s] Copying ../../build/scservo_driver/scservo_driver.egg-info to /home/sunrise/scservo_ws/install/scservo_driver/lib/python3.10/site-packages/scservo_driver-0.0.1-py3.10.egg-info
[6.851s] running install_scripts
[6.970s] Installing integrated_vision_control script to /home/sunrise/scservo_ws/install/scservo_driver/lib/scservo_driver
[6.972s] Installing scservo_node script to /home/sunrise/scservo_ws/install/scservo_driver/lib/scservo_driver
[6.973s] Installing track_to_obj script to /home/sunrise/scservo_ws/install/scservo_driver/lib/scservo_driver
[6.976s] Installing track_to_obj_v2 script to /home/sunrise/scservo_ws/install/scservo_driver/lib/scservo_driver
[6.977s] Installing voice_control_track script to /home/sunrise/scservo_ws/install/scservo_driver/lib/scservo_driver
[6.987s] writing list of installed files to '/home/sunrise/scservo_ws/build/scservo_driver/install.log'
[7.233s] Invoked command in '/home/sunrise/scservo_ws/src/scservo_driver' returned '0': PYTHONPATH=/home/sunrise/scservo_ws/build/scservo_driver/prefix_override:/usr/lib/python3/dist-packages/colcon_core/task/python/colcon_distutils_commands:/home/sunrise/scservo_ws/install/scservo_driver/lib/python3.10/site-packages:${PYTHONPATH} /usr/bin/python3 -W ignore:setup.py install is deprecated -W ignore:easy_install command is deprecated setup.py egg_info --egg-base ../../build/scservo_driver build --build-base /home/sunrise/scservo_ws/build/scservo_driver/build install --record /home/sunrise/scservo_ws/build/scservo_driver/install.log --single-version-externally-managed install_data
