[4.626s] Invoking command in '/home/sunrise/scservo_ws/src/scservo_driver': PYTHONPATH=/home/sunrise/scservo_ws/build/scservo_driver/prefix_override:/usr/lib/python3/dist-packages/colcon_core/task/python/colcon_distutils_commands:/home/sunrise/scservo_ws/install/scservo_driver/lib/python3.10/site-packages:${PYTHONPATH} /usr/bin/python3 -W ignore:setup.py install is deprecated -W ignore:easy_install command is deprecated setup.py egg_info --egg-base ../../build/scservo_driver build --build-base /home/sunrise/scservo_ws/build/scservo_driver/build install --record /home/sunrise/scservo_ws/build/scservo_driver/install.log --single-version-externally-managed install_data
[6.550s] running egg_info
[6.554s] writing ../../build/scservo_driver/scservo_driver.egg-info/PKG-INFO
[6.559s] writing dependency_links to ../../build/scservo_driver/scservo_driver.egg-info/dependency_links.txt
[6.560s] writing entry points to ../../build/scservo_driver/scservo_driver.egg-info/entry_points.txt
[6.560s] writing requirements to ../../build/scservo_driver/scservo_driver.egg-info/requires.txt
[6.561s] writing top-level names to ../../build/scservo_driver/scservo_driver.egg-info/top_level.txt
[6.570s] reading manifest file '../../build/scservo_driver/scservo_driver.egg-info/SOURCES.txt'
[6.577s] writing manifest file '../../build/scservo_driver/scservo_driver.egg-info/SOURCES.txt'
[6.578s] running build
[6.579s] running build_py
[6.585s] running install
[6.586s] running install_lib
[6.598s] running install_data
[6.599s] running install_egg_info
[6.610s] removing '/home/sunrise/scservo_ws/install/scservo_driver/lib/python3.10/site-packages/scservo_driver-0.0.1-py3.10.egg-info' (and everything under it)
[6.612s] Copying ../../build/scservo_driver/scservo_driver.egg-info to /home/sunrise/scservo_ws/install/scservo_driver/lib/python3.10/site-packages/scservo_driver-0.0.1-py3.10.egg-info
[6.617s] running install_scripts
[6.733s] Installing improved_vision_control script to /home/sunrise/scservo_ws/install/scservo_driver/lib/scservo_driver
[6.734s] Installing scservo_node script to /home/sunrise/scservo_ws/install/scservo_driver/lib/scservo_driver
[6.735s] Installing usb_camera_node script to /home/sunrise/scservo_ws/install/scservo_driver/lib/scservo_driver
[6.738s] writing list of installed files to '/home/sunrise/scservo_ws/build/scservo_driver/install.log'
[6.995s] Invoked command in '/home/sunrise/scservo_ws/src/scservo_driver' returned '0': PYTHONPATH=/home/sunrise/scservo_ws/build/scservo_driver/prefix_override:/usr/lib/python3/dist-packages/colcon_core/task/python/colcon_distutils_commands:/home/sunrise/scservo_ws/install/scservo_driver/lib/python3.10/site-packages:${PYTHONPATH} /usr/bin/python3 -W ignore:setup.py install is deprecated -W ignore:easy_install command is deprecated setup.py egg_info --egg-base ../../build/scservo_driver build --build-base /home/sunrise/scservo_ws/build/scservo_driver/build install --record /home/sunrise/scservo_ws/build/scservo_driver/install.log --single-version-externally-managed install_data
