[4.362s] Invoking command in '/home/sunrise/scservo_ws/src/scservo_driver': PYTHONPATH=/home/sunrise/scservo_ws/build/scservo_driver/prefix_override:/usr/lib/python3/dist-packages/colcon_core/task/python/colcon_distutils_commands:/home/sunrise/scservo_ws/install/scservo_driver/lib/python3.10/site-packages:${PYTHONPATH} /usr/bin/python3 -W ignore:setup.py install is deprecated -W ignore:easy_install command is deprecated setup.py egg_info --egg-base ../../build/scservo_driver build --build-base /home/sunrise/scservo_ws/build/scservo_driver/build install --record /home/sunrise/scservo_ws/build/scservo_driver/install.log --single-version-externally-managed install_data
[5.969s] running egg_info
[5.974s] writing ../../build/scservo_driver/scservo_driver.egg-info/PKG-INFO
[5.975s] writing dependency_links to ../../build/scservo_driver/scservo_driver.egg-info/dependency_links.txt
[5.976s] writing entry points to ../../build/scservo_driver/scservo_driver.egg-info/entry_points.txt
[5.977s] writing requirements to ../../build/scservo_driver/scservo_driver.egg-info/requires.txt
[5.977s] writing top-level names to ../../build/scservo_driver/scservo_driver.egg-info/top_level.txt
[5.989s] reading manifest file '../../build/scservo_driver/scservo_driver.egg-info/SOURCES.txt'
[5.994s] writing manifest file '../../build/scservo_driver/scservo_driver.egg-info/SOURCES.txt'
[5.995s] running build
[5.995s] running build_py
[5.996s] copying scservo_driver/scservo_node.py -> /home/sunrise/scservo_ws/build/scservo_driver/build/lib/scservo_driver
[5.997s] copying scservo_driver/scservo_controller.py -> /home/sunrise/scservo_ws/build/scservo_driver/build/lib/scservo_driver
[6.001s] running install
[6.003s] running install_lib
[6.007s] copying /home/sunrise/scservo_ws/build/scservo_driver/build/lib/scservo_driver/scservo_node.py -> /home/sunrise/scservo_ws/install/scservo_driver/lib/python3.10/site-packages/scservo_driver
[6.008s] copying /home/sunrise/scservo_ws/build/scservo_driver/build/lib/scservo_driver/scservo_controller.py -> /home/sunrise/scservo_ws/install/scservo_driver/lib/python3.10/site-packages/scservo_driver
[6.013s] byte-compiling /home/sunrise/scservo_ws/install/scservo_driver/lib/python3.10/site-packages/scservo_driver/scservo_node.py to scservo_node.cpython-310.pyc
[6.031s] byte-compiling /home/sunrise/scservo_ws/install/scservo_driver/lib/python3.10/site-packages/scservo_driver/scservo_controller.py to scservo_controller.cpython-310.pyc
[6.040s] running install_data
[6.040s] running install_egg_info
[6.050s] removing '/home/sunrise/scservo_ws/install/scservo_driver/lib/python3.10/site-packages/scservo_driver-0.0.1-py3.10.egg-info' (and everything under it)
[6.051s] Copying ../../build/scservo_driver/scservo_driver.egg-info to /home/sunrise/scservo_ws/install/scservo_driver/lib/python3.10/site-packages/scservo_driver-0.0.1-py3.10.egg-info
[6.055s] running install_scripts
[6.167s] Installing scservo_node script to /home/sunrise/scservo_ws/install/scservo_driver/lib/scservo_driver
[6.170s] writing list of installed files to '/home/sunrise/scservo_ws/build/scservo_driver/install.log'
[6.377s] Invoked command in '/home/sunrise/scservo_ws/src/scservo_driver' returned '0': PYTHONPATH=/home/sunrise/scservo_ws/build/scservo_driver/prefix_override:/usr/lib/python3/dist-packages/colcon_core/task/python/colcon_distutils_commands:/home/sunrise/scservo_ws/install/scservo_driver/lib/python3.10/site-packages:${PYTHONPATH} /usr/bin/python3 -W ignore:setup.py install is deprecated -W ignore:easy_install command is deprecated setup.py egg_info --egg-base ../../build/scservo_driver build --build-base /home/sunrise/scservo_ws/build/scservo_driver/build install --record /home/sunrise/scservo_ws/build/scservo_driver/install.log --single-version-externally-managed install_data
