/home/shay/.local/lib/python3.10/site-packages/setuptools/_distutils/dist.py:270: UserWarning: Unknown distribution option: 'tests_require'
  warnings.warn(msg)
running egg_info
creating ../build/scservo_driver/scservo_driver.egg-info
writing ../build/scservo_driver/scservo_driver.egg-info/PKG-INFO
writing dependency_links to ../build/scservo_driver/scservo_driver.egg-info/dependency_links.txt
writing entry points to ../build/scservo_driver/scservo_driver.egg-info/entry_points.txt
writing requirements to ../build/scservo_driver/scservo_driver.egg-info/requires.txt
writing top-level names to ../build/scservo_driver/scservo_driver.egg-info/top_level.txt
writing manifest file '../build/scservo_driver/scservo_driver.egg-info/SOURCES.txt'
reading manifest file '../build/scservo_driver/scservo_driver.egg-info/SOURCES.txt'
writing manifest file '../build/scservo_driver/scservo_driver.egg-info/SOURCES.txt'
running build
running build_py
creating /home/shay/vlm_car/vlm_car_ws/build/scservo_driver/build/lib/scservo_driver
copying scservo_driver/track_to_obj.py -> /home/shay/vlm_car/vlm_car_ws/build/scservo_driver/build/lib/scservo_driver
copying scservo_driver/scservo_node.py -> /home/shay/vlm_car/vlm_car_ws/build/scservo_driver/build/lib/scservo_driver
copying scservo_driver/__init__.py -> /home/shay/vlm_car/vlm_car_ws/build/scservo_driver/build/lib/scservo_driver
copying scservo_driver/scservo_controller.py -> /home/shay/vlm_car/vlm_car_ws/build/scservo_driver/build/lib/scservo_driver
copying scservo_driver/integrated_vision_control.py -> /home/shay/vlm_car/vlm_car_ws/build/scservo_driver/build/lib/scservo_driver
copying scservo_driver/track_to_obj_v4.py -> /home/shay/vlm_car/vlm_car_ws/build/scservo_driver/build/lib/scservo_driver
creating /home/shay/vlm_car/vlm_car_ws/build/scservo_driver/build/lib/scservo_driver/scservo_sdk
copying scservo_driver/scservo_sdk/port_handler.py -> /home/shay/vlm_car/vlm_car_ws/build/scservo_driver/build/lib/scservo_driver/scservo_sdk
copying scservo_driver/scservo_sdk/group_sync_read.py -> /home/shay/vlm_car/vlm_car_ws/build/scservo_driver/build/lib/scservo_driver/scservo_sdk
copying scservo_driver/scservo_sdk/__init__.py -> /home/shay/vlm_car/vlm_car_ws/build/scservo_driver/build/lib/scservo_driver/scservo_sdk
copying scservo_driver/scservo_sdk/group_sync_write.py -> /home/shay/vlm_car/vlm_car_ws/build/scservo_driver/build/lib/scservo_driver/scservo_sdk
copying scservo_driver/scservo_sdk/packet_handler.py -> /home/shay/vlm_car/vlm_car_ws/build/scservo_driver/build/lib/scservo_driver/scservo_sdk
copying scservo_driver/scservo_sdk/protocol_packet_handler.py -> /home/shay/vlm_car/vlm_car_ws/build/scservo_driver/build/lib/scservo_driver/scservo_sdk
copying scservo_driver/scservo_sdk/scservo_def.py -> /home/shay/vlm_car/vlm_car_ws/build/scservo_driver/build/lib/scservo_driver/scservo_sdk
running install
running install_lib
creating /home/shay/vlm_car/vlm_car_ws/install/scservo_driver/lib/python3.10/site-packages/scservo_driver
copying /home/shay/vlm_car/vlm_car_ws/build/scservo_driver/build/lib/scservo_driver/track_to_obj.py -> /home/shay/vlm_car/vlm_car_ws/install/scservo_driver/lib/python3.10/site-packages/scservo_driver
copying /home/shay/vlm_car/vlm_car_ws/build/scservo_driver/build/lib/scservo_driver/scservo_node.py -> /home/shay/vlm_car/vlm_car_ws/install/scservo_driver/lib/python3.10/site-packages/scservo_driver
creating /home/shay/vlm_car/vlm_car_ws/install/scservo_driver/lib/python3.10/site-packages/scservo_driver/scservo_sdk
copying /home/shay/vlm_car/vlm_car_ws/build/scservo_driver/build/lib/scservo_driver/scservo_sdk/port_handler.py -> /home/shay/vlm_car/vlm_car_ws/install/scservo_driver/lib/python3.10/site-packages/scservo_driver/scservo_sdk
copying /home/shay/vlm_car/vlm_car_ws/build/scservo_driver/build/lib/scservo_driver/scservo_sdk/group_sync_read.py -> /home/shay/vlm_car/vlm_car_ws/install/scservo_driver/lib/python3.10/site-packages/scservo_driver/scservo_sdk
copying /home/shay/vlm_car/vlm_car_ws/build/scservo_driver/build/lib/scservo_driver/scservo_sdk/__init__.py -> /home/shay/vlm_car/vlm_car_ws/install/scservo_driver/lib/python3.10/site-packages/scservo_driver/scservo_sdk
copying /home/shay/vlm_car/vlm_car_ws/build/scservo_driver/build/lib/scservo_driver/scservo_sdk/group_sync_write.py -> /home/shay/vlm_car/vlm_car_ws/install/scservo_driver/lib/python3.10/site-packages/scservo_driver/scservo_sdk
copying /home/shay/vlm_car/vlm_car_ws/build/scservo_driver/build/lib/scservo_driver/scservo_sdk/packet_handler.py -> /home/shay/vlm_car/vlm_car_ws/install/scservo_driver/lib/python3.10/site-packages/scservo_driver/scservo_sdk
copying /home/shay/vlm_car/vlm_car_ws/build/scservo_driver/build/lib/scservo_driver/scservo_sdk/protocol_packet_handler.py -> /home/shay/vlm_car/vlm_car_ws/install/scservo_driver/lib/python3.10/site-packages/scservo_driver/scservo_sdk
copying /home/shay/vlm_car/vlm_car_ws/build/scservo_driver/build/lib/scservo_driver/scservo_sdk/scservo_def.py -> /home/shay/vlm_car/vlm_car_ws/install/scservo_driver/lib/python3.10/site-packages/scservo_driver/scservo_sdk
copying /home/shay/vlm_car/vlm_car_ws/build/scservo_driver/build/lib/scservo_driver/__init__.py -> /home/shay/vlm_car/vlm_car_ws/install/scservo_driver/lib/python3.10/site-packages/scservo_driver
copying /home/shay/vlm_car/vlm_car_ws/build/scservo_driver/build/lib/scservo_driver/scservo_controller.py -> /home/shay/vlm_car/vlm_car_ws/install/scservo_driver/lib/python3.10/site-packages/scservo_driver
copying /home/shay/vlm_car/vlm_car_ws/build/scservo_driver/build/lib/scservo_driver/integrated_vision_control.py -> /home/shay/vlm_car/vlm_car_ws/install/scservo_driver/lib/python3.10/site-packages/scservo_driver
copying /home/shay/vlm_car/vlm_car_ws/build/scservo_driver/build/lib/scservo_driver/track_to_obj_v4.py -> /home/shay/vlm_car/vlm_car_ws/install/scservo_driver/lib/python3.10/site-packages/scservo_driver
byte-compiling /home/shay/vlm_car/vlm_car_ws/install/scservo_driver/lib/python3.10/site-packages/scservo_driver/track_to_obj.py to track_to_obj.cpython-310.pyc
byte-compiling /home/shay/vlm_car/vlm_car_ws/install/scservo_driver/lib/python3.10/site-packages/scservo_driver/scservo_node.py to scservo_node.cpython-310.pyc
byte-compiling /home/shay/vlm_car/vlm_car_ws/install/scservo_driver/lib/python3.10/site-packages/scservo_driver/scservo_sdk/port_handler.py to port_handler.cpython-310.pyc
byte-compiling /home/shay/vlm_car/vlm_car_ws/install/scservo_driver/lib/python3.10/site-packages/scservo_driver/scservo_sdk/group_sync_read.py to group_sync_read.cpython-310.pyc
byte-compiling /home/shay/vlm_car/vlm_car_ws/install/scservo_driver/lib/python3.10/site-packages/scservo_driver/scservo_sdk/__init__.py to __init__.cpython-310.pyc
byte-compiling /home/shay/vlm_car/vlm_car_ws/install/scservo_driver/lib/python3.10/site-packages/scservo_driver/scservo_sdk/group_sync_write.py to group_sync_write.cpython-310.pyc
byte-compiling /home/shay/vlm_car/vlm_car_ws/install/scservo_driver/lib/python3.10/site-packages/scservo_driver/scservo_sdk/packet_handler.py to packet_handler.cpython-310.pyc
byte-compiling /home/shay/vlm_car/vlm_car_ws/install/scservo_driver/lib/python3.10/site-packages/scservo_driver/scservo_sdk/protocol_packet_handler.py to protocol_packet_handler.cpython-310.pyc
byte-compiling /home/shay/vlm_car/vlm_car_ws/install/scservo_driver/lib/python3.10/site-packages/scservo_driver/scservo_sdk/scservo_def.py to scservo_def.cpython-310.pyc
byte-compiling /home/shay/vlm_car/vlm_car_ws/install/scservo_driver/lib/python3.10/site-packages/scservo_driver/__init__.py to __init__.cpython-310.pyc
byte-compiling /home/shay/vlm_car/vlm_car_ws/install/scservo_driver/lib/python3.10/site-packages/scservo_driver/scservo_controller.py to scservo_controller.cpython-310.pyc
byte-compiling /home/shay/vlm_car/vlm_car_ws/install/scservo_driver/lib/python3.10/site-packages/scservo_driver/integrated_vision_control.py to integrated_vision_control.cpython-310.pyc
byte-compiling /home/shay/vlm_car/vlm_car_ws/install/scservo_driver/lib/python3.10/site-packages/scservo_driver/track_to_obj_v4.py to track_to_obj_v4.cpython-310.pyc
running install_data
creating /home/shay/vlm_car/vlm_car_ws/install/scservo_driver/share/ament_index/resource_index/packages
copying resource/scservo_driver -> /home/shay/vlm_car/vlm_car_ws/install/scservo_driver/share/ament_index/resource_index/packages
copying package.xml -> /home/shay/vlm_car/vlm_car_ws/install/scservo_driver/share/scservo_driver
creating /home/shay/vlm_car/vlm_car_ws/install/scservo_driver/share/scservo_driver/launch
copying launch/scservo_driver.launch.py -> /home/shay/vlm_car/vlm_car_ws/install/scservo_driver/share/scservo_driver/launch
running install_egg_info
Copying ../build/scservo_driver/scservo_driver.egg-info to /home/shay/vlm_car/vlm_car_ws/install/scservo_driver/lib/python3.10/site-packages/scservo_driver-0.0.1-py3.10.egg-info
running install_scripts
Installing integrated_vision_control script to /home/shay/vlm_car/vlm_car_ws/install/scservo_driver/lib/scservo_driver
Installing scservo_node script to /home/shay/vlm_car/vlm_car_ws/install/scservo_driver/lib/scservo_driver
Installing track_to_obj script to /home/shay/vlm_car/vlm_car_ws/install/scservo_driver/lib/scservo_driver
Installing track_to_obj_v4 script to /home/shay/vlm_car/vlm_car_ws/install/scservo_driver/lib/scservo_driver
writing list of installed files to '/home/shay/vlm_car/vlm_car_ws/build/scservo_driver/install.log'
