[0.514s] Invoking command in '/home/shay/vlm_car/vlm_car_ws/scservo_driver': CONDA_PROMPT_MODIFIER=(base) PYTHONPATH=/home/shay/vlm_car/vlm_car_ws/build/scservo_driver/prefix_override:/usr/lib/python3/dist-packages/colcon_core/task/python/colcon_distutils_commands:/home/shay/vlm_car/vlm_car_ws/install/scservo_driver/lib/python3.10/site-packages:${PYTHONPATH} /usr/bin/python3 -W ignore:setup.py install is deprecated -W ignore:easy_install command is deprecated setup.py egg_info --egg-base ../build/scservo_driver build --build-base /home/shay/vlm_car/vlm_car_ws/build/scservo_driver/build install --record /home/shay/vlm_car/vlm_car_ws/build/scservo_driver/install.log --single-version-externally-managed install_data
[0.618s] /home/shay/.local/lib/python3.10/site-packages/setuptools/_distutils/dist.py:270: UserWarning: Unknown distribution option: 'tests_require'
[0.618s]   warnings.warn(msg)
[0.668s] running egg_info
[0.676s] creating ../build/scservo_driver/scservo_driver.egg-info
[0.676s] writing ../build/scservo_driver/scservo_driver.egg-info/PKG-INFO
[0.676s] writing dependency_links to ../build/scservo_driver/scservo_driver.egg-info/dependency_links.txt
[0.677s] writing entry points to ../build/scservo_driver/scservo_driver.egg-info/entry_points.txt
[0.677s] writing requirements to ../build/scservo_driver/scservo_driver.egg-info/requires.txt
[0.677s] writing top-level names to ../build/scservo_driver/scservo_driver.egg-info/top_level.txt
[0.677s] writing manifest file '../build/scservo_driver/scservo_driver.egg-info/SOURCES.txt'
[0.694s] reading manifest file '../build/scservo_driver/scservo_driver.egg-info/SOURCES.txt'
[0.694s] writing manifest file '../build/scservo_driver/scservo_driver.egg-info/SOURCES.txt'
[0.695s] running build
[0.695s] running build_py
[0.695s] creating /home/shay/vlm_car/vlm_car_ws/build/scservo_driver/build/lib/scservo_driver
[0.695s] copying scservo_driver/track_to_obj.py -> /home/shay/vlm_car/vlm_car_ws/build/scservo_driver/build/lib/scservo_driver
[0.695s] copying scservo_driver/scservo_node.py -> /home/shay/vlm_car/vlm_car_ws/build/scservo_driver/build/lib/scservo_driver
[0.695s] copying scservo_driver/__init__.py -> /home/shay/vlm_car/vlm_car_ws/build/scservo_driver/build/lib/scservo_driver
[0.695s] copying scservo_driver/scservo_controller.py -> /home/shay/vlm_car/vlm_car_ws/build/scservo_driver/build/lib/scservo_driver
[0.695s] copying scservo_driver/integrated_vision_control.py -> /home/shay/vlm_car/vlm_car_ws/build/scservo_driver/build/lib/scservo_driver
[0.695s] copying scservo_driver/track_to_obj_v4.py -> /home/shay/vlm_car/vlm_car_ws/build/scservo_driver/build/lib/scservo_driver
[0.695s] creating /home/shay/vlm_car/vlm_car_ws/build/scservo_driver/build/lib/scservo_driver/scservo_sdk
[0.695s] copying scservo_driver/scservo_sdk/port_handler.py -> /home/shay/vlm_car/vlm_car_ws/build/scservo_driver/build/lib/scservo_driver/scservo_sdk
[0.695s] copying scservo_driver/scservo_sdk/group_sync_read.py -> /home/shay/vlm_car/vlm_car_ws/build/scservo_driver/build/lib/scservo_driver/scservo_sdk
[0.695s] copying scservo_driver/scservo_sdk/__init__.py -> /home/shay/vlm_car/vlm_car_ws/build/scservo_driver/build/lib/scservo_driver/scservo_sdk
[0.696s] copying scservo_driver/scservo_sdk/group_sync_write.py -> /home/shay/vlm_car/vlm_car_ws/build/scservo_driver/build/lib/scservo_driver/scservo_sdk
[0.696s] copying scservo_driver/scservo_sdk/packet_handler.py -> /home/shay/vlm_car/vlm_car_ws/build/scservo_driver/build/lib/scservo_driver/scservo_sdk
[0.696s] copying scservo_driver/scservo_sdk/protocol_packet_handler.py -> /home/shay/vlm_car/vlm_car_ws/build/scservo_driver/build/lib/scservo_driver/scservo_sdk
[0.696s] copying scservo_driver/scservo_sdk/scservo_def.py -> /home/shay/vlm_car/vlm_car_ws/build/scservo_driver/build/lib/scservo_driver/scservo_sdk
[0.696s] running install
[0.699s] running install_lib
[0.707s] creating /home/shay/vlm_car/vlm_car_ws/install/scservo_driver/lib/python3.10/site-packages/scservo_driver
[0.707s] copying /home/shay/vlm_car/vlm_car_ws/build/scservo_driver/build/lib/scservo_driver/track_to_obj.py -> /home/shay/vlm_car/vlm_car_ws/install/scservo_driver/lib/python3.10/site-packages/scservo_driver
[0.708s] copying /home/shay/vlm_car/vlm_car_ws/build/scservo_driver/build/lib/scservo_driver/scservo_node.py -> /home/shay/vlm_car/vlm_car_ws/install/scservo_driver/lib/python3.10/site-packages/scservo_driver
[0.708s] creating /home/shay/vlm_car/vlm_car_ws/install/scservo_driver/lib/python3.10/site-packages/scservo_driver/scservo_sdk
[0.708s] copying /home/shay/vlm_car/vlm_car_ws/build/scservo_driver/build/lib/scservo_driver/scservo_sdk/port_handler.py -> /home/shay/vlm_car/vlm_car_ws/install/scservo_driver/lib/python3.10/site-packages/scservo_driver/scservo_sdk
[0.708s] copying /home/shay/vlm_car/vlm_car_ws/build/scservo_driver/build/lib/scservo_driver/scservo_sdk/group_sync_read.py -> /home/shay/vlm_car/vlm_car_ws/install/scservo_driver/lib/python3.10/site-packages/scservo_driver/scservo_sdk
[0.708s] copying /home/shay/vlm_car/vlm_car_ws/build/scservo_driver/build/lib/scservo_driver/scservo_sdk/__init__.py -> /home/shay/vlm_car/vlm_car_ws/install/scservo_driver/lib/python3.10/site-packages/scservo_driver/scservo_sdk
[0.708s] copying /home/shay/vlm_car/vlm_car_ws/build/scservo_driver/build/lib/scservo_driver/scservo_sdk/group_sync_write.py -> /home/shay/vlm_car/vlm_car_ws/install/scservo_driver/lib/python3.10/site-packages/scservo_driver/scservo_sdk
[0.708s] copying /home/shay/vlm_car/vlm_car_ws/build/scservo_driver/build/lib/scservo_driver/scservo_sdk/packet_handler.py -> /home/shay/vlm_car/vlm_car_ws/install/scservo_driver/lib/python3.10/site-packages/scservo_driver/scservo_sdk
[0.708s] copying /home/shay/vlm_car/vlm_car_ws/build/scservo_driver/build/lib/scservo_driver/scservo_sdk/protocol_packet_handler.py -> /home/shay/vlm_car/vlm_car_ws/install/scservo_driver/lib/python3.10/site-packages/scservo_driver/scservo_sdk
[0.708s] copying /home/shay/vlm_car/vlm_car_ws/build/scservo_driver/build/lib/scservo_driver/scservo_sdk/scservo_def.py -> /home/shay/vlm_car/vlm_car_ws/install/scservo_driver/lib/python3.10/site-packages/scservo_driver/scservo_sdk
[0.708s] copying /home/shay/vlm_car/vlm_car_ws/build/scservo_driver/build/lib/scservo_driver/__init__.py -> /home/shay/vlm_car/vlm_car_ws/install/scservo_driver/lib/python3.10/site-packages/scservo_driver
[0.708s] copying /home/shay/vlm_car/vlm_car_ws/build/scservo_driver/build/lib/scservo_driver/scservo_controller.py -> /home/shay/vlm_car/vlm_car_ws/install/scservo_driver/lib/python3.10/site-packages/scservo_driver
[0.708s] copying /home/shay/vlm_car/vlm_car_ws/build/scservo_driver/build/lib/scservo_driver/integrated_vision_control.py -> /home/shay/vlm_car/vlm_car_ws/install/scservo_driver/lib/python3.10/site-packages/scservo_driver
[0.708s] copying /home/shay/vlm_car/vlm_car_ws/build/scservo_driver/build/lib/scservo_driver/track_to_obj_v4.py -> /home/shay/vlm_car/vlm_car_ws/install/scservo_driver/lib/python3.10/site-packages/scservo_driver
[0.709s] byte-compiling /home/shay/vlm_car/vlm_car_ws/install/scservo_driver/lib/python3.10/site-packages/scservo_driver/track_to_obj.py to track_to_obj.cpython-310.pyc
[0.710s] byte-compiling /home/shay/vlm_car/vlm_car_ws/install/scservo_driver/lib/python3.10/site-packages/scservo_driver/scservo_node.py to scservo_node.cpython-310.pyc
[0.712s] byte-compiling /home/shay/vlm_car/vlm_car_ws/install/scservo_driver/lib/python3.10/site-packages/scservo_driver/scservo_sdk/port_handler.py to port_handler.cpython-310.pyc
[0.712s] byte-compiling /home/shay/vlm_car/vlm_car_ws/install/scservo_driver/lib/python3.10/site-packages/scservo_driver/scservo_sdk/group_sync_read.py to group_sync_read.cpython-310.pyc
[0.713s] byte-compiling /home/shay/vlm_car/vlm_car_ws/install/scservo_driver/lib/python3.10/site-packages/scservo_driver/scservo_sdk/__init__.py to __init__.cpython-310.pyc
[0.713s] byte-compiling /home/shay/vlm_car/vlm_car_ws/install/scservo_driver/lib/python3.10/site-packages/scservo_driver/scservo_sdk/group_sync_write.py to group_sync_write.cpython-310.pyc
[0.713s] byte-compiling /home/shay/vlm_car/vlm_car_ws/install/scservo_driver/lib/python3.10/site-packages/scservo_driver/scservo_sdk/packet_handler.py to packet_handler.cpython-310.pyc
[0.713s] byte-compiling /home/shay/vlm_car/vlm_car_ws/install/scservo_driver/lib/python3.10/site-packages/scservo_driver/scservo_sdk/protocol_packet_handler.py to protocol_packet_handler.cpython-310.pyc
[0.715s] byte-compiling /home/shay/vlm_car/vlm_car_ws/install/scservo_driver/lib/python3.10/site-packages/scservo_driver/scservo_sdk/scservo_def.py to scservo_def.cpython-310.pyc
[0.715s] byte-compiling /home/shay/vlm_car/vlm_car_ws/install/scservo_driver/lib/python3.10/site-packages/scservo_driver/__init__.py to __init__.cpython-310.pyc
[0.715s] byte-compiling /home/shay/vlm_car/vlm_car_ws/install/scservo_driver/lib/python3.10/site-packages/scservo_driver/scservo_controller.py to scservo_controller.cpython-310.pyc
[0.716s] byte-compiling /home/shay/vlm_car/vlm_car_ws/install/scservo_driver/lib/python3.10/site-packages/scservo_driver/integrated_vision_control.py to integrated_vision_control.cpython-310.pyc
[0.717s] byte-compiling /home/shay/vlm_car/vlm_car_ws/install/scservo_driver/lib/python3.10/site-packages/scservo_driver/track_to_obj_v4.py to track_to_obj_v4.cpython-310.pyc
[0.720s] running install_data
[0.720s] creating /home/shay/vlm_car/vlm_car_ws/install/scservo_driver/share/ament_index/resource_index/packages
[0.720s] copying resource/scservo_driver -> /home/shay/vlm_car/vlm_car_ws/install/scservo_driver/share/ament_index/resource_index/packages
[0.720s] copying package.xml -> /home/shay/vlm_car/vlm_car_ws/install/scservo_driver/share/scservo_driver
[0.720s] creating /home/shay/vlm_car/vlm_car_ws/install/scservo_driver/share/scservo_driver/launch
[0.720s] copying launch/scservo_driver.launch.py -> /home/shay/vlm_car/vlm_car_ws/install/scservo_driver/share/scservo_driver/launch
[0.720s] running install_egg_info
[0.730s] Copying ../build/scservo_driver/scservo_driver.egg-info to /home/shay/vlm_car/vlm_car_ws/install/scservo_driver/lib/python3.10/site-packages/scservo_driver-0.0.1-py3.10.egg-info
[0.730s] running install_scripts
[0.803s] Installing integrated_vision_control script to /home/shay/vlm_car/vlm_car_ws/install/scservo_driver/lib/scservo_driver
[0.803s] Installing scservo_node script to /home/shay/vlm_car/vlm_car_ws/install/scservo_driver/lib/scservo_driver
[0.803s] Installing track_to_obj script to /home/shay/vlm_car/vlm_car_ws/install/scservo_driver/lib/scservo_driver
[0.803s] Installing track_to_obj_v4 script to /home/shay/vlm_car/vlm_car_ws/install/scservo_driver/lib/scservo_driver
[0.804s] writing list of installed files to '/home/shay/vlm_car/vlm_car_ws/build/scservo_driver/install.log'
[0.830s] Invoked command in '/home/shay/vlm_car/vlm_car_ws/scservo_driver' returned '0': CONDA_PROMPT_MODIFIER=(base) PYTHONPATH=/home/shay/vlm_car/vlm_car_ws/build/scservo_driver/prefix_override:/usr/lib/python3/dist-packages/colcon_core/task/python/colcon_distutils_commands:/home/shay/vlm_car/vlm_car_ws/install/scservo_driver/lib/python3.10/site-packages:${PYTHONPATH} /usr/bin/python3 -W ignore:setup.py install is deprecated -W ignore:easy_install command is deprecated setup.py egg_info --egg-base ../build/scservo_driver build --build-base /home/shay/vlm_car/vlm_car_ws/build/scservo_driver/build install --record /home/shay/vlm_car/vlm_car_ws/build/scservo_driver/install.log --single-version-externally-managed install_data
