[0.665s] DEBUG:colcon:Command line arguments: ['/usr/bin/colcon', 'build']
[0.666s] DEBUG:colcon:Parsed command line arguments: Namespace(log_base=None, log_level=None, verb_name='build', build_base='build', install_base='install', merge_install=False, symlink_install=False, test_result_base=None, continue_on_error=False, executor='parallel', parallel_workers=8, event_handlers=None, ignore_user_meta=False, metas=['./colcon.meta'], base_paths=['.'], packages_ignore=None, packages_ignore_regex=None, paths=None, packages_up_to=None, packages_up_to_regex=None, packages_above=None, packages_above_and_dependencies=None, packages_above_depth=None, packages_select_by_dep=None, packages_skip_by_dep=None, packages_skip_up_to=None, packages_select_build_failed=False, packages_skip_build_finished=False, packages_select_test_failures=False, packages_skip_test_passed=False, packages_select=None, packages_skip=None, packages_select_regex=None, packages_skip_regex=None, packages_start=None, packages_end=None, allow_overriding=[], cmake_args=None, cmake_target=None, cmake_target_skip_unavailable=False, cmake_clean_cache=False, cmake_clean_first=False, cmake_force_configure=False, ament_cmake_args=None, catkin_cmake_args=None, catkin_skip_building_tests=False, mixin_files=None, mixin=None, verb_parser=<colcon_mixin.mixin.mixin_argument.MixinArgumentDecorator object at 0xffff829ada20>, verb_extension=<colcon_core.verb.build.BuildVerb object at 0xffff829ad4b0>, main=<bound method BuildVerb.main of <colcon_core.verb.build.BuildVerb object at 0xffff829ad4b0>>, mixin_verb=('build',))
[1.885s] Level 1:colcon.colcon_core.package_discovery:discover_packages(colcon_meta) check parameters
[1.885s] Level 1:colcon.colcon_core.package_discovery:discover_packages(recursive) check parameters
[1.885s] Level 1:colcon.colcon_core.package_discovery:discover_packages(ignore) check parameters
[1.886s] Level 1:colcon.colcon_core.package_discovery:discover_packages(path) check parameters
[1.886s] Level 1:colcon.colcon_core.package_discovery:discover_packages(colcon_meta) discover
[1.886s] Level 1:colcon.colcon_core.package_discovery:discover_packages(recursive) discover
[1.886s] INFO:colcon.colcon_core.package_discovery:Crawling recursively for packages in '/home/sunrise/scservo_ws'
[1.887s] Level 1:colcon.colcon_core.package_identification:_identify(.) by extensions ['ignore', 'ignore_ament_install']
[1.887s] Level 1:colcon.colcon_core.package_identification:_identify(.) by extension 'ignore'
[1.888s] Level 1:colcon.colcon_core.package_identification:_identify(.) by extension 'ignore_ament_install'
[1.888s] Level 1:colcon.colcon_core.package_identification:_identify(.) by extensions ['colcon_pkg']
[1.888s] Level 1:colcon.colcon_core.package_identification:_identify(.) by extension 'colcon_pkg'
[1.888s] Level 1:colcon.colcon_core.package_identification:_identify(.) by extensions ['colcon_meta']
[1.889s] Level 1:colcon.colcon_core.package_identification:_identify(.) by extension 'colcon_meta'
[1.889s] Level 1:colcon.colcon_core.package_identification:_identify(.) by extensions ['ros']
[1.889s] Level 1:colcon.colcon_core.package_identification:_identify(.) by extension 'ros'
[1.955s] Level 1:colcon.colcon_core.package_identification:_identify(.) by extensions ['cmake', 'python']
[1.955s] Level 1:colcon.colcon_core.package_identification:_identify(.) by extension 'cmake'
[1.956s] Level 1:colcon.colcon_core.package_identification:_identify(.) by extension 'python'
[1.956s] Level 1:colcon.colcon_core.package_identification:_identify(.) by extensions ['python_setup_py']
[1.956s] Level 1:colcon.colcon_core.package_identification:_identify(.) by extension 'python_setup_py'
[1.957s] Level 1:colcon.colcon_core.package_identification:_identify(build) by extensions ['ignore', 'ignore_ament_install']
[1.958s] Level 1:colcon.colcon_core.package_identification:_identify(build) by extension 'ignore'
[1.958s] Level 1:colcon.colcon_core.package_identification:_identify(build) ignored
[1.959s] Level 1:colcon.colcon_core.package_identification:_identify(install) by extensions ['ignore', 'ignore_ament_install']
[1.959s] Level 1:colcon.colcon_core.package_identification:_identify(install) by extension 'ignore'
[1.959s] Level 1:colcon.colcon_core.package_identification:_identify(install) ignored
[1.960s] Level 1:colcon.colcon_core.package_identification:_identify(log) by extensions ['ignore', 'ignore_ament_install']
[1.961s] Level 1:colcon.colcon_core.package_identification:_identify(log) by extension 'ignore'
[1.961s] Level 1:colcon.colcon_core.package_identification:_identify(log) ignored
[1.961s] Level 1:colcon.colcon_core.package_identification:_identify(src) by extensions ['ignore', 'ignore_ament_install']
[1.962s] Level 1:colcon.colcon_core.package_identification:_identify(src) by extension 'ignore'
[1.962s] Level 1:colcon.colcon_core.package_identification:_identify(src) by extension 'ignore_ament_install'
[1.963s] Level 1:colcon.colcon_core.package_identification:_identify(src) by extensions ['colcon_pkg']
[1.963s] Level 1:colcon.colcon_core.package_identification:_identify(src) by extension 'colcon_pkg'
[1.963s] Level 1:colcon.colcon_core.package_identification:_identify(src) by extensions ['colcon_meta']
[1.963s] Level 1:colcon.colcon_core.package_identification:_identify(src) by extension 'colcon_meta'
[1.964s] Level 1:colcon.colcon_core.package_identification:_identify(src) by extensions ['ros']
[1.964s] Level 1:colcon.colcon_core.package_identification:_identify(src) by extension 'ros'
[1.964s] Level 1:colcon.colcon_core.package_identification:_identify(src) by extensions ['cmake', 'python']
[1.965s] Level 1:colcon.colcon_core.package_identification:_identify(src) by extension 'cmake'
[1.965s] Level 1:colcon.colcon_core.package_identification:_identify(src) by extension 'python'
[1.965s] Level 1:colcon.colcon_core.package_identification:_identify(src) by extensions ['python_setup_py']
[1.965s] Level 1:colcon.colcon_core.package_identification:_identify(src) by extension 'python_setup_py'
[1.966s] Level 1:colcon.colcon_core.package_identification:_identify(src/build) by extensions ['ignore', 'ignore_ament_install']
[1.967s] Level 1:colcon.colcon_core.package_identification:_identify(src/build) by extension 'ignore'
[1.967s] Level 1:colcon.colcon_core.package_identification:_identify(src/build) ignored
[1.967s] Level 1:colcon.colcon_core.package_identification:_identify(src/install) by extensions ['ignore', 'ignore_ament_install']
[1.968s] Level 1:colcon.colcon_core.package_identification:_identify(src/install) by extension 'ignore'
[1.968s] Level 1:colcon.colcon_core.package_identification:_identify(src/install) ignored
[1.969s] Level 1:colcon.colcon_core.package_identification:_identify(src/log) by extensions ['ignore', 'ignore_ament_install']
[1.969s] Level 1:colcon.colcon_core.package_identification:_identify(src/log) by extension 'ignore'
[1.969s] Level 1:colcon.colcon_core.package_identification:_identify(src/log) ignored
[1.970s] Level 1:colcon.colcon_core.package_identification:_identify(src/scservo_driver) by extensions ['ignore', 'ignore_ament_install']
[1.970s] Level 1:colcon.colcon_core.package_identification:_identify(src/scservo_driver) by extension 'ignore'
[1.970s] Level 1:colcon.colcon_core.package_identification:_identify(src/scservo_driver) by extension 'ignore_ament_install'
[1.971s] Level 1:colcon.colcon_core.package_identification:_identify(src/scservo_driver) by extensions ['colcon_pkg']
[1.971s] Level 1:colcon.colcon_core.package_identification:_identify(src/scservo_driver) by extension 'colcon_pkg'
[1.971s] Level 1:colcon.colcon_core.package_identification:_identify(src/scservo_driver) by extensions ['colcon_meta']
[1.971s] Level 1:colcon.colcon_core.package_identification:_identify(src/scservo_driver) by extension 'colcon_meta'
[1.972s] Level 1:colcon.colcon_core.package_identification:_identify(src/scservo_driver) by extensions ['ros']
[1.972s] Level 1:colcon.colcon_core.package_identification:_identify(src/scservo_driver) by extension 'ros'
[1.988s] DEBUG:colcon.colcon_core.package_identification:Package 'src/scservo_driver' with type 'ros.ament_python' and name 'scservo_driver'
[1.989s] Level 1:colcon.colcon_core.package_discovery:discover_packages(recursive) using defaults
[1.989s] Level 1:colcon.colcon_core.package_discovery:discover_packages(ignore) discover
[1.989s] Level 1:colcon.colcon_core.package_discovery:discover_packages(ignore) using defaults
[1.989s] Level 1:colcon.colcon_core.package_discovery:discover_packages(path) discover
[1.990s] Level 1:colcon.colcon_core.package_discovery:discover_packages(path) using defaults
[2.183s] Level 1:colcon.colcon_core.package_discovery:discover_packages(prefix_path) check parameters
[2.183s] Level 1:colcon.colcon_core.package_discovery:discover_packages(prefix_path) discover
[2.193s] DEBUG:colcon.colcon_installed_package_information.package_discovery:Found 1 installed packages in /home/sunrise/scservo_ws/install
[2.201s] DEBUG:colcon.colcon_installed_package_information.package_discovery:Found 310 installed packages in /opt/ros/humble
[2.214s] Level 1:colcon.colcon_core.package_discovery:discover_packages(prefix_path) using defaults
[2.505s] Level 5:colcon.colcon_core.verb:set package 'scservo_driver' build argument 'cmake_args' from command line to 'None'
[2.505s] Level 5:colcon.colcon_core.verb:set package 'scservo_driver' build argument 'cmake_target' from command line to 'None'
[2.506s] Level 5:colcon.colcon_core.verb:set package 'scservo_driver' build argument 'cmake_target_skip_unavailable' from command line to 'False'
[2.506s] Level 5:colcon.colcon_core.verb:set package 'scservo_driver' build argument 'cmake_clean_cache' from command line to 'False'
[2.506s] Level 5:colcon.colcon_core.verb:set package 'scservo_driver' build argument 'cmake_clean_first' from command line to 'False'
[2.506s] Level 5:colcon.colcon_core.verb:set package 'scservo_driver' build argument 'cmake_force_configure' from command line to 'False'
[2.506s] Level 5:colcon.colcon_core.verb:set package 'scservo_driver' build argument 'ament_cmake_args' from command line to 'None'
[2.507s] Level 5:colcon.colcon_core.verb:set package 'scservo_driver' build argument 'catkin_cmake_args' from command line to 'None'
[2.507s] Level 5:colcon.colcon_core.verb:set package 'scservo_driver' build argument 'catkin_skip_building_tests' from command line to 'False'
[2.507s] DEBUG:colcon.colcon_core.verb:Building package 'scservo_driver' with the following arguments: {'ament_cmake_args': None, 'build_base': '/home/sunrise/scservo_ws/build/scservo_driver', 'catkin_cmake_args': None, 'catkin_skip_building_tests': False, 'cmake_args': None, 'cmake_clean_cache': False, 'cmake_clean_first': False, 'cmake_force_configure': False, 'cmake_target': None, 'cmake_target_skip_unavailable': False, 'install_base': '/home/sunrise/scservo_ws/install/scservo_driver', 'merge_install': False, 'path': '/home/sunrise/scservo_ws/src/scservo_driver', 'symlink_install': False, 'test_result_base': None}
[2.508s] INFO:colcon.colcon_core.executor:Executing jobs using 'parallel' executor
[2.513s] DEBUG:colcon.colcon_parallel_executor.executor.parallel:run_until_complete
[2.514s] INFO:colcon.colcon_ros.task.ament_python.build:Building ROS package in '/home/sunrise/scservo_ws/src/scservo_driver' with build type 'ament_python'
[2.515s] Level 1:colcon.colcon_core.shell:create_environment_hook('scservo_driver', 'ament_prefix_path')
[2.525s] INFO:colcon.colcon_core.plugin_system:Skipping extension 'colcon_core.shell.bat': Not used on non-Windows systems
[2.526s] INFO:colcon.colcon_core.shell:Creating environment hook '/home/sunrise/scservo_ws/install/scservo_driver/share/scservo_driver/hook/ament_prefix_path.ps1'
[2.530s] INFO:colcon.colcon_core.shell:Creating environment descriptor '/home/sunrise/scservo_ws/install/scservo_driver/share/scservo_driver/hook/ament_prefix_path.dsv'
[2.532s] INFO:colcon.colcon_core.shell:Creating environment hook '/home/sunrise/scservo_ws/install/scservo_driver/share/scservo_driver/hook/ament_prefix_path.sh'
[2.537s] INFO:colcon.colcon_core.shell:Skip shell extension 'powershell' for command environment: Not usable outside of PowerShell
[2.538s] DEBUG:colcon.colcon_core.shell:Skip shell extension 'dsv' for command environment
[4.387s] INFO:colcon.colcon_core.task.python.build:Building Python package in '/home/sunrise/scservo_ws/src/scservo_driver'
[4.388s] INFO:colcon.colcon_core.shell:Skip shell extension 'powershell' for command environment: Not usable outside of PowerShell
[4.389s] DEBUG:colcon.colcon_core.shell:Skip shell extension 'dsv' for command environment
[6.806s] DEBUG:colcon.colcon_core.event_handler.log_command:Invoking command in '/home/sunrise/scservo_ws/src/scservo_driver': PYTHONPATH=/home/sunrise/scservo_ws/build/scservo_driver/prefix_override:/usr/lib/python3/dist-packages/colcon_core/task/python/colcon_distutils_commands:/home/sunrise/scservo_ws/install/scservo_driver/lib/python3.10/site-packages:${PYTHONPATH} /usr/bin/python3 -W ignore:setup.py install is deprecated -W ignore:easy_install command is deprecated setup.py egg_info --egg-base ../../build/scservo_driver build --build-base /home/sunrise/scservo_ws/build/scservo_driver/build install --record /home/sunrise/scservo_ws/build/scservo_driver/install.log --single-version-externally-managed install_data
[8.872s] DEBUG:colcon.colcon_core.event_handler.log_command:Invoked command in '/home/sunrise/scservo_ws/src/scservo_driver' returned '0': PYTHONPATH=/home/sunrise/scservo_ws/build/scservo_driver/prefix_override:/usr/lib/python3/dist-packages/colcon_core/task/python/colcon_distutils_commands:/home/sunrise/scservo_ws/install/scservo_driver/lib/python3.10/site-packages:${PYTHONPATH} /usr/bin/python3 -W ignore:setup.py install is deprecated -W ignore:easy_install command is deprecated setup.py egg_info --egg-base ../../build/scservo_driver build --build-base /home/sunrise/scservo_ws/build/scservo_driver/build install --record /home/sunrise/scservo_ws/build/scservo_driver/install.log --single-version-externally-managed install_data
[8.900s] Level 1:colcon.colcon_core.environment:checking '/home/sunrise/scservo_ws/install/scservo_driver' for CMake module files
[8.903s] Level 1:colcon.colcon_core.environment:checking '/home/sunrise/scservo_ws/install/scservo_driver' for CMake config files
[8.907s] Level 1:colcon.colcon_core.environment:checking '/home/sunrise/scservo_ws/install/scservo_driver/lib'
[8.909s] Level 1:colcon.colcon_core.environment:checking '/home/sunrise/scservo_ws/install/scservo_driver/bin'
[8.910s] Level 1:colcon.colcon_core.environment:checking '/home/sunrise/scservo_ws/install/scservo_driver/lib/pkgconfig/scservo_driver.pc'
[8.913s] Level 1:colcon.colcon_core.environment:checking '/home/sunrise/scservo_ws/install/scservo_driver/lib/python3.10/site-packages'
[8.913s] Level 1:colcon.colcon_core.shell:create_environment_hook('scservo_driver', 'pythonpath')
[8.917s] INFO:colcon.colcon_core.shell:Creating environment hook '/home/sunrise/scservo_ws/install/scservo_driver/share/scservo_driver/hook/pythonpath.ps1'
[8.920s] INFO:colcon.colcon_core.shell:Creating environment descriptor '/home/sunrise/scservo_ws/install/scservo_driver/share/scservo_driver/hook/pythonpath.dsv'
[8.922s] INFO:colcon.colcon_core.shell:Creating environment hook '/home/sunrise/scservo_ws/install/scservo_driver/share/scservo_driver/hook/pythonpath.sh'
[8.926s] Level 1:colcon.colcon_core.environment:checking '/home/sunrise/scservo_ws/install/scservo_driver/bin'
[8.927s] Level 1:colcon.colcon_core.environment:create_environment_scripts_only(scservo_driver)
[8.929s] INFO:colcon.colcon_core.shell:Creating package script '/home/sunrise/scservo_ws/install/scservo_driver/share/scservo_driver/package.ps1'
[8.935s] INFO:colcon.colcon_core.shell:Creating package descriptor '/home/sunrise/scservo_ws/install/scservo_driver/share/scservo_driver/package.dsv'
[8.939s] INFO:colcon.colcon_core.shell:Creating package script '/home/sunrise/scservo_ws/install/scservo_driver/share/scservo_driver/package.sh'
[8.945s] INFO:colcon.colcon_core.shell:Creating package script '/home/sunrise/scservo_ws/install/scservo_driver/share/scservo_driver/package.bash'
[8.950s] INFO:colcon.colcon_core.shell:Creating package script '/home/sunrise/scservo_ws/install/scservo_driver/share/scservo_driver/package.zsh'
[8.954s] Level 1:colcon.colcon_core.environment:create_file_with_runtime_dependencies(/home/sunrise/scservo_ws/install/scservo_driver/share/colcon-core/packages/scservo_driver)
[8.956s] DEBUG:colcon.colcon_parallel_executor.executor.parallel:closing loop
[8.957s] DEBUG:colcon.colcon_parallel_executor.executor.parallel:loop closed
[8.957s] DEBUG:colcon.colcon_parallel_executor.executor.parallel:run_until_complete finished with '0'
[8.958s] DEBUG:colcon.colcon_core.event_reactor:joining thread
[8.985s] INFO:colcon.colcon_core.plugin_system:Skipping extension 'colcon_notification.desktop_notification.terminal_notifier': Not used on non-Darwin systems
[8.985s] INFO:colcon.colcon_core.plugin_system:Skipping extension 'colcon_notification.desktop_notification.win32': Not used on non-Windows systems
[8.986s] INFO:colcon.colcon_notification.desktop_notification:Sending desktop notification using 'notify2'
[8.986s] DEBUG:colcon.colcon_notification.desktop_notification.notify2:Failed to initialize notify2: org.freedesktop.DBus.Error.NotSupported: Unable to autolaunch a dbus-daemon without a $DISPLAY for X11
[8.986s] DEBUG:colcon.colcon_core.event_reactor:joined thread
[8.988s] INFO:colcon.colcon_core.shell:Creating prefix script '/home/sunrise/scservo_ws/install/local_setup.ps1'
[8.995s] INFO:colcon.colcon_core.shell:Creating prefix util module '/home/sunrise/scservo_ws/install/_local_setup_util_ps1.py'
[9.006s] INFO:colcon.colcon_core.shell:Creating prefix chain script '/home/sunrise/scservo_ws/install/setup.ps1'
[9.013s] INFO:colcon.colcon_core.shell:Creating prefix script '/home/sunrise/scservo_ws/install/local_setup.sh'
[9.017s] INFO:colcon.colcon_core.shell:Creating prefix util module '/home/sunrise/scservo_ws/install/_local_setup_util_sh.py'
[9.021s] INFO:colcon.colcon_core.shell:Creating prefix chain script '/home/sunrise/scservo_ws/install/setup.sh'
[9.027s] INFO:colcon.colcon_core.shell:Creating prefix script '/home/sunrise/scservo_ws/install/local_setup.bash'
[9.031s] INFO:colcon.colcon_core.shell:Creating prefix chain script '/home/sunrise/scservo_ws/install/setup.bash'
[9.038s] INFO:colcon.colcon_core.shell:Creating prefix script '/home/sunrise/scservo_ws/install/local_setup.zsh'
[9.042s] INFO:colcon.colcon_core.shell:Creating prefix chain script '/home/sunrise/scservo_ws/install/setup.zsh'
