[5.041s] Invoking command in '/home/sunrise/scservo_ws/src/scservo_driver': PYTHONPATH=/home/sunrise/scservo_ws/build/scservo_driver/prefix_override:/usr/lib/python3/dist-packages/colcon_core/task/python/colcon_distutils_commands:/home/sunrise/scservo_ws/install/scservo_driver/lib/python3.10/site-packages:${PYTHONPATH} /usr/bin/python3 -W ignore:setup.py install is deprecated -W ignore:easy_install command is deprecated setup.py egg_info --egg-base ../../build/scservo_driver build --build-base /home/sunrise/scservo_ws/build/scservo_driver/build install --record /home/sunrise/scservo_ws/build/scservo_driver/install.log --single-version-externally-managed install_data
[7.059s] running egg_info
[7.065s] writing ../../build/scservo_driver/scservo_driver.egg-info/PKG-INFO
[7.066s] writing dependency_links to ../../build/scservo_driver/scservo_driver.egg-info/dependency_links.txt
[7.068s] writing entry points to ../../build/scservo_driver/scservo_driver.egg-info/entry_points.txt
[7.069s] writing requirements to ../../build/scservo_driver/scservo_driver.egg-info/requires.txt
[7.070s] writing top-level names to ../../build/scservo_driver/scservo_driver.egg-info/top_level.txt
[7.085s] reading manifest file '../../build/scservo_driver/scservo_driver.egg-info/SOURCES.txt'
[7.092s] writing manifest file '../../build/scservo_driver/scservo_driver.egg-info/SOURCES.txt'
[7.092s] running build
[7.093s] running build_py
[7.101s] running install
[7.103s] running install_lib
[7.118s] running install_data
[7.119s] running install_egg_info
[7.128s] removing '/home/sunrise/scservo_ws/install/scservo_driver/lib/python3.10/site-packages/scservo_driver-0.0.1-py3.10.egg-info' (and everything under it)
[7.130s] Copying ../../build/scservo_driver/scservo_driver.egg-info to /home/sunrise/scservo_ws/install/scservo_driver/lib/python3.10/site-packages/scservo_driver-0.0.1-py3.10.egg-info
[7.137s] running install_scripts
[7.265s] Installing integrated_vision_control script to /home/sunrise/scservo_ws/install/scservo_driver/lib/scservo_driver
[7.267s] Installing scservo_node script to /home/sunrise/scservo_ws/install/scservo_driver/lib/scservo_driver
[7.269s] Installing track_to_obj script to /home/sunrise/scservo_ws/install/scservo_driver/lib/scservo_driver
[7.274s] Installing track_to_obj_v2 script to /home/sunrise/scservo_ws/install/scservo_driver/lib/scservo_driver
[7.275s] Installing track_to_obj_v3 script to /home/sunrise/scservo_ws/install/scservo_driver/lib/scservo_driver
[7.276s] Installing track_to_obj_v4 script to /home/sunrise/scservo_ws/install/scservo_driver/lib/scservo_driver
[7.277s] Installing voice_control_track script to /home/sunrise/scservo_ws/install/scservo_driver/lib/scservo_driver
[7.282s] writing list of installed files to '/home/sunrise/scservo_ws/build/scservo_driver/install.log'
[7.524s] Invoked command in '/home/sunrise/scservo_ws/src/scservo_driver' returned '0': PYTHONPATH=/home/sunrise/scservo_ws/build/scservo_driver/prefix_override:/usr/lib/python3/dist-packages/colcon_core/task/python/colcon_distutils_commands:/home/sunrise/scservo_ws/install/scservo_driver/lib/python3.10/site-packages:${PYTHONPATH} /usr/bin/python3 -W ignore:setup.py install is deprecated -W ignore:easy_install command is deprecated setup.py egg_info --egg-base ../../build/scservo_driver build --build-base /home/sunrise/scservo_ws/build/scservo_driver/build install --record /home/sunrise/scservo_ws/build/scservo_driver/install.log --single-version-externally-managed install_data
