[0.759s] DEBUG:colcon:Command line arguments: ['/usr/bin/colcon', 'build']
[0.760s] DEBUG:colcon:Parsed command line arguments: Namespace(log_base=None, log_level=None, verb_name='build', build_base='build', install_base='install', merge_install=False, symlink_install=False, test_result_base=None, continue_on_error=False, executor='parallel', parallel_workers=8, event_handlers=None, ignore_user_meta=False, metas=['./colcon.meta'], base_paths=['.'], packages_ignore=None, packages_ignore_regex=None, paths=None, packages_up_to=None, packages_up_to_regex=None, packages_above=None, packages_above_and_dependencies=None, packages_above_depth=None, packages_select_by_dep=None, packages_skip_by_dep=None, packages_skip_up_to=None, packages_select_build_failed=False, packages_skip_build_finished=False, packages_select_test_failures=False, packages_skip_test_passed=False, packages_select=None, packages_skip=None, packages_select_regex=None, packages_skip_regex=None, packages_start=None, packages_end=None, allow_overriding=[], cmake_args=None, cmake_target=None, cmake_target_skip_unavailable=False, cmake_clean_cache=False, cmake_clean_first=False, cmake_force_configure=False, ament_cmake_args=None, catkin_cmake_args=None, catkin_skip_building_tests=False, mixin_files=None, mixin=None, verb_parser=<colcon_mixin.mixin.mixin_argument.MixinArgumentDecorator object at 0xffffaa9319f0>, verb_extension=<colcon_core.verb.build.BuildVerb object at 0xffffaa931480>, main=<bound method BuildVerb.main of <colcon_core.verb.build.BuildVerb object at 0xffffaa931480>>, mixin_verb=('build',))
[2.077s] Level 1:colcon.colcon_core.package_discovery:discover_packages(colcon_meta) check parameters
[2.077s] Level 1:colcon.colcon_core.package_discovery:discover_packages(recursive) check parameters
[2.078s] Level 1:colcon.colcon_core.package_discovery:discover_packages(ignore) check parameters
[2.078s] Level 1:colcon.colcon_core.package_discovery:discover_packages(path) check parameters
[2.078s] Level 1:colcon.colcon_core.package_discovery:discover_packages(colcon_meta) discover
[2.078s] Level 1:colcon.colcon_core.package_discovery:discover_packages(recursive) discover
[2.079s] INFO:colcon.colcon_core.package_discovery:Crawling recursively for packages in '/home/sunrise/scservo_ws'
[2.079s] Level 1:colcon.colcon_core.package_identification:_identify(.) by extensions ['ignore', 'ignore_ament_install']
[2.080s] Level 1:colcon.colcon_core.package_identification:_identify(.) by extension 'ignore'
[2.080s] Level 1:colcon.colcon_core.package_identification:_identify(.) by extension 'ignore_ament_install'
[2.081s] Level 1:colcon.colcon_core.package_identification:_identify(.) by extensions ['colcon_pkg']
[2.081s] Level 1:colcon.colcon_core.package_identification:_identify(.) by extension 'colcon_pkg'
[2.081s] Level 1:colcon.colcon_core.package_identification:_identify(.) by extensions ['colcon_meta']
[2.081s] Level 1:colcon.colcon_core.package_identification:_identify(.) by extension 'colcon_meta'
[2.081s] Level 1:colcon.colcon_core.package_identification:_identify(.) by extensions ['ros']
[2.082s] Level 1:colcon.colcon_core.package_identification:_identify(.) by extension 'ros'
[2.154s] Level 1:colcon.colcon_core.package_identification:_identify(.) by extensions ['cmake', 'python']
[2.155s] Level 1:colcon.colcon_core.package_identification:_identify(.) by extension 'cmake'
[2.155s] Level 1:colcon.colcon_core.package_identification:_identify(.) by extension 'python'
[2.156s] Level 1:colcon.colcon_core.package_identification:_identify(.) by extensions ['python_setup_py']
[2.156s] Level 1:colcon.colcon_core.package_identification:_identify(.) by extension 'python_setup_py'
[2.163s] Level 1:colcon.colcon_core.package_identification:_identify(build) by extensions ['ignore', 'ignore_ament_install']
[2.164s] Level 1:colcon.colcon_core.package_identification:_identify(build) by extension 'ignore'
[2.165s] Level 1:colcon.colcon_core.package_identification:_identify(build) ignored
[2.166s] Level 1:colcon.colcon_core.package_identification:_identify(install) by extensions ['ignore', 'ignore_ament_install']
[2.167s] Level 1:colcon.colcon_core.package_identification:_identify(install) by extension 'ignore'
[2.167s] Level 1:colcon.colcon_core.package_identification:_identify(install) ignored
[2.168s] Level 1:colcon.colcon_core.package_identification:_identify(log) by extensions ['ignore', 'ignore_ament_install']
[2.169s] Level 1:colcon.colcon_core.package_identification:_identify(log) by extension 'ignore'
[2.169s] Level 1:colcon.colcon_core.package_identification:_identify(log) ignored
[2.169s] Level 1:colcon.colcon_core.package_identification:_identify(src) by extensions ['ignore', 'ignore_ament_install']
[2.170s] Level 1:colcon.colcon_core.package_identification:_identify(src) by extension 'ignore'
[2.170s] Level 1:colcon.colcon_core.package_identification:_identify(src) by extension 'ignore_ament_install'
[2.170s] Level 1:colcon.colcon_core.package_identification:_identify(src) by extensions ['colcon_pkg']
[2.171s] Level 1:colcon.colcon_core.package_identification:_identify(src) by extension 'colcon_pkg'
[2.171s] Level 1:colcon.colcon_core.package_identification:_identify(src) by extensions ['colcon_meta']
[2.171s] Level 1:colcon.colcon_core.package_identification:_identify(src) by extension 'colcon_meta'
[2.171s] Level 1:colcon.colcon_core.package_identification:_identify(src) by extensions ['ros']
[2.172s] Level 1:colcon.colcon_core.package_identification:_identify(src) by extension 'ros'
[2.172s] Level 1:colcon.colcon_core.package_identification:_identify(src) by extensions ['cmake', 'python']
[2.172s] Level 1:colcon.colcon_core.package_identification:_identify(src) by extension 'cmake'
[2.173s] Level 1:colcon.colcon_core.package_identification:_identify(src) by extension 'python'
[2.173s] Level 1:colcon.colcon_core.package_identification:_identify(src) by extensions ['python_setup_py']
[2.173s] Level 1:colcon.colcon_core.package_identification:_identify(src) by extension 'python_setup_py'
[2.174s] Level 1:colcon.colcon_core.package_identification:_identify(src/build) by extensions ['ignore', 'ignore_ament_install']
[2.174s] Level 1:colcon.colcon_core.package_identification:_identify(src/build) by extension 'ignore'
[2.175s] Level 1:colcon.colcon_core.package_identification:_identify(src/build) ignored
[2.175s] Level 1:colcon.colcon_core.package_identification:_identify(src/install) by extensions ['ignore', 'ignore_ament_install']
[2.176s] Level 1:colcon.colcon_core.package_identification:_identify(src/install) by extension 'ignore'
[2.176s] Level 1:colcon.colcon_core.package_identification:_identify(src/install) ignored
[2.177s] Level 1:colcon.colcon_core.package_identification:_identify(src/log) by extensions ['ignore', 'ignore_ament_install']
[2.177s] Level 1:colcon.colcon_core.package_identification:_identify(src/log) by extension 'ignore'
[2.177s] Level 1:colcon.colcon_core.package_identification:_identify(src/log) ignored
[2.178s] Level 1:colcon.colcon_core.package_identification:_identify(src/scservo_driver) by extensions ['ignore', 'ignore_ament_install']
[2.178s] Level 1:colcon.colcon_core.package_identification:_identify(src/scservo_driver) by extension 'ignore'
[2.179s] Level 1:colcon.colcon_core.package_identification:_identify(src/scservo_driver) by extension 'ignore_ament_install'
[2.179s] Level 1:colcon.colcon_core.package_identification:_identify(src/scservo_driver) by extensions ['colcon_pkg']
[2.179s] Level 1:colcon.colcon_core.package_identification:_identify(src/scservo_driver) by extension 'colcon_pkg'
[2.179s] Level 1:colcon.colcon_core.package_identification:_identify(src/scservo_driver) by extensions ['colcon_meta']
[2.180s] Level 1:colcon.colcon_core.package_identification:_identify(src/scservo_driver) by extension 'colcon_meta'
[2.180s] Level 1:colcon.colcon_core.package_identification:_identify(src/scservo_driver) by extensions ['ros']
[2.180s] Level 1:colcon.colcon_core.package_identification:_identify(src/scservo_driver) by extension 'ros'
[2.200s] DEBUG:colcon.colcon_core.package_identification:Package 'src/scservo_driver' with type 'ros.ament_python' and name 'scservo_driver'
[2.200s] Level 1:colcon.colcon_core.package_discovery:discover_packages(recursive) using defaults
[2.200s] Level 1:colcon.colcon_core.package_discovery:discover_packages(ignore) discover
[2.201s] Level 1:colcon.colcon_core.package_discovery:discover_packages(ignore) using defaults
[2.201s] Level 1:colcon.colcon_core.package_discovery:discover_packages(path) discover
[2.201s] Level 1:colcon.colcon_core.package_discovery:discover_packages(path) using defaults
[2.436s] Level 1:colcon.colcon_core.package_discovery:discover_packages(prefix_path) check parameters
[2.436s] Level 1:colcon.colcon_core.package_discovery:discover_packages(prefix_path) discover
[2.449s] DEBUG:colcon.colcon_installed_package_information.package_discovery:Found 1 installed packages in /home/sunrise/scservo_ws/install
[2.461s] DEBUG:colcon.colcon_installed_package_information.package_discovery:Found 310 installed packages in /opt/ros/humble
[2.476s] Level 1:colcon.colcon_core.package_discovery:discover_packages(prefix_path) using defaults
[2.815s] Level 5:colcon.colcon_core.verb:set package 'scservo_driver' build argument 'cmake_args' from command line to 'None'
[2.816s] Level 5:colcon.colcon_core.verb:set package 'scservo_driver' build argument 'cmake_target' from command line to 'None'
[2.816s] Level 5:colcon.colcon_core.verb:set package 'scservo_driver' build argument 'cmake_target_skip_unavailable' from command line to 'False'
[2.816s] Level 5:colcon.colcon_core.verb:set package 'scservo_driver' build argument 'cmake_clean_cache' from command line to 'False'
[2.817s] Level 5:colcon.colcon_core.verb:set package 'scservo_driver' build argument 'cmake_clean_first' from command line to 'False'
[2.817s] Level 5:colcon.colcon_core.verb:set package 'scservo_driver' build argument 'cmake_force_configure' from command line to 'False'
[2.817s] Level 5:colcon.colcon_core.verb:set package 'scservo_driver' build argument 'ament_cmake_args' from command line to 'None'
[2.817s] Level 5:colcon.colcon_core.verb:set package 'scservo_driver' build argument 'catkin_cmake_args' from command line to 'None'
[2.817s] Level 5:colcon.colcon_core.verb:set package 'scservo_driver' build argument 'catkin_skip_building_tests' from command line to 'False'
[2.818s] DEBUG:colcon.colcon_core.verb:Building package 'scservo_driver' with the following arguments: {'ament_cmake_args': None, 'build_base': '/home/sunrise/scservo_ws/build/scservo_driver', 'catkin_cmake_args': None, 'catkin_skip_building_tests': False, 'cmake_args': None, 'cmake_clean_cache': False, 'cmake_clean_first': False, 'cmake_force_configure': False, 'cmake_target': None, 'cmake_target_skip_unavailable': False, 'install_base': '/home/sunrise/scservo_ws/install/scservo_driver', 'merge_install': False, 'path': '/home/sunrise/scservo_ws/src/scservo_driver', 'symlink_install': False, 'test_result_base': None}
[2.819s] INFO:colcon.colcon_core.executor:Executing jobs using 'parallel' executor
[2.826s] DEBUG:colcon.colcon_parallel_executor.executor.parallel:run_until_complete
[2.827s] INFO:colcon.colcon_ros.task.ament_python.build:Building ROS package in '/home/sunrise/scservo_ws/src/scservo_driver' with build type 'ament_python'
[2.828s] Level 1:colcon.colcon_core.shell:create_environment_hook('scservo_driver', 'ament_prefix_path')
[2.844s] INFO:colcon.colcon_core.plugin_system:Skipping extension 'colcon_core.shell.bat': Not used on non-Windows systems
[2.845s] INFO:colcon.colcon_core.shell:Creating environment hook '/home/sunrise/scservo_ws/install/scservo_driver/share/scservo_driver/hook/ament_prefix_path.ps1'
[2.849s] INFO:colcon.colcon_core.shell:Creating environment descriptor '/home/sunrise/scservo_ws/install/scservo_driver/share/scservo_driver/hook/ament_prefix_path.dsv'
[2.853s] INFO:colcon.colcon_core.shell:Creating environment hook '/home/sunrise/scservo_ws/install/scservo_driver/share/scservo_driver/hook/ament_prefix_path.sh'
[2.859s] INFO:colcon.colcon_core.shell:Skip shell extension 'powershell' for command environment: Not usable outside of PowerShell
[2.859s] DEBUG:colcon.colcon_core.shell:Skip shell extension 'dsv' for command environment
[5.326s] INFO:colcon.colcon_core.task.python.build:Building Python package in '/home/sunrise/scservo_ws/src/scservo_driver'
[5.328s] INFO:colcon.colcon_core.shell:Skip shell extension 'powershell' for command environment: Not usable outside of PowerShell
[5.328s] DEBUG:colcon.colcon_core.shell:Skip shell extension 'dsv' for command environment
[7.921s] DEBUG:colcon.colcon_core.event_handler.log_command:Invoking command in '/home/sunrise/scservo_ws/src/scservo_driver': PYTHONPATH=/home/sunrise/scservo_ws/build/scservo_driver/prefix_override:/usr/lib/python3/dist-packages/colcon_core/task/python/colcon_distutils_commands:/home/sunrise/scservo_ws/install/scservo_driver/lib/python3.10/site-packages:${PYTHONPATH} /usr/bin/python3 -W ignore:setup.py install is deprecated -W ignore:easy_install command is deprecated setup.py egg_info --egg-base ../../build/scservo_driver build --build-base /home/sunrise/scservo_ws/build/scservo_driver/build install --record /home/sunrise/scservo_ws/build/scservo_driver/install.log --single-version-externally-managed install_data
[10.066s] Level 1:colcon.colcon_core.environment:checking '/home/sunrise/scservo_ws/install/scservo_driver' for CMake module files
[10.067s] DEBUG:colcon.colcon_core.event_handler.log_command:Invoked command in '/home/sunrise/scservo_ws/src/scservo_driver' returned '0': PYTHONPATH=/home/sunrise/scservo_ws/build/scservo_driver/prefix_override:/usr/lib/python3/dist-packages/colcon_core/task/python/colcon_distutils_commands:/home/sunrise/scservo_ws/install/scservo_driver/lib/python3.10/site-packages:${PYTHONPATH} /usr/bin/python3 -W ignore:setup.py install is deprecated -W ignore:easy_install command is deprecated setup.py egg_info --egg-base ../../build/scservo_driver build --build-base /home/sunrise/scservo_ws/build/scservo_driver/build install --record /home/sunrise/scservo_ws/build/scservo_driver/install.log --single-version-externally-managed install_data
[10.073s] Level 1:colcon.colcon_core.environment:checking '/home/sunrise/scservo_ws/install/scservo_driver' for CMake config files
[10.077s] Level 1:colcon.colcon_core.environment:checking '/home/sunrise/scservo_ws/install/scservo_driver/lib'
[10.079s] Level 1:colcon.colcon_core.environment:checking '/home/sunrise/scservo_ws/install/scservo_driver/bin'
[10.079s] Level 1:colcon.colcon_core.environment:checking '/home/sunrise/scservo_ws/install/scservo_driver/lib/pkgconfig/scservo_driver.pc'
[10.081s] Level 1:colcon.colcon_core.environment:checking '/home/sunrise/scservo_ws/install/scservo_driver/lib/python3.10/site-packages'
[10.081s] Level 1:colcon.colcon_core.shell:create_environment_hook('scservo_driver', 'pythonpath')
[10.083s] INFO:colcon.colcon_core.shell:Creating environment hook '/home/sunrise/scservo_ws/install/scservo_driver/share/scservo_driver/hook/pythonpath.ps1'
[10.086s] INFO:colcon.colcon_core.shell:Creating environment descriptor '/home/sunrise/scservo_ws/install/scservo_driver/share/scservo_driver/hook/pythonpath.dsv'
[10.089s] INFO:colcon.colcon_core.shell:Creating environment hook '/home/sunrise/scservo_ws/install/scservo_driver/share/scservo_driver/hook/pythonpath.sh'
[10.094s] Level 1:colcon.colcon_core.environment:checking '/home/sunrise/scservo_ws/install/scservo_driver/bin'
[10.094s] Level 1:colcon.colcon_core.environment:create_environment_scripts_only(scservo_driver)
[10.097s] INFO:colcon.colcon_core.shell:Creating package script '/home/sunrise/scservo_ws/install/scservo_driver/share/scservo_driver/package.ps1'
[10.104s] INFO:colcon.colcon_core.shell:Creating package descriptor '/home/sunrise/scservo_ws/install/scservo_driver/share/scservo_driver/package.dsv'
[10.109s] INFO:colcon.colcon_core.shell:Creating package script '/home/sunrise/scservo_ws/install/scservo_driver/share/scservo_driver/package.sh'
[10.115s] INFO:colcon.colcon_core.shell:Creating package script '/home/sunrise/scservo_ws/install/scservo_driver/share/scservo_driver/package.bash'
[10.121s] INFO:colcon.colcon_core.shell:Creating package script '/home/sunrise/scservo_ws/install/scservo_driver/share/scservo_driver/package.zsh'
[10.126s] Level 1:colcon.colcon_core.environment:create_file_with_runtime_dependencies(/home/sunrise/scservo_ws/install/scservo_driver/share/colcon-core/packages/scservo_driver)
[10.131s] DEBUG:colcon.colcon_parallel_executor.executor.parallel:closing loop
[10.132s] DEBUG:colcon.colcon_parallel_executor.executor.parallel:loop closed
[10.133s] DEBUG:colcon.colcon_parallel_executor.executor.parallel:run_until_complete finished with '0'
[10.133s] DEBUG:colcon.colcon_core.event_reactor:joining thread
[10.165s] INFO:colcon.colcon_core.plugin_system:Skipping extension 'colcon_notification.desktop_notification.terminal_notifier': Not used on non-Darwin systems
[10.166s] INFO:colcon.colcon_core.plugin_system:Skipping extension 'colcon_notification.desktop_notification.win32': Not used on non-Windows systems
[10.166s] INFO:colcon.colcon_notification.desktop_notification:Sending desktop notification using 'notify2'
[10.167s] DEBUG:colcon.colcon_notification.desktop_notification.notify2:Failed to initialize notify2: org.freedesktop.DBus.Error.NotSupported: Unable to autolaunch a dbus-daemon without a $DISPLAY for X11
[10.167s] DEBUG:colcon.colcon_core.event_reactor:joined thread
[10.169s] INFO:colcon.colcon_core.shell:Creating prefix script '/home/sunrise/scservo_ws/install/local_setup.ps1'
[10.176s] INFO:colcon.colcon_core.shell:Creating prefix util module '/home/sunrise/scservo_ws/install/_local_setup_util_ps1.py'
[10.185s] INFO:colcon.colcon_core.shell:Creating prefix chain script '/home/sunrise/scservo_ws/install/setup.ps1'
[10.191s] INFO:colcon.colcon_core.shell:Creating prefix script '/home/sunrise/scservo_ws/install/local_setup.sh'
[10.195s] INFO:colcon.colcon_core.shell:Creating prefix util module '/home/sunrise/scservo_ws/install/_local_setup_util_sh.py'
[10.199s] INFO:colcon.colcon_core.shell:Creating prefix chain script '/home/sunrise/scservo_ws/install/setup.sh'
[10.205s] INFO:colcon.colcon_core.shell:Creating prefix script '/home/sunrise/scservo_ws/install/local_setup.bash'
[10.209s] INFO:colcon.colcon_core.shell:Creating prefix chain script '/home/sunrise/scservo_ws/install/setup.bash'
[10.215s] INFO:colcon.colcon_core.shell:Creating prefix script '/home/sunrise/scservo_ws/install/local_setup.zsh'
[10.219s] INFO:colcon.colcon_core.shell:Creating prefix chain script '/home/sunrise/scservo_ws/install/setup.zsh'
