[5.696s] Invoking command in '/home/sunrise/scservo_ws/src/scservo_driver': PYTHONPATH=/home/sunrise/scservo_ws/build/scservo_driver/prefix_override:/usr/lib/python3/dist-packages/colcon_core/task/python/colcon_distutils_commands:/home/sunrise/scservo_ws/install/scservo_driver/lib/python3.10/site-packages:${PYTHONPATH} /usr/bin/python3 -W ignore:setup.py install is deprecated -W ignore:easy_install command is deprecated setup.py egg_info --egg-base ../../build/scservo_driver build --build-base /home/sunrise/scservo_ws/build/scservo_driver/build install --record /home/sunrise/scservo_ws/build/scservo_driver/install.log --single-version-externally-managed install_data
[7.229s] running egg_info
[7.234s] writing ../../build/scservo_driver/scservo_driver.egg-info/PKG-INFO
[7.235s] writing dependency_links to ../../build/scservo_driver/scservo_driver.egg-info/dependency_links.txt
[7.236s] writing entry points to ../../build/scservo_driver/scservo_driver.egg-info/entry_points.txt
[7.236s] writing requirements to ../../build/scservo_driver/scservo_driver.egg-info/requires.txt
[7.237s] writing top-level names to ../../build/scservo_driver/scservo_driver.egg-info/top_level.txt
[7.248s] reading manifest file '../../build/scservo_driver/scservo_driver.egg-info/SOURCES.txt'
[7.254s] writing manifest file '../../build/scservo_driver/scservo_driver.egg-info/SOURCES.txt'
[7.255s] running build
[7.256s] running build_py
[7.260s] running install
[7.262s] running install_lib
[7.271s] running install_data
[7.271s] running install_egg_info
[7.281s] removing '/home/sunrise/scservo_ws/install/scservo_driver/lib/python3.10/site-packages/scservo_driver-0.0.1-py3.10.egg-info' (and everything under it)
[7.282s] Copying ../../build/scservo_driver/scservo_driver.egg-info to /home/sunrise/scservo_ws/install/scservo_driver/lib/python3.10/site-packages/scservo_driver-0.0.1-py3.10.egg-info
[7.287s] running install_scripts
[7.403s] Installing scservo_node script to /home/sunrise/scservo_ws/install/scservo_driver/lib/scservo_driver
[7.406s] writing list of installed files to '/home/sunrise/scservo_ws/build/scservo_driver/install.log'
[7.610s] Invoked command in '/home/sunrise/scservo_ws/src/scservo_driver' returned '0': PYTHONPATH=/home/sunrise/scservo_ws/build/scservo_driver/prefix_override:/usr/lib/python3/dist-packages/colcon_core/task/python/colcon_distutils_commands:/home/sunrise/scservo_ws/install/scservo_driver/lib/python3.10/site-packages:${PYTHONPATH} /usr/bin/python3 -W ignore:setup.py install is deprecated -W ignore:easy_install command is deprecated setup.py egg_info --egg-base ../../build/scservo_driver build --build-base /home/sunrise/scservo_ws/build/scservo_driver/build install --record /home/sunrise/scservo_ws/build/scservo_driver/install.log --single-version-externally-managed install_data
