[4.220s] Invoking command in '/home/sunrise/scservo_ws/src/scservo_driver': PYTHONPATH=/home/sunrise/scservo_ws/build/scservo_driver/prefix_override:/usr/lib/python3/dist-packages/colcon_core/task/python/colcon_distutils_commands:/home/sunrise/scservo_ws/install/scservo_driver/lib/python3.10/site-packages:${PYTHONPATH} /usr/bin/python3 -W ignore:setup.py install is deprecated -W ignore:easy_install command is deprecated setup.py egg_info --egg-base ../../build/scservo_driver build --build-base /home/sunrise/scservo_ws/build/scservo_driver/build install --record /home/sunrise/scservo_ws/build/scservo_driver/install.log --single-version-externally-managed install_data
[5.838s] running egg_info
[5.842s] writing ../../build/scservo_driver/scservo_driver.egg-info/PKG-INFO
[5.843s] writing dependency_links to ../../build/scservo_driver/scservo_driver.egg-info/dependency_links.txt
[5.844s] writing entry points to ../../build/scservo_driver/scservo_driver.egg-info/entry_points.txt
[5.845s] writing requirements to ../../build/scservo_driver/scservo_driver.egg-info/requires.txt
[5.845s] writing top-level names to ../../build/scservo_driver/scservo_driver.egg-info/top_level.txt
[5.857s] reading manifest file '../../build/scservo_driver/scservo_driver.egg-info/SOURCES.txt'
[5.863s] writing manifest file '../../build/scservo_driver/scservo_driver.egg-info/SOURCES.txt'
[5.864s] running build
[5.864s] running build_py
[5.865s] copying scservo_driver/usb_camera_node.py -> /home/sunrise/scservo_ws/build/scservo_driver/build/lib/scservo_driver
[5.866s] copying scservo_driver/improved_vision_control.py -> /home/sunrise/scservo_ws/build/scservo_driver/build/lib/scservo_driver
[5.871s] running install
[5.872s] running install_lib
[5.877s] copying /home/sunrise/scservo_ws/build/scservo_driver/build/lib/scservo_driver/usb_camera_node.py -> /home/sunrise/scservo_ws/install/scservo_driver/lib/python3.10/site-packages/scservo_driver
[5.879s] copying /home/sunrise/scservo_ws/build/scservo_driver/build/lib/scservo_driver/improved_vision_control.py -> /home/sunrise/scservo_ws/install/scservo_driver/lib/python3.10/site-packages/scservo_driver
[5.882s] byte-compiling /home/sunrise/scservo_ws/install/scservo_driver/lib/python3.10/site-packages/scservo_driver/usb_camera_node.py to usb_camera_node.cpython-310.pyc
[5.888s] byte-compiling /home/sunrise/scservo_ws/install/scservo_driver/lib/python3.10/site-packages/scservo_driver/improved_vision_control.py to improved_vision_control.cpython-310.pyc
[5.894s] running install_data
[5.895s] copying package.xml -> /home/sunrise/scservo_ws/install/scservo_driver/share/scservo_driver
[5.896s] running install_egg_info
[5.905s] removing '/home/sunrise/scservo_ws/install/scservo_driver/lib/python3.10/site-packages/scservo_driver-0.0.1-py3.10.egg-info' (and everything under it)
[5.906s] Copying ../../build/scservo_driver/scservo_driver.egg-info to /home/sunrise/scservo_ws/install/scservo_driver/lib/python3.10/site-packages/scservo_driver-0.0.1-py3.10.egg-info
[5.911s] running install_scripts
[6.020s] Installing improved_vision_control script to /home/sunrise/scservo_ws/install/scservo_driver/lib/scservo_driver
[6.021s] Installing scservo_node script to /home/sunrise/scservo_ws/install/scservo_driver/lib/scservo_driver
[6.022s] Installing usb_camera_node script to /home/sunrise/scservo_ws/install/scservo_driver/lib/scservo_driver
[6.024s] writing list of installed files to '/home/sunrise/scservo_ws/build/scservo_driver/install.log'
[6.231s] Invoked command in '/home/sunrise/scservo_ws/src/scservo_driver' returned '0': PYTHONPATH=/home/sunrise/scservo_ws/build/scservo_driver/prefix_override:/usr/lib/python3/dist-packages/colcon_core/task/python/colcon_distutils_commands:/home/sunrise/scservo_ws/install/scservo_driver/lib/python3.10/site-packages:${PYTHONPATH} /usr/bin/python3 -W ignore:setup.py install is deprecated -W ignore:easy_install command is deprecated setup.py egg_info --egg-base ../../build/scservo_driver build --build-base /home/sunrise/scservo_ws/build/scservo_driver/build install --record /home/sunrise/scservo_ws/build/scservo_driver/install.log --single-version-externally-managed install_data
