[4.895s] Invoking command in '/home/sunrise/scservo_ws/src/scservo_driver': PYTHONPATH=/home/sunrise/scservo_ws/build/scservo_driver/prefix_override:/usr/lib/python3/dist-packages/colcon_core/task/python/colcon_distutils_commands:/home/sunrise/scservo_ws/install/scservo_driver/lib/python3.10/site-packages:${PYTHONPATH} /usr/bin/python3 -W ignore:setup.py install is deprecated -W ignore:easy_install command is deprecated setup.py egg_info --egg-base ../../build/scservo_driver build --build-base /home/sunrise/scservo_ws/build/scservo_driver/build install --record /home/sunrise/scservo_ws/build/scservo_driver/install.log --single-version-externally-managed install_data
[7.508s] running egg_info
[7.524s] writing ../../build/scservo_driver/scservo_driver.egg-info/PKG-INFO
[7.527s] writing dependency_links to ../../build/scservo_driver/scservo_driver.egg-info/dependency_links.txt
[7.528s] writing entry points to ../../build/scservo_driver/scservo_driver.egg-info/entry_points.txt
[7.529s] writing requirements to ../../build/scservo_driver/scservo_driver.egg-info/requires.txt
[7.535s] writing top-level names to ../../build/scservo_driver/scservo_driver.egg-info/top_level.txt
[7.544s] reading manifest file '../../build/scservo_driver/scservo_driver.egg-info/SOURCES.txt'
[7.552s] writing manifest file '../../build/scservo_driver/scservo_driver.egg-info/SOURCES.txt'
[7.555s] running build
[7.557s] running build_py
[7.560s] copying scservo_driver/voice_control_track.py -> /home/sunrise/scservo_ws/build/scservo_driver/build/lib/scservo_driver
[7.563s] running install
[7.567s] running install_lib
[7.577s] copying /home/sunrise/scservo_ws/build/scservo_driver/build/lib/scservo_driver/voice_control_track.py -> /home/sunrise/scservo_ws/install/scservo_driver/lib/python3.10/site-packages/scservo_driver
[7.582s] byte-compiling /home/sunrise/scservo_ws/install/scservo_driver/lib/python3.10/site-packages/scservo_driver/voice_control_track.py to voice_control_track.cpython-310.pyc
[7.600s] running install_data
[7.601s] running install_egg_info
[7.615s] removing '/home/sunrise/scservo_ws/install/scservo_driver/lib/python3.10/site-packages/scservo_driver-0.0.1-py3.10.egg-info' (and everything under it)
[7.617s] Copying ../../build/scservo_driver/scservo_driver.egg-info to /home/sunrise/scservo_ws/install/scservo_driver/lib/python3.10/site-packages/scservo_driver-0.0.1-py3.10.egg-info
[7.623s] running install_scripts
[7.771s] Installing integrated_vision_control script to /home/sunrise/scservo_ws/install/scservo_driver/lib/scservo_driver
[7.775s] Installing scservo_node script to /home/sunrise/scservo_ws/install/scservo_driver/lib/scservo_driver
[7.778s] Installing track_to_obj script to /home/sunrise/scservo_ws/install/scservo_driver/lib/scservo_driver
[7.778s] Installing track_to_obj_v2 script to /home/sunrise/scservo_ws/install/scservo_driver/lib/scservo_driver
[7.779s] Installing voice_control_track script to /home/sunrise/scservo_ws/install/scservo_driver/lib/scservo_driver
[7.780s] writing list of installed files to '/home/sunrise/scservo_ws/build/scservo_driver/install.log'
[8.076s] Invoked command in '/home/sunrise/scservo_ws/src/scservo_driver' returned '0': PYTHONPATH=/home/sunrise/scservo_ws/build/scservo_driver/prefix_override:/usr/lib/python3/dist-packages/colcon_core/task/python/colcon_distutils_commands:/home/sunrise/scservo_ws/install/scservo_driver/lib/python3.10/site-packages:${PYTHONPATH} /usr/bin/python3 -W ignore:setup.py install is deprecated -W ignore:easy_install command is deprecated setup.py egg_info --egg-base ../../build/scservo_driver build --build-base /home/sunrise/scservo_ws/build/scservo_driver/build install --record /home/sunrise/scservo_ws/build/scservo_driver/install.log --single-version-externally-managed install_data
