[1.052s] DEBUG:colcon:Command line arguments: ['/usr/bin/colcon', 'build']
[1.052s] DEBUG:colcon:Parsed command line arguments: Namespace(log_base=None, log_level=None, verb_name='build', build_base='build', install_base='install', merge_install=False, symlink_install=False, test_result_base=None, continue_on_error=False, executor='parallel', parallel_workers=8, event_handlers=None, ignore_user_meta=False, metas=['./colcon.meta'], base_paths=['.'], packages_ignore=None, packages_ignore_regex=None, paths=None, packages_up_to=None, packages_up_to_regex=None, packages_above=None, packages_above_and_dependencies=None, packages_above_depth=None, packages_select_by_dep=None, packages_skip_by_dep=None, packages_skip_up_to=None, packages_select_build_failed=False, packages_skip_build_finished=False, packages_select_test_failures=False, packages_skip_test_passed=False, packages_select=None, packages_skip=None, packages_select_regex=None, packages_skip_regex=None, packages_start=None, packages_end=None, allow_overriding=[], cmake_args=None, cmake_target=None, cmake_target_skip_unavailable=False, cmake_clean_cache=False, cmake_clean_first=False, cmake_force_configure=False, ament_cmake_args=None, catkin_cmake_args=None, catkin_skip_building_tests=False, mixin_files=None, mixin=None, verb_parser=<colcon_mixin.mixin.mixin_argument.MixinArgumentDecorator object at 0xffff9036d6f0>, verb_extension=<colcon_core.verb.build.BuildVerb object at 0xffff9036d180>, main=<bound method BuildVerb.main of <colcon_core.verb.build.BuildVerb object at 0xffff9036d180>>, mixin_verb=('build',))
[2.415s] Level 1:colcon.colcon_core.package_discovery:discover_packages(colcon_meta) check parameters
[2.416s] Level 1:colcon.colcon_core.package_discovery:discover_packages(recursive) check parameters
[2.416s] Level 1:colcon.colcon_core.package_discovery:discover_packages(ignore) check parameters
[2.416s] Level 1:colcon.colcon_core.package_discovery:discover_packages(path) check parameters
[2.417s] Level 1:colcon.colcon_core.package_discovery:discover_packages(colcon_meta) discover
[2.417s] Level 1:colcon.colcon_core.package_discovery:discover_packages(recursive) discover
[2.417s] INFO:colcon.colcon_core.package_discovery:Crawling recursively for packages in '/home/sunrise/scservo_ws'
[2.418s] Level 1:colcon.colcon_core.package_identification:_identify(.) by extensions ['ignore', 'ignore_ament_install']
[2.419s] Level 1:colcon.colcon_core.package_identification:_identify(.) by extension 'ignore'
[2.419s] Level 1:colcon.colcon_core.package_identification:_identify(.) by extension 'ignore_ament_install'
[2.420s] Level 1:colcon.colcon_core.package_identification:_identify(.) by extensions ['colcon_pkg']
[2.420s] Level 1:colcon.colcon_core.package_identification:_identify(.) by extension 'colcon_pkg'
[2.420s] Level 1:colcon.colcon_core.package_identification:_identify(.) by extensions ['colcon_meta']
[2.421s] Level 1:colcon.colcon_core.package_identification:_identify(.) by extension 'colcon_meta'
[2.421s] Level 1:colcon.colcon_core.package_identification:_identify(.) by extensions ['ros']
[2.421s] Level 1:colcon.colcon_core.package_identification:_identify(.) by extension 'ros'
[2.508s] Level 1:colcon.colcon_core.package_identification:_identify(.) by extensions ['cmake', 'python']
[2.509s] Level 1:colcon.colcon_core.package_identification:_identify(.) by extension 'cmake'
[2.510s] Level 1:colcon.colcon_core.package_identification:_identify(.) by extension 'python'
[2.511s] Level 1:colcon.colcon_core.package_identification:_identify(.) by extensions ['python_setup_py']
[2.512s] Level 1:colcon.colcon_core.package_identification:_identify(.) by extension 'python_setup_py'
[2.513s] Level 1:colcon.colcon_core.package_identification:_identify(build) by extensions ['ignore', 'ignore_ament_install']
[2.514s] Level 1:colcon.colcon_core.package_identification:_identify(build) by extension 'ignore'
[2.515s] Level 1:colcon.colcon_core.package_identification:_identify(build) ignored
[2.516s] Level 1:colcon.colcon_core.package_identification:_identify(install) by extensions ['ignore', 'ignore_ament_install']
[2.517s] Level 1:colcon.colcon_core.package_identification:_identify(install) by extension 'ignore'
[2.518s] Level 1:colcon.colcon_core.package_identification:_identify(install) ignored
[2.519s] Level 1:colcon.colcon_core.package_identification:_identify(log) by extensions ['ignore', 'ignore_ament_install']
[2.521s] Level 1:colcon.colcon_core.package_identification:_identify(log) by extension 'ignore'
[2.521s] Level 1:colcon.colcon_core.package_identification:_identify(log) ignored
[2.522s] Level 1:colcon.colcon_core.package_identification:_identify(src) by extensions ['ignore', 'ignore_ament_install']
[2.523s] Level 1:colcon.colcon_core.package_identification:_identify(src) by extension 'ignore'
[2.524s] Level 1:colcon.colcon_core.package_identification:_identify(src) by extension 'ignore_ament_install'
[2.525s] Level 1:colcon.colcon_core.package_identification:_identify(src) by extensions ['colcon_pkg']
[2.526s] Level 1:colcon.colcon_core.package_identification:_identify(src) by extension 'colcon_pkg'
[2.527s] Level 1:colcon.colcon_core.package_identification:_identify(src) by extensions ['colcon_meta']
[2.528s] Level 1:colcon.colcon_core.package_identification:_identify(src) by extension 'colcon_meta'
[2.528s] Level 1:colcon.colcon_core.package_identification:_identify(src) by extensions ['ros']
[2.529s] Level 1:colcon.colcon_core.package_identification:_identify(src) by extension 'ros'
[2.530s] Level 1:colcon.colcon_core.package_identification:_identify(src) by extensions ['cmake', 'python']
[2.531s] Level 1:colcon.colcon_core.package_identification:_identify(src) by extension 'cmake'
[2.532s] Level 1:colcon.colcon_core.package_identification:_identify(src) by extension 'python'
[2.533s] Level 1:colcon.colcon_core.package_identification:_identify(src) by extensions ['python_setup_py']
[2.533s] Level 1:colcon.colcon_core.package_identification:_identify(src) by extension 'python_setup_py'
[2.534s] Level 1:colcon.colcon_core.package_identification:_identify(src/build) by extensions ['ignore', 'ignore_ament_install']
[2.535s] Level 1:colcon.colcon_core.package_identification:_identify(src/build) by extension 'ignore'
[2.536s] Level 1:colcon.colcon_core.package_identification:_identify(src/build) ignored
[2.537s] Level 1:colcon.colcon_core.package_identification:_identify(src/install) by extensions ['ignore', 'ignore_ament_install']
[2.538s] Level 1:colcon.colcon_core.package_identification:_identify(src/install) by extension 'ignore'
[2.539s] Level 1:colcon.colcon_core.package_identification:_identify(src/install) ignored
[2.540s] Level 1:colcon.colcon_core.package_identification:_identify(src/log) by extensions ['ignore', 'ignore_ament_install']
[2.542s] Level 1:colcon.colcon_core.package_identification:_identify(src/log) by extension 'ignore'
[2.542s] Level 1:colcon.colcon_core.package_identification:_identify(src/log) ignored
[2.543s] Level 1:colcon.colcon_core.package_identification:_identify(src/scservo_driver) by extensions ['ignore', 'ignore_ament_install']
[2.544s] Level 1:colcon.colcon_core.package_identification:_identify(src/scservo_driver) by extension 'ignore'
[2.545s] Level 1:colcon.colcon_core.package_identification:_identify(src/scservo_driver) by extension 'ignore_ament_install'
[2.546s] Level 1:colcon.colcon_core.package_identification:_identify(src/scservo_driver) by extensions ['colcon_pkg']
[2.547s] Level 1:colcon.colcon_core.package_identification:_identify(src/scservo_driver) by extension 'colcon_pkg'
[2.548s] Level 1:colcon.colcon_core.package_identification:_identify(src/scservo_driver) by extensions ['colcon_meta']
[2.548s] Level 1:colcon.colcon_core.package_identification:_identify(src/scservo_driver) by extension 'colcon_meta'
[2.549s] Level 1:colcon.colcon_core.package_identification:_identify(src/scservo_driver) by extensions ['ros']
[2.550s] Level 1:colcon.colcon_core.package_identification:_identify(src/scservo_driver) by extension 'ros'
[2.577s] DEBUG:colcon.colcon_core.package_identification:Package 'src/scservo_driver' with type 'ros.ament_python' and name 'scservo_driver'
[2.578s] Level 1:colcon.colcon_core.package_discovery:discover_packages(recursive) using defaults
[2.579s] Level 1:colcon.colcon_core.package_discovery:discover_packages(ignore) discover
[2.580s] Level 1:colcon.colcon_core.package_discovery:discover_packages(ignore) using defaults
[2.581s] Level 1:colcon.colcon_core.package_discovery:discover_packages(path) discover
[2.582s] Level 1:colcon.colcon_core.package_discovery:discover_packages(path) using defaults
[2.834s] Level 1:colcon.colcon_core.package_discovery:discover_packages(prefix_path) check parameters
[2.835s] Level 1:colcon.colcon_core.package_discovery:discover_packages(prefix_path) discover
[2.856s] DEBUG:colcon.colcon_installed_package_information.package_discovery:Found 310 installed packages in /opt/ros/humble
[2.869s] Level 1:colcon.colcon_core.package_discovery:discover_packages(prefix_path) using defaults
[3.178s] Level 5:colcon.colcon_core.verb:set package 'scservo_driver' build argument 'cmake_args' from command line to 'None'
[3.179s] Level 5:colcon.colcon_core.verb:set package 'scservo_driver' build argument 'cmake_target' from command line to 'None'
[3.179s] Level 5:colcon.colcon_core.verb:set package 'scservo_driver' build argument 'cmake_target_skip_unavailable' from command line to 'False'
[3.180s] Level 5:colcon.colcon_core.verb:set package 'scservo_driver' build argument 'cmake_clean_cache' from command line to 'False'
[3.180s] Level 5:colcon.colcon_core.verb:set package 'scservo_driver' build argument 'cmake_clean_first' from command line to 'False'
[3.180s] Level 5:colcon.colcon_core.verb:set package 'scservo_driver' build argument 'cmake_force_configure' from command line to 'False'
[3.180s] Level 5:colcon.colcon_core.verb:set package 'scservo_driver' build argument 'ament_cmake_args' from command line to 'None'
[3.181s] Level 5:colcon.colcon_core.verb:set package 'scservo_driver' build argument 'catkin_cmake_args' from command line to 'None'
[3.181s] Level 5:colcon.colcon_core.verb:set package 'scservo_driver' build argument 'catkin_skip_building_tests' from command line to 'False'
[3.181s] DEBUG:colcon.colcon_core.verb:Building package 'scservo_driver' with the following arguments: {'ament_cmake_args': None, 'build_base': '/home/sunrise/scservo_ws/build/scservo_driver', 'catkin_cmake_args': None, 'catkin_skip_building_tests': False, 'cmake_args': None, 'cmake_clean_cache': False, 'cmake_clean_first': False, 'cmake_force_configure': False, 'cmake_target': None, 'cmake_target_skip_unavailable': False, 'install_base': '/home/sunrise/scservo_ws/install/scservo_driver', 'merge_install': False, 'path': '/home/sunrise/scservo_ws/src/scservo_driver', 'symlink_install': False, 'test_result_base': None}
[3.182s] INFO:colcon.colcon_core.executor:Executing jobs using 'parallel' executor
[3.188s] DEBUG:colcon.colcon_parallel_executor.executor.parallel:run_until_complete
[3.189s] INFO:colcon.colcon_ros.task.ament_python.build:Building ROS package in '/home/sunrise/scservo_ws/src/scservo_driver' with build type 'ament_python'
[3.190s] Level 1:colcon.colcon_core.shell:create_environment_hook('scservo_driver', 'ament_prefix_path')
[3.212s] INFO:colcon.colcon_core.plugin_system:Skipping extension 'colcon_core.shell.bat': Not used on non-Windows systems
[3.213s] INFO:colcon.colcon_core.shell:Creating environment hook '/home/sunrise/scservo_ws/install/scservo_driver/share/scservo_driver/hook/ament_prefix_path.ps1'
[3.220s] INFO:colcon.colcon_core.shell:Creating environment descriptor '/home/sunrise/scservo_ws/install/scservo_driver/share/scservo_driver/hook/ament_prefix_path.dsv'
[3.224s] INFO:colcon.colcon_core.shell:Creating environment hook '/home/sunrise/scservo_ws/install/scservo_driver/share/scservo_driver/hook/ament_prefix_path.sh'
[3.230s] INFO:colcon.colcon_core.shell:Skip shell extension 'powershell' for command environment: Not usable outside of PowerShell
[3.230s] DEBUG:colcon.colcon_core.shell:Skip shell extension 'dsv' for command environment
[5.221s] INFO:colcon.colcon_core.task.python.build:Building Python package in '/home/sunrise/scservo_ws/src/scservo_driver'
[5.224s] INFO:colcon.colcon_core.shell:Skip shell extension 'powershell' for command environment: Not usable outside of PowerShell
[5.224s] DEBUG:colcon.colcon_core.shell:Skip shell extension 'dsv' for command environment
[8.063s] DEBUG:colcon.colcon_core.event_handler.log_command:Invoking command in '/home/sunrise/scservo_ws/src/scservo_driver': PYTHONPATH=/home/sunrise/scservo_ws/build/scservo_driver/prefix_override:/usr/lib/python3/dist-packages/colcon_core/task/python/colcon_distutils_commands:/home/sunrise/scservo_ws/install/scservo_driver/lib/python3.10/site-packages:${PYTHONPATH} /usr/bin/python3 -W ignore:setup.py install is deprecated -W ignore:easy_install command is deprecated setup.py egg_info --egg-base ../../build/scservo_driver build --build-base /home/sunrise/scservo_ws/build/scservo_driver/build install --record /home/sunrise/scservo_ws/build/scservo_driver/install.log --single-version-externally-managed install_data
[10.425s] DEBUG:colcon.colcon_core.event_handler.log_command:Invoked command in '/home/sunrise/scservo_ws/src/scservo_driver' returned '0': PYTHONPATH=/home/sunrise/scservo_ws/build/scservo_driver/prefix_override:/usr/lib/python3/dist-packages/colcon_core/task/python/colcon_distutils_commands:/home/sunrise/scservo_ws/install/scservo_driver/lib/python3.10/site-packages:${PYTHONPATH} /usr/bin/python3 -W ignore:setup.py install is deprecated -W ignore:easy_install command is deprecated setup.py egg_info --egg-base ../../build/scservo_driver build --build-base /home/sunrise/scservo_ws/build/scservo_driver/build install --record /home/sunrise/scservo_ws/build/scservo_driver/install.log --single-version-externally-managed install_data
[10.466s] Level 1:colcon.colcon_core.environment:checking '/home/sunrise/scservo_ws/install/scservo_driver' for CMake module files
[10.469s] Level 1:colcon.colcon_core.environment:checking '/home/sunrise/scservo_ws/install/scservo_driver' for CMake config files
[10.474s] Level 1:colcon.colcon_core.environment:checking '/home/sunrise/scservo_ws/install/scservo_driver/lib'
[10.475s] Level 1:colcon.colcon_core.environment:checking '/home/sunrise/scservo_ws/install/scservo_driver/bin'
[10.476s] Level 1:colcon.colcon_core.environment:checking '/home/sunrise/scservo_ws/install/scservo_driver/lib/pkgconfig/scservo_driver.pc'
[10.477s] Level 1:colcon.colcon_core.environment:checking '/home/sunrise/scservo_ws/install/scservo_driver/lib/python3.10/site-packages'
[10.478s] Level 1:colcon.colcon_core.shell:create_environment_hook('scservo_driver', 'pythonpath')
[10.480s] INFO:colcon.colcon_core.shell:Creating environment hook '/home/sunrise/scservo_ws/install/scservo_driver/share/scservo_driver/hook/pythonpath.ps1'
[10.488s] INFO:colcon.colcon_core.shell:Creating environment descriptor '/home/sunrise/scservo_ws/install/scservo_driver/share/scservo_driver/hook/pythonpath.dsv'
[10.490s] INFO:colcon.colcon_core.shell:Creating environment hook '/home/sunrise/scservo_ws/install/scservo_driver/share/scservo_driver/hook/pythonpath.sh'
[10.495s] Level 1:colcon.colcon_core.environment:checking '/home/sunrise/scservo_ws/install/scservo_driver/bin'
[10.495s] Level 1:colcon.colcon_core.environment:create_environment_scripts_only(scservo_driver)
[10.498s] INFO:colcon.colcon_core.shell:Creating package script '/home/sunrise/scservo_ws/install/scservo_driver/share/scservo_driver/package.ps1'
[10.546s] INFO:colcon.colcon_core.shell:Creating package descriptor '/home/sunrise/scservo_ws/install/scservo_driver/share/scservo_driver/package.dsv'
[10.583s] INFO:colcon.colcon_core.shell:Creating package script '/home/sunrise/scservo_ws/install/scservo_driver/share/scservo_driver/package.sh'
[10.590s] INFO:colcon.colcon_core.shell:Creating package script '/home/sunrise/scservo_ws/install/scservo_driver/share/scservo_driver/package.bash'
[10.596s] INFO:colcon.colcon_core.shell:Creating package script '/home/sunrise/scservo_ws/install/scservo_driver/share/scservo_driver/package.zsh'
[10.602s] Level 1:colcon.colcon_core.environment:create_file_with_runtime_dependencies(/home/sunrise/scservo_ws/install/scservo_driver/share/colcon-core/packages/scservo_driver)
[10.607s] DEBUG:colcon.colcon_parallel_executor.executor.parallel:closing loop
[10.608s] DEBUG:colcon.colcon_parallel_executor.executor.parallel:loop closed
[10.608s] DEBUG:colcon.colcon_parallel_executor.executor.parallel:run_until_complete finished with '0'
[10.608s] DEBUG:colcon.colcon_core.event_reactor:joining thread
[10.641s] INFO:colcon.colcon_core.plugin_system:Skipping extension 'colcon_notification.desktop_notification.terminal_notifier': Not used on non-Darwin systems
[10.642s] INFO:colcon.colcon_core.plugin_system:Skipping extension 'colcon_notification.desktop_notification.win32': Not used on non-Windows systems
[10.642s] INFO:colcon.colcon_notification.desktop_notification:Sending desktop notification using 'notify2'
[10.643s] DEBUG:colcon.colcon_notification.desktop_notification.notify2:Failed to initialize notify2: org.freedesktop.DBus.Error.NotSupported: Unable to autolaunch a dbus-daemon without a $DISPLAY for X11
[10.643s] DEBUG:colcon.colcon_core.event_reactor:joined thread
[10.645s] INFO:colcon.colcon_core.shell:Creating prefix script '/home/sunrise/scservo_ws/install/local_setup.ps1'
[10.653s] INFO:colcon.colcon_core.shell:Creating prefix util module '/home/sunrise/scservo_ws/install/_local_setup_util_ps1.py'
[10.665s] INFO:colcon.colcon_core.shell:Creating prefix chain script '/home/sunrise/scservo_ws/install/setup.ps1'
[10.682s] INFO:colcon.colcon_core.shell:Creating prefix script '/home/sunrise/scservo_ws/install/local_setup.sh'
[10.686s] INFO:colcon.colcon_core.shell:Creating prefix util module '/home/sunrise/scservo_ws/install/_local_setup_util_sh.py'
[10.691s] INFO:colcon.colcon_core.shell:Creating prefix chain script '/home/sunrise/scservo_ws/install/setup.sh'
[10.698s] INFO:colcon.colcon_core.shell:Creating prefix script '/home/sunrise/scservo_ws/install/local_setup.bash'
[10.703s] INFO:colcon.colcon_core.shell:Creating prefix chain script '/home/sunrise/scservo_ws/install/setup.bash'
[10.722s] INFO:colcon.colcon_core.shell:Creating prefix script '/home/sunrise/scservo_ws/install/local_setup.zsh'
[10.725s] INFO:colcon.colcon_core.shell:Creating prefix chain script '/home/sunrise/scservo_ws/install/setup.zsh'
