[4.434s] Invoking command in '/home/sunrise/scservo_ws/src/scservo_driver': PYTHONPATH=/home/sunrise/scservo_ws/build/scservo_driver/prefix_override:/usr/lib/python3/dist-packages/colcon_core/task/python/colcon_distutils_commands:/home/sunrise/scservo_ws/install/scservo_driver/lib/python3.10/site-packages:${PYTHONPATH} /usr/bin/python3 -W ignore:setup.py install is deprecated -W ignore:easy_install command is deprecated setup.py egg_info --egg-base ../../build/scservo_driver build --build-base /home/sunrise/scservo_ws/build/scservo_driver/build install --record /home/sunrise/scservo_ws/build/scservo_driver/install.log --single-version-externally-managed install_data
[6.107s] running egg_info
[6.111s] writing ../../build/scservo_driver/scservo_driver.egg-info/PKG-INFO
[6.112s] writing dependency_links to ../../build/scservo_driver/scservo_driver.egg-info/dependency_links.txt
[6.113s] writing entry points to ../../build/scservo_driver/scservo_driver.egg-info/entry_points.txt
[6.114s] writing requirements to ../../build/scservo_driver/scservo_driver.egg-info/requires.txt
[6.114s] writing top-level names to ../../build/scservo_driver/scservo_driver.egg-info/top_level.txt
[6.126s] reading manifest file '../../build/scservo_driver/scservo_driver.egg-info/SOURCES.txt'
[6.133s] writing manifest file '../../build/scservo_driver/scservo_driver.egg-info/SOURCES.txt'
[6.133s] running build
[6.134s] running build_py
[6.135s] copying scservo_driver/track_to_obj_v2.py -> /home/sunrise/scservo_ws/build/scservo_driver/build/lib/scservo_driver
[6.140s] running install
[6.142s] running install_lib
[6.149s] copying /home/sunrise/scservo_ws/build/scservo_driver/build/lib/scservo_driver/track_to_obj_v2.py -> /home/sunrise/scservo_ws/install/scservo_driver/lib/python3.10/site-packages/scservo_driver
[6.154s] byte-compiling /home/sunrise/scservo_ws/install/scservo_driver/lib/python3.10/site-packages/scservo_driver/track_to_obj_v2.py to track_to_obj_v2.cpython-310.pyc
[6.167s] running install_data
[6.168s] running install_egg_info
[6.177s] removing '/home/sunrise/scservo_ws/install/scservo_driver/lib/python3.10/site-packages/scservo_driver-0.0.1-py3.10.egg-info' (and everything under it)
[6.179s] Copying ../../build/scservo_driver/scservo_driver.egg-info to /home/sunrise/scservo_ws/install/scservo_driver/lib/python3.10/site-packages/scservo_driver-0.0.1-py3.10.egg-info
[6.184s] running install_scripts
[6.293s] Installing integrated_vision_control script to /home/sunrise/scservo_ws/install/scservo_driver/lib/scservo_driver
[6.294s] Installing scservo_node script to /home/sunrise/scservo_ws/install/scservo_driver/lib/scservo_driver
[6.295s] Installing track_to_obj script to /home/sunrise/scservo_ws/install/scservo_driver/lib/scservo_driver
[6.295s] Installing track_to_obj_v2 script to /home/sunrise/scservo_ws/install/scservo_driver/lib/scservo_driver
[6.298s] writing list of installed files to '/home/sunrise/scservo_ws/build/scservo_driver/install.log'
[6.507s] Invoked command in '/home/sunrise/scservo_ws/src/scservo_driver' returned '0': PYTHONPATH=/home/sunrise/scservo_ws/build/scservo_driver/prefix_override:/usr/lib/python3/dist-packages/colcon_core/task/python/colcon_distutils_commands:/home/sunrise/scservo_ws/install/scservo_driver/lib/python3.10/site-packages:${PYTHONPATH} /usr/bin/python3 -W ignore:setup.py install is deprecated -W ignore:easy_install command is deprecated setup.py egg_info --egg-base ../../build/scservo_driver build --build-base /home/sunrise/scservo_ws/build/scservo_driver/build install --record /home/sunrise/scservo_ws/build/scservo_driver/install.log --single-version-externally-managed install_data
