[0.681s] DEBUG:colcon:Command line arguments: ['/usr/bin/colcon', 'build']
[0.682s] DEBUG:colcon:Parsed command line arguments: Namespace(log_base=None, log_level=None, verb_name='build', build_base='build', install_base='install', merge_install=False, symlink_install=False, test_result_base=None, continue_on_error=False, executor='parallel', parallel_workers=8, event_handlers=None, ignore_user_meta=False, metas=['./colcon.meta'], base_paths=['.'], packages_ignore=None, packages_ignore_regex=None, paths=None, packages_up_to=None, packages_up_to_regex=None, packages_above=None, packages_above_and_dependencies=None, packages_above_depth=None, packages_select_by_dep=None, packages_skip_by_dep=None, packages_skip_up_to=None, packages_select_build_failed=False, packages_skip_build_finished=False, packages_select_test_failures=False, packages_skip_test_passed=False, packages_select=None, packages_skip=None, packages_select_regex=None, packages_skip_regex=None, packages_start=None, packages_end=None, allow_overriding=[], cmake_args=None, cmake_target=None, cmake_target_skip_unavailable=False, cmake_clean_cache=False, cmake_clean_first=False, cmake_force_configure=False, ament_cmake_args=None, catkin_cmake_args=None, catkin_skip_building_tests=False, mixin_files=None, mixin=None, verb_parser=<colcon_mixin.mixin.mixin_argument.MixinArgumentDecorator object at 0xffff8b50dab0>, verb_extension=<colcon_core.verb.build.BuildVerb object at 0xffff8b50d540>, main=<bound method BuildVerb.main of <colcon_core.verb.build.BuildVerb object at 0xffff8b50d540>>, mixin_verb=('build',))
[1.913s] Level 1:colcon.colcon_core.package_discovery:discover_packages(colcon_meta) check parameters
[1.914s] Level 1:colcon.colcon_core.package_discovery:discover_packages(recursive) check parameters
[1.914s] Level 1:colcon.colcon_core.package_discovery:discover_packages(ignore) check parameters
[1.914s] Level 1:colcon.colcon_core.package_discovery:discover_packages(path) check parameters
[1.914s] Level 1:colcon.colcon_core.package_discovery:discover_packages(colcon_meta) discover
[1.915s] Level 1:colcon.colcon_core.package_discovery:discover_packages(recursive) discover
[1.915s] INFO:colcon.colcon_core.package_discovery:Crawling recursively for packages in '/home/sunrise/scservo_ws'
[1.915s] Level 1:colcon.colcon_core.package_identification:_identify(.) by extensions ['ignore', 'ignore_ament_install']
[1.916s] Level 1:colcon.colcon_core.package_identification:_identify(.) by extension 'ignore'
[1.916s] Level 1:colcon.colcon_core.package_identification:_identify(.) by extension 'ignore_ament_install'
[1.917s] Level 1:colcon.colcon_core.package_identification:_identify(.) by extensions ['colcon_pkg']
[1.917s] Level 1:colcon.colcon_core.package_identification:_identify(.) by extension 'colcon_pkg'
[1.917s] Level 1:colcon.colcon_core.package_identification:_identify(.) by extensions ['colcon_meta']
[1.917s] Level 1:colcon.colcon_core.package_identification:_identify(.) by extension 'colcon_meta'
[1.917s] Level 1:colcon.colcon_core.package_identification:_identify(.) by extensions ['ros']
[1.918s] Level 1:colcon.colcon_core.package_identification:_identify(.) by extension 'ros'
[1.981s] Level 1:colcon.colcon_core.package_identification:_identify(.) by extensions ['cmake', 'python']
[1.981s] Level 1:colcon.colcon_core.package_identification:_identify(.) by extension 'cmake'
[1.981s] Level 1:colcon.colcon_core.package_identification:_identify(.) by extension 'python'
[1.982s] Level 1:colcon.colcon_core.package_identification:_identify(.) by extensions ['python_setup_py']
[1.982s] Level 1:colcon.colcon_core.package_identification:_identify(.) by extension 'python_setup_py'
[1.982s] Level 1:colcon.colcon_core.package_identification:_identify(build) by extensions ['ignore', 'ignore_ament_install']
[1.983s] Level 1:colcon.colcon_core.package_identification:_identify(build) by extension 'ignore'
[1.983s] Level 1:colcon.colcon_core.package_identification:_identify(build) ignored
[1.984s] Level 1:colcon.colcon_core.package_identification:_identify(install) by extensions ['ignore', 'ignore_ament_install']
[1.984s] Level 1:colcon.colcon_core.package_identification:_identify(install) by extension 'ignore'
[1.984s] Level 1:colcon.colcon_core.package_identification:_identify(install) ignored
[1.985s] Level 1:colcon.colcon_core.package_identification:_identify(log) by extensions ['ignore', 'ignore_ament_install']
[1.986s] Level 1:colcon.colcon_core.package_identification:_identify(log) by extension 'ignore'
[1.986s] Level 1:colcon.colcon_core.package_identification:_identify(log) ignored
[1.986s] Level 1:colcon.colcon_core.package_identification:_identify(src) by extensions ['ignore', 'ignore_ament_install']
[1.987s] Level 1:colcon.colcon_core.package_identification:_identify(src) by extension 'ignore'
[1.987s] Level 1:colcon.colcon_core.package_identification:_identify(src) by extension 'ignore_ament_install'
[1.987s] Level 1:colcon.colcon_core.package_identification:_identify(src) by extensions ['colcon_pkg']
[1.987s] Level 1:colcon.colcon_core.package_identification:_identify(src) by extension 'colcon_pkg'
[1.988s] Level 1:colcon.colcon_core.package_identification:_identify(src) by extensions ['colcon_meta']
[1.988s] Level 1:colcon.colcon_core.package_identification:_identify(src) by extension 'colcon_meta'
[1.988s] Level 1:colcon.colcon_core.package_identification:_identify(src) by extensions ['ros']
[1.988s] Level 1:colcon.colcon_core.package_identification:_identify(src) by extension 'ros'
[1.989s] Level 1:colcon.colcon_core.package_identification:_identify(src) by extensions ['cmake', 'python']
[1.989s] Level 1:colcon.colcon_core.package_identification:_identify(src) by extension 'cmake'
[1.989s] Level 1:colcon.colcon_core.package_identification:_identify(src) by extension 'python'
[1.990s] Level 1:colcon.colcon_core.package_identification:_identify(src) by extensions ['python_setup_py']
[1.990s] Level 1:colcon.colcon_core.package_identification:_identify(src) by extension 'python_setup_py'
[1.990s] Level 1:colcon.colcon_core.package_identification:_identify(src/build) by extensions ['ignore', 'ignore_ament_install']
[1.991s] Level 1:colcon.colcon_core.package_identification:_identify(src/build) by extension 'ignore'
[1.991s] Level 1:colcon.colcon_core.package_identification:_identify(src/build) ignored
[1.991s] Level 1:colcon.colcon_core.package_identification:_identify(src/install) by extensions ['ignore', 'ignore_ament_install']
[1.992s] Level 1:colcon.colcon_core.package_identification:_identify(src/install) by extension 'ignore'
[1.992s] Level 1:colcon.colcon_core.package_identification:_identify(src/install) ignored
[1.992s] Level 1:colcon.colcon_core.package_identification:_identify(src/log) by extensions ['ignore', 'ignore_ament_install']
[1.993s] Level 1:colcon.colcon_core.package_identification:_identify(src/log) by extension 'ignore'
[1.993s] Level 1:colcon.colcon_core.package_identification:_identify(src/log) ignored
[1.994s] Level 1:colcon.colcon_core.package_identification:_identify(src/scservo_driver) by extensions ['ignore', 'ignore_ament_install']
[1.994s] Level 1:colcon.colcon_core.package_identification:_identify(src/scservo_driver) by extension 'ignore'
[1.994s] Level 1:colcon.colcon_core.package_identification:_identify(src/scservo_driver) by extension 'ignore_ament_install'
[1.995s] Level 1:colcon.colcon_core.package_identification:_identify(src/scservo_driver) by extensions ['colcon_pkg']
[1.995s] Level 1:colcon.colcon_core.package_identification:_identify(src/scservo_driver) by extension 'colcon_pkg'
[1.995s] Level 1:colcon.colcon_core.package_identification:_identify(src/scservo_driver) by extensions ['colcon_meta']
[1.995s] Level 1:colcon.colcon_core.package_identification:_identify(src/scservo_driver) by extension 'colcon_meta'
[1.996s] Level 1:colcon.colcon_core.package_identification:_identify(src/scservo_driver) by extensions ['ros']
[1.996s] Level 1:colcon.colcon_core.package_identification:_identify(src/scservo_driver) by extension 'ros'
[2.011s] DEBUG:colcon.colcon_core.package_identification:Package 'src/scservo_driver' with type 'ros.ament_python' and name 'scservo_driver'
[2.011s] Level 1:colcon.colcon_core.package_discovery:discover_packages(recursive) using defaults
[2.012s] Level 1:colcon.colcon_core.package_discovery:discover_packages(ignore) discover
[2.012s] Level 1:colcon.colcon_core.package_discovery:discover_packages(ignore) using defaults
[2.012s] Level 1:colcon.colcon_core.package_discovery:discover_packages(path) discover
[2.012s] Level 1:colcon.colcon_core.package_discovery:discover_packages(path) using defaults
[2.206s] Level 1:colcon.colcon_core.package_discovery:discover_packages(prefix_path) check parameters
[2.206s] Level 1:colcon.colcon_core.package_discovery:discover_packages(prefix_path) discover
[2.215s] DEBUG:colcon.colcon_installed_package_information.package_discovery:Found 1 installed packages in /home/sunrise/scservo_ws/install
[2.224s] DEBUG:colcon.colcon_installed_package_information.package_discovery:Found 310 installed packages in /opt/ros/humble
[2.237s] Level 1:colcon.colcon_core.package_discovery:discover_packages(prefix_path) using defaults
[2.516s] Level 5:colcon.colcon_core.verb:set package 'scservo_driver' build argument 'cmake_args' from command line to 'None'
[2.517s] Level 5:colcon.colcon_core.verb:set package 'scservo_driver' build argument 'cmake_target' from command line to 'None'
[2.517s] Level 5:colcon.colcon_core.verb:set package 'scservo_driver' build argument 'cmake_target_skip_unavailable' from command line to 'False'
[2.517s] Level 5:colcon.colcon_core.verb:set package 'scservo_driver' build argument 'cmake_clean_cache' from command line to 'False'
[2.517s] Level 5:colcon.colcon_core.verb:set package 'scservo_driver' build argument 'cmake_clean_first' from command line to 'False'
[2.518s] Level 5:colcon.colcon_core.verb:set package 'scservo_driver' build argument 'cmake_force_configure' from command line to 'False'
[2.518s] Level 5:colcon.colcon_core.verb:set package 'scservo_driver' build argument 'ament_cmake_args' from command line to 'None'
[2.518s] Level 5:colcon.colcon_core.verb:set package 'scservo_driver' build argument 'catkin_cmake_args' from command line to 'None'
[2.518s] Level 5:colcon.colcon_core.verb:set package 'scservo_driver' build argument 'catkin_skip_building_tests' from command line to 'False'
[2.518s] DEBUG:colcon.colcon_core.verb:Building package 'scservo_driver' with the following arguments: {'ament_cmake_args': None, 'build_base': '/home/sunrise/scservo_ws/build/scservo_driver', 'catkin_cmake_args': None, 'catkin_skip_building_tests': False, 'cmake_args': None, 'cmake_clean_cache': False, 'cmake_clean_first': False, 'cmake_force_configure': False, 'cmake_target': None, 'cmake_target_skip_unavailable': False, 'install_base': '/home/sunrise/scservo_ws/install/scservo_driver', 'merge_install': False, 'path': '/home/sunrise/scservo_ws/src/scservo_driver', 'symlink_install': False, 'test_result_base': None}
[2.519s] INFO:colcon.colcon_core.executor:Executing jobs using 'parallel' executor
[2.524s] DEBUG:colcon.colcon_parallel_executor.executor.parallel:run_until_complete
[2.525s] INFO:colcon.colcon_ros.task.ament_python.build:Building ROS package in '/home/sunrise/scservo_ws/src/scservo_driver' with build type 'ament_python'
[2.526s] Level 1:colcon.colcon_core.shell:create_environment_hook('scservo_driver', 'ament_prefix_path')
[2.537s] INFO:colcon.colcon_core.plugin_system:Skipping extension 'colcon_core.shell.bat': Not used on non-Windows systems
[2.538s] INFO:colcon.colcon_core.shell:Creating environment hook '/home/sunrise/scservo_ws/install/scservo_driver/share/scservo_driver/hook/ament_prefix_path.ps1'
[2.542s] INFO:colcon.colcon_core.shell:Creating environment descriptor '/home/sunrise/scservo_ws/install/scservo_driver/share/scservo_driver/hook/ament_prefix_path.dsv'
[2.544s] INFO:colcon.colcon_core.shell:Creating environment hook '/home/sunrise/scservo_ws/install/scservo_driver/share/scservo_driver/hook/ament_prefix_path.sh'
[2.549s] INFO:colcon.colcon_core.shell:Skip shell extension 'powershell' for command environment: Not usable outside of PowerShell
[2.550s] DEBUG:colcon.colcon_core.shell:Skip shell extension 'dsv' for command environment
[4.319s] INFO:colcon.colcon_core.task.python.build:Building Python package in '/home/sunrise/scservo_ws/src/scservo_driver'
[4.321s] INFO:colcon.colcon_core.shell:Skip shell extension 'powershell' for command environment: Not usable outside of PowerShell
[4.321s] DEBUG:colcon.colcon_core.shell:Skip shell extension 'dsv' for command environment
[6.698s] DEBUG:colcon.colcon_core.event_handler.log_command:Invoking command in '/home/sunrise/scservo_ws/src/scservo_driver': PYTHONPATH=/home/sunrise/scservo_ws/build/scservo_driver/prefix_override:/usr/lib/python3/dist-packages/colcon_core/task/python/colcon_distutils_commands:/home/sunrise/scservo_ws/install/scservo_driver/lib/python3.10/site-packages:${PYTHONPATH} /usr/bin/python3 -W ignore:setup.py install is deprecated -W ignore:easy_install command is deprecated setup.py egg_info --egg-base ../../build/scservo_driver build --build-base /home/sunrise/scservo_ws/build/scservo_driver/build install --record /home/sunrise/scservo_ws/build/scservo_driver/install.log --single-version-externally-managed install_data
[8.764s] DEBUG:colcon.colcon_core.event_handler.log_command:Invoked command in '/home/sunrise/scservo_ws/src/scservo_driver' returned '0': PYTHONPATH=/home/sunrise/scservo_ws/build/scservo_driver/prefix_override:/usr/lib/python3/dist-packages/colcon_core/task/python/colcon_distutils_commands:/home/sunrise/scservo_ws/install/scservo_driver/lib/python3.10/site-packages:${PYTHONPATH} /usr/bin/python3 -W ignore:setup.py install is deprecated -W ignore:easy_install command is deprecated setup.py egg_info --egg-base ../../build/scservo_driver build --build-base /home/sunrise/scservo_ws/build/scservo_driver/build install --record /home/sunrise/scservo_ws/build/scservo_driver/install.log --single-version-externally-managed install_data
[8.776s] Level 1:colcon.colcon_core.environment:checking '/home/sunrise/scservo_ws/install/scservo_driver' for CMake module files
[8.780s] Level 1:colcon.colcon_core.environment:checking '/home/sunrise/scservo_ws/install/scservo_driver' for CMake config files
[8.784s] Level 1:colcon.colcon_core.environment:checking '/home/sunrise/scservo_ws/install/scservo_driver/lib'
[8.785s] Level 1:colcon.colcon_core.environment:checking '/home/sunrise/scservo_ws/install/scservo_driver/bin'
[8.785s] Level 1:colcon.colcon_core.environment:checking '/home/sunrise/scservo_ws/install/scservo_driver/lib/pkgconfig/scservo_driver.pc'
[8.787s] Level 1:colcon.colcon_core.environment:checking '/home/sunrise/scservo_ws/install/scservo_driver/lib/python3.10/site-packages'
[8.788s] Level 1:colcon.colcon_core.shell:create_environment_hook('scservo_driver', 'pythonpath')
[8.789s] INFO:colcon.colcon_core.shell:Creating environment hook '/home/sunrise/scservo_ws/install/scservo_driver/share/scservo_driver/hook/pythonpath.ps1'
[8.792s] INFO:colcon.colcon_core.shell:Creating environment descriptor '/home/sunrise/scservo_ws/install/scservo_driver/share/scservo_driver/hook/pythonpath.dsv'
[8.795s] INFO:colcon.colcon_core.shell:Creating environment hook '/home/sunrise/scservo_ws/install/scservo_driver/share/scservo_driver/hook/pythonpath.sh'
[8.798s] Level 1:colcon.colcon_core.environment:checking '/home/sunrise/scservo_ws/install/scservo_driver/bin'
[8.799s] Level 1:colcon.colcon_core.environment:create_environment_scripts_only(scservo_driver)
[8.801s] INFO:colcon.colcon_core.shell:Creating package script '/home/sunrise/scservo_ws/install/scservo_driver/share/scservo_driver/package.ps1'
[8.807s] INFO:colcon.colcon_core.shell:Creating package descriptor '/home/sunrise/scservo_ws/install/scservo_driver/share/scservo_driver/package.dsv'
[8.811s] INFO:colcon.colcon_core.shell:Creating package script '/home/sunrise/scservo_ws/install/scservo_driver/share/scservo_driver/package.sh'
[8.816s] INFO:colcon.colcon_core.shell:Creating package script '/home/sunrise/scservo_ws/install/scservo_driver/share/scservo_driver/package.bash'
[8.822s] INFO:colcon.colcon_core.shell:Creating package script '/home/sunrise/scservo_ws/install/scservo_driver/share/scservo_driver/package.zsh'
[8.828s] Level 1:colcon.colcon_core.environment:create_file_with_runtime_dependencies(/home/sunrise/scservo_ws/install/scservo_driver/share/colcon-core/packages/scservo_driver)
[8.829s] DEBUG:colcon.colcon_parallel_executor.executor.parallel:closing loop
[8.831s] DEBUG:colcon.colcon_parallel_executor.executor.parallel:loop closed
[8.831s] DEBUG:colcon.colcon_parallel_executor.executor.parallel:run_until_complete finished with '0'
[8.831s] DEBUG:colcon.colcon_core.event_reactor:joining thread
[8.858s] INFO:colcon.colcon_core.plugin_system:Skipping extension 'colcon_notification.desktop_notification.terminal_notifier': Not used on non-Darwin systems
[8.859s] INFO:colcon.colcon_core.plugin_system:Skipping extension 'colcon_notification.desktop_notification.win32': Not used on non-Windows systems
[8.859s] INFO:colcon.colcon_notification.desktop_notification:Sending desktop notification using 'notify2'
[8.859s] DEBUG:colcon.colcon_notification.desktop_notification.notify2:Failed to initialize notify2: org.freedesktop.DBus.Error.NotSupported: Unable to autolaunch a dbus-daemon without a $DISPLAY for X11
[8.860s] DEBUG:colcon.colcon_core.event_reactor:joined thread
[8.861s] INFO:colcon.colcon_core.shell:Creating prefix script '/home/sunrise/scservo_ws/install/local_setup.ps1'
[8.868s] INFO:colcon.colcon_core.shell:Creating prefix util module '/home/sunrise/scservo_ws/install/_local_setup_util_ps1.py'
[8.878s] INFO:colcon.colcon_core.shell:Creating prefix chain script '/home/sunrise/scservo_ws/install/setup.ps1'
[8.885s] INFO:colcon.colcon_core.shell:Creating prefix script '/home/sunrise/scservo_ws/install/local_setup.sh'
[8.890s] INFO:colcon.colcon_core.shell:Creating prefix util module '/home/sunrise/scservo_ws/install/_local_setup_util_sh.py'
[8.894s] INFO:colcon.colcon_core.shell:Creating prefix chain script '/home/sunrise/scservo_ws/install/setup.sh'
[8.901s] INFO:colcon.colcon_core.shell:Creating prefix script '/home/sunrise/scservo_ws/install/local_setup.bash'
[8.904s] INFO:colcon.colcon_core.shell:Creating prefix chain script '/home/sunrise/scservo_ws/install/setup.bash'
[8.909s] INFO:colcon.colcon_core.shell:Creating prefix script '/home/sunrise/scservo_ws/install/local_setup.zsh'
[8.912s] INFO:colcon.colcon_core.shell:Creating prefix chain script '/home/sunrise/scservo_ws/install/setup.zsh'
