[3.756s] Invoking command in '/home/sunrise/scservo_ws/src/scservo_driver': PYTHONPATH=/home/sunrise/scservo_ws/build/scservo_driver/prefix_override:/usr/lib/python3/dist-packages/colcon_core/task/python/colcon_distutils_commands:/home/sunrise/scservo_ws/install/scservo_driver/lib/python3.10/site-packages: /usr/bin/python3 -W ignore:setup.py install is deprecated -W ignore:easy_install command is deprecated setup.py egg_info --egg-base ../../build/scservo_driver build --build-base /home/sunrise/scservo_ws/build/scservo_driver/build install --record /home/sunrise/scservo_ws/build/scservo_driver/install.log --single-version-externally-managed install_data
[5.102s] running egg_info
[5.105s] writing ../../build/scservo_driver/scservo_driver.egg-info/PKG-INFO
[5.106s] writing dependency_links to ../../build/scservo_driver/scservo_driver.egg-info/dependency_links.txt
[5.107s] writing entry points to ../../build/scservo_driver/scservo_driver.egg-info/entry_points.txt
[5.108s] writing requirements to ../../build/scservo_driver/scservo_driver.egg-info/requires.txt
[5.109s] writing top-level names to ../../build/scservo_driver/scservo_driver.egg-info/top_level.txt
[5.119s] reading manifest file '../../build/scservo_driver/scservo_driver.egg-info/SOURCES.txt'
[5.125s] writing manifest file '../../build/scservo_driver/scservo_driver.egg-info/SOURCES.txt'
[5.126s] running build
[5.127s] running build_py
[5.127s] copying scservo_driver/__init__.py -> /home/sunrise/scservo_ws/build/scservo_driver/build/lib/scservo_driver
[5.128s] copying scservo_driver/scservo_node.py -> /home/sunrise/scservo_ws/build/scservo_driver/build/lib/scservo_driver
[5.128s] copying scservo_driver/scservo_controller.py -> /home/sunrise/scservo_ws/build/scservo_driver/build/lib/scservo_driver
[5.130s] copying scservo_driver/scservo_sdk/group_sync_write.py -> /home/sunrise/scservo_ws/build/scservo_driver/build/lib/scservo_driver/scservo_sdk
[5.132s] copying scservo_driver/scservo_sdk/__init__.py -> /home/sunrise/scservo_ws/build/scservo_driver/build/lib/scservo_driver/scservo_sdk
[5.133s] copying scservo_driver/scservo_sdk/scservo_def.py -> /home/sunrise/scservo_ws/build/scservo_driver/build/lib/scservo_driver/scservo_sdk
[5.133s] copying scservo_driver/scservo_sdk/group_sync_read.py -> /home/sunrise/scservo_ws/build/scservo_driver/build/lib/scservo_driver/scservo_sdk
[5.134s] copying scservo_driver/scservo_sdk/protocol_packet_handler.py -> /home/sunrise/scservo_ws/build/scservo_driver/build/lib/scservo_driver/scservo_sdk
[5.135s] copying scservo_driver/scservo_sdk/packet_handler.py -> /home/sunrise/scservo_ws/build/scservo_driver/build/lib/scservo_driver/scservo_sdk
[5.136s] copying scservo_driver/scservo_sdk/port_handler.py -> /home/sunrise/scservo_ws/build/scservo_driver/build/lib/scservo_driver/scservo_sdk
[5.139s] running install
[5.141s] running install_lib
[5.145s] copying /home/sunrise/scservo_ws/build/scservo_driver/build/lib/scservo_driver/__init__.py -> /home/sunrise/scservo_ws/install/scservo_driver/lib/python3.10/site-packages/scservo_driver
[5.146s] copying /home/sunrise/scservo_ws/build/scservo_driver/build/lib/scservo_driver/scservo_node.py -> /home/sunrise/scservo_ws/install/scservo_driver/lib/python3.10/site-packages/scservo_driver
[5.147s] copying /home/sunrise/scservo_ws/build/scservo_driver/build/lib/scservo_driver/scservo_controller.py -> /home/sunrise/scservo_ws/install/scservo_driver/lib/python3.10/site-packages/scservo_driver
[5.149s] copying /home/sunrise/scservo_ws/build/scservo_driver/build/lib/scservo_driver/scservo_sdk/group_sync_write.py -> /home/sunrise/scservo_ws/install/scservo_driver/lib/python3.10/site-packages/scservo_driver/scservo_sdk
[5.150s] copying /home/sunrise/scservo_ws/build/scservo_driver/build/lib/scservo_driver/scservo_sdk/__init__.py -> /home/sunrise/scservo_ws/install/scservo_driver/lib/python3.10/site-packages/scservo_driver/scservo_sdk
[5.150s] copying /home/sunrise/scservo_ws/build/scservo_driver/build/lib/scservo_driver/scservo_sdk/scservo_def.py -> /home/sunrise/scservo_ws/install/scservo_driver/lib/python3.10/site-packages/scservo_driver/scservo_sdk
[5.151s] copying /home/sunrise/scservo_ws/build/scservo_driver/build/lib/scservo_driver/scservo_sdk/group_sync_read.py -> /home/sunrise/scservo_ws/install/scservo_driver/lib/python3.10/site-packages/scservo_driver/scservo_sdk
[5.152s] copying /home/sunrise/scservo_ws/build/scservo_driver/build/lib/scservo_driver/scservo_sdk/protocol_packet_handler.py -> /home/sunrise/scservo_ws/install/scservo_driver/lib/python3.10/site-packages/scservo_driver/scservo_sdk
[5.153s] copying /home/sunrise/scservo_ws/build/scservo_driver/build/lib/scservo_driver/scservo_sdk/packet_handler.py -> /home/sunrise/scservo_ws/install/scservo_driver/lib/python3.10/site-packages/scservo_driver/scservo_sdk
[5.155s] copying /home/sunrise/scservo_ws/build/scservo_driver/build/lib/scservo_driver/scservo_sdk/port_handler.py -> /home/sunrise/scservo_ws/install/scservo_driver/lib/python3.10/site-packages/scservo_driver/scservo_sdk
[5.157s] byte-compiling /home/sunrise/scservo_ws/install/scservo_driver/lib/python3.10/site-packages/scservo_driver/__init__.py to __init__.cpython-310.pyc
[5.159s] byte-compiling /home/sunrise/scservo_ws/install/scservo_driver/lib/python3.10/site-packages/scservo_driver/scservo_node.py to scservo_node.cpython-310.pyc
[5.173s] byte-compiling /home/sunrise/scservo_ws/install/scservo_driver/lib/python3.10/site-packages/scservo_driver/scservo_controller.py to scservo_controller.cpython-310.pyc
[5.181s] byte-compiling /home/sunrise/scservo_ws/install/scservo_driver/lib/python3.10/site-packages/scservo_driver/scservo_sdk/group_sync_write.py to group_sync_write.cpython-310.pyc
[5.184s] byte-compiling /home/sunrise/scservo_ws/install/scservo_driver/lib/python3.10/site-packages/scservo_driver/scservo_sdk/__init__.py to __init__.cpython-310.pyc
[5.186s] byte-compiling /home/sunrise/scservo_ws/install/scservo_driver/lib/python3.10/site-packages/scservo_driver/scservo_sdk/scservo_def.py to scservo_def.cpython-310.pyc
[5.189s] byte-compiling /home/sunrise/scservo_ws/install/scservo_driver/lib/python3.10/site-packages/scservo_driver/scservo_sdk/group_sync_read.py to group_sync_read.cpython-310.pyc
[5.194s] byte-compiling /home/sunrise/scservo_ws/install/scservo_driver/lib/python3.10/site-packages/scservo_driver/scservo_sdk/protocol_packet_handler.py to protocol_packet_handler.cpython-310.pyc
[5.210s] byte-compiling /home/sunrise/scservo_ws/install/scservo_driver/lib/python3.10/site-packages/scservo_driver/scservo_sdk/packet_handler.py to packet_handler.cpython-310.pyc
[5.211s] byte-compiling /home/sunrise/scservo_ws/install/scservo_driver/lib/python3.10/site-packages/scservo_driver/scservo_sdk/port_handler.py to port_handler.cpython-310.pyc
[5.216s] running install_data
[5.217s] copying resource/scservo_driver -> /home/sunrise/scservo_ws/install/scservo_driver/share/ament_index/resource_index/packages
[5.217s] copying package.xml -> /home/sunrise/scservo_ws/install/scservo_driver/share/scservo_driver
[5.218s] copying launch/scservo_driver.launch.py -> /home/sunrise/scservo_ws/install/scservo_driver/share/scservo_driver/launch
[5.219s] running install_egg_info
[5.231s] removing '/home/sunrise/scservo_ws/install/scservo_driver/lib/python3.10/site-packages/scservo_driver-0.0.1-py3.10.egg-info' (and everything under it)
[5.233s] Copying ../../build/scservo_driver/scservo_driver.egg-info to /home/sunrise/scservo_ws/install/scservo_driver/lib/python3.10/site-packages/scservo_driver-0.0.1-py3.10.egg-info
[5.239s] running install_scripts
[5.357s] Installing scservo_node script to /home/sunrise/scservo_ws/install/scservo_driver/lib/scservo_driver
[5.360s] writing list of installed files to '/home/sunrise/scservo_ws/build/scservo_driver/install.log'
[5.577s] Invoked command in '/home/sunrise/scservo_ws/src/scservo_driver' returned '0': PYTHONPATH=/home/sunrise/scservo_ws/build/scservo_driver/prefix_override:/usr/lib/python3/dist-packages/colcon_core/task/python/colcon_distutils_commands:/home/sunrise/scservo_ws/install/scservo_driver/lib/python3.10/site-packages: /usr/bin/python3 -W ignore:setup.py install is deprecated -W ignore:easy_install command is deprecated setup.py egg_info --egg-base ../../build/scservo_driver build --build-base /home/sunrise/scservo_ws/build/scservo_driver/build install --record /home/sunrise/scservo_ws/build/scservo_driver/install.log --single-version-externally-managed install_data
