[3.489s] Invoking command in '/home/sunrise/scservo_ws/src/scservo_driver': PYTHONPATH=/home/sunrise/scservo_ws/build/scservo_driver/prefix_override:/usr/lib/python3/dist-packages/colcon_core/task/python/colcon_distutils_commands:/home/sunrise/scservo_ws/install/scservo_driver/lib/python3.10/site-packages: /usr/bin/python3 -W ignore:setup.py install is deprecated -W ignore:easy_install command is deprecated setup.py egg_info --egg-base ../../build/scservo_driver build --build-base /home/sunrise/scservo_ws/build/scservo_driver/build install --record /home/sunrise/scservo_ws/build/scservo_driver/install.log --single-version-externally-managed install_data
[4.751s] running egg_info
[4.754s] writing ../../build/scservo_driver/scservo_driver.egg-info/PKG-INFO
[4.756s] writing dependency_links to ../../build/scservo_driver/scservo_driver.egg-info/dependency_links.txt
[4.756s] writing entry points to ../../build/scservo_driver/scservo_driver.egg-info/entry_points.txt
[4.757s] writing requirements to ../../build/scservo_driver/scservo_driver.egg-info/requires.txt
[4.758s] writing top-level names to ../../build/scservo_driver/scservo_driver.egg-info/top_level.txt
[4.768s] reading manifest file '../../build/scservo_driver/scservo_driver.egg-info/SOURCES.txt'
[4.774s] writing manifest file '../../build/scservo_driver/scservo_driver.egg-info/SOURCES.txt'
[4.774s] running build
[4.775s] running build_py
[4.780s] running install
[4.782s] running install_lib
[4.792s] running install_data
[4.792s] running install_egg_info
[4.800s] removing '/home/sunrise/scservo_ws/install/scservo_driver/lib/python3.10/site-packages/scservo_driver-0.0.1-py3.10.egg-info' (and everything under it)
[4.802s] Copying ../../build/scservo_driver/scservo_driver.egg-info to /home/sunrise/scservo_ws/install/scservo_driver/lib/python3.10/site-packages/scservo_driver-0.0.1-py3.10.egg-info
[4.806s] running install_scripts
[4.916s] Installing integrated_vision_control script to /home/sunrise/scservo_ws/install/scservo_driver/lib/scservo_driver
[4.917s] Installing scservo_node script to /home/sunrise/scservo_ws/install/scservo_driver/lib/scservo_driver
[4.920s] writing list of installed files to '/home/sunrise/scservo_ws/build/scservo_driver/install.log'
[5.122s] Invoked command in '/home/sunrise/scservo_ws/src/scservo_driver' returned '0': PYTHONPATH=/home/sunrise/scservo_ws/build/scservo_driver/prefix_override:/usr/lib/python3/dist-packages/colcon_core/task/python/colcon_distutils_commands:/home/sunrise/scservo_ws/install/scservo_driver/lib/python3.10/site-packages: /usr/bin/python3 -W ignore:setup.py install is deprecated -W ignore:easy_install command is deprecated setup.py egg_info --egg-base ../../build/scservo_driver build --build-base /home/sunrise/scservo_ws/build/scservo_driver/build install --record /home/sunrise/scservo_ws/build/scservo_driver/install.log --single-version-externally-managed install_data
