[3.544s] Invoking command in '/home/sunrise/scservo_ws/src/scservo_driver': PYTHONPATH=/home/sunrise/scservo_ws/build/scservo_driver/prefix_override:/usr/lib/python3/dist-packages/colcon_core/task/python/colcon_distutils_commands:/home/sunrise/scservo_ws/install/scservo_driver/lib/python3.10/site-packages: /usr/bin/python3 -W ignore:setup.py install is deprecated -W ignore:easy_install command is deprecated setup.py egg_info --egg-base ../../build/scservo_driver build --build-base /home/sunrise/scservo_ws/build/scservo_driver/build install --record /home/sunrise/scservo_ws/build/scservo_driver/install.log --single-version-externally-managed install_data
[4.803s] running egg_info
[4.806s] writing ../../build/scservo_driver/scservo_driver.egg-info/PKG-INFO
[4.807s] writing dependency_links to ../../build/scservo_driver/scservo_driver.egg-info/dependency_links.txt
[4.808s] writing entry points to ../../build/scservo_driver/scservo_driver.egg-info/entry_points.txt
[4.809s] writing requirements to ../../build/scservo_driver/scservo_driver.egg-info/requires.txt
[4.809s] writing top-level names to ../../build/scservo_driver/scservo_driver.egg-info/top_level.txt
[4.819s] reading manifest file '../../build/scservo_driver/scservo_driver.egg-info/SOURCES.txt'
[4.826s] writing manifest file '../../build/scservo_driver/scservo_driver.egg-info/SOURCES.txt'
[4.826s] running build
[4.827s] running build_py
[4.828s] copying scservo_driver/integrated_vision_control.py -> /home/sunrise/scservo_ws/build/scservo_driver/build/lib/scservo_driver
[4.832s] running install
[4.834s] running install_lib
[4.839s] copying /home/sunrise/scservo_ws/build/scservo_driver/build/lib/scservo_driver/integrated_vision_control.py -> /home/sunrise/scservo_ws/install/scservo_driver/lib/python3.10/site-packages/scservo_driver
[4.844s] byte-compiling /home/sunrise/scservo_ws/install/scservo_driver/lib/python3.10/site-packages/scservo_driver/integrated_vision_control.py to integrated_vision_control.cpython-310.pyc
[4.856s] running install_data
[4.856s] running install_egg_info
[4.866s] removing '/home/sunrise/scservo_ws/install/scservo_driver/lib/python3.10/site-packages/scservo_driver-0.0.1-py3.10.egg-info' (and everything under it)
[4.868s] Copying ../../build/scservo_driver/scservo_driver.egg-info to /home/sunrise/scservo_ws/install/scservo_driver/lib/python3.10/site-packages/scservo_driver-0.0.1-py3.10.egg-info
[4.873s] running install_scripts
[4.984s] Installing integrated_vision_control script to /home/sunrise/scservo_ws/install/scservo_driver/lib/scservo_driver
[4.985s] Installing scservo_node script to /home/sunrise/scservo_ws/install/scservo_driver/lib/scservo_driver
[4.988s] writing list of installed files to '/home/sunrise/scservo_ws/build/scservo_driver/install.log'
[5.193s] Invoked command in '/home/sunrise/scservo_ws/src/scservo_driver' returned '0': PYTHONPATH=/home/sunrise/scservo_ws/build/scservo_driver/prefix_override:/usr/lib/python3/dist-packages/colcon_core/task/python/colcon_distutils_commands:/home/sunrise/scservo_ws/install/scservo_driver/lib/python3.10/site-packages: /usr/bin/python3 -W ignore:setup.py install is deprecated -W ignore:easy_install command is deprecated setup.py egg_info --egg-base ../../build/scservo_driver build --build-base /home/sunrise/scservo_ws/build/scservo_driver/build install --record /home/sunrise/scservo_ws/build/scservo_driver/install.log --single-version-externally-managed install_data
