[0.069s] DEBUG:colcon:Command line arguments: ['/usr/bin/colcon', 'build']
[0.070s] DEBUG:colcon:Parsed command line arguments: Namespace(log_base=None, log_level=None, verb_name='build', build_base='build', install_base='install', merge_install=False, symlink_install=False, test_result_base=None, continue_on_error=False, executor='parallel', parallel_workers=24, event_handlers=None, ignore_user_meta=False, metas=['./colcon.meta'], base_paths=['.'], packages_ignore=None, packages_ignore_regex=None, paths=None, packages_up_to=None, packages_up_to_regex=None, packages_above=None, packages_above_and_dependencies=None, packages_above_depth=None, packages_select_by_dep=None, packages_skip_by_dep=None, packages_skip_up_to=None, packages_select_build_failed=False, packages_skip_build_finished=False, packages_select_test_failures=False, packages_skip_test_passed=False, packages_select=None, packages_skip=None, packages_select_regex=None, packages_skip_regex=None, packages_start=None, packages_end=None, allow_overriding=[], cmake_args=None, cmake_target=None, cmake_target_skip_unavailable=False, cmake_clean_cache=False, cmake_clean_first=False, cmake_force_configure=False, ament_cmake_args=None, catkin_cmake_args=None, catkin_skip_building_tests=False, verb_parser=<colcon_defaults.argument_parser.defaults.DefaultArgumentsDecorator object at 0x754c76e49e40>, verb_extension=<colcon_core.verb.build.BuildVerb object at 0x754c76e49930>, main=<bound method BuildVerb.main of <colcon_core.verb.build.BuildVerb object at 0x754c76e49930>>)
[0.096s] Level 1:colcon.colcon_core.package_discovery:discover_packages(colcon_meta) check parameters
[0.097s] Level 1:colcon.colcon_core.package_discovery:discover_packages(recursive) check parameters
[0.097s] Level 1:colcon.colcon_core.package_discovery:discover_packages(ignore) check parameters
[0.097s] Level 1:colcon.colcon_core.package_discovery:discover_packages(path) check parameters
[0.097s] Level 1:colcon.colcon_core.package_discovery:discover_packages(colcon_meta) discover
[0.097s] Level 1:colcon.colcon_core.package_discovery:discover_packages(recursive) discover
[0.097s] INFO:colcon.colcon_core.package_discovery:Crawling recursively for packages in '/home/shay/vlm_car/vlm_car_ws'
[0.097s] Level 1:colcon.colcon_core.package_identification:_identify(.) by extensions ['ignore', 'ignore_ament_install']
[0.097s] Level 1:colcon.colcon_core.package_identification:_identify(.) by extension 'ignore'
[0.097s] Level 1:colcon.colcon_core.package_identification:_identify(.) by extension 'ignore_ament_install'
[0.097s] Level 1:colcon.colcon_core.package_identification:_identify(.) by extensions ['colcon_pkg']
[0.097s] Level 1:colcon.colcon_core.package_identification:_identify(.) by extension 'colcon_pkg'
[0.097s] Level 1:colcon.colcon_core.package_identification:_identify(.) by extensions ['colcon_meta']
[0.097s] Level 1:colcon.colcon_core.package_identification:_identify(.) by extension 'colcon_meta'
[0.097s] Level 1:colcon.colcon_core.package_identification:_identify(.) by extensions ['ros']
[0.097s] Level 1:colcon.colcon_core.package_identification:_identify(.) by extension 'ros'
[0.108s] Level 1:colcon.colcon_core.package_identification:_identify(.) by extensions ['cmake', 'python']
[0.108s] Level 1:colcon.colcon_core.package_identification:_identify(.) by extension 'cmake'
[0.108s] Level 1:colcon.colcon_core.package_identification:_identify(.) by extension 'python'
[0.108s] Level 1:colcon.colcon_core.package_identification:_identify(.) by extensions ['python_setup_py']
[0.108s] Level 1:colcon.colcon_core.package_identification:_identify(.) by extension 'python_setup_py'
[0.108s] Level 1:colcon.colcon_core.package_identification:_identify(build) by extensions ['ignore', 'ignore_ament_install']
[0.108s] Level 1:colcon.colcon_core.package_identification:_identify(build) by extension 'ignore'
[0.108s] Level 1:colcon.colcon_core.package_identification:_identify(build) ignored
[0.108s] Level 1:colcon.colcon_core.package_identification:_identify(install) by extensions ['ignore', 'ignore_ament_install']
[0.108s] Level 1:colcon.colcon_core.package_identification:_identify(install) by extension 'ignore'
[0.108s] Level 1:colcon.colcon_core.package_identification:_identify(install) ignored
[0.108s] Level 1:colcon.colcon_core.package_identification:_identify(log) by extensions ['ignore', 'ignore_ament_install']
[0.108s] Level 1:colcon.colcon_core.package_identification:_identify(log) by extension 'ignore'
[0.108s] Level 1:colcon.colcon_core.package_identification:_identify(log) ignored
[0.108s] Level 1:colcon.colcon_core.package_identification:_identify(scservo_driver) by extensions ['ignore', 'ignore_ament_install']
[0.108s] Level 1:colcon.colcon_core.package_identification:_identify(scservo_driver) by extension 'ignore'
[0.108s] Level 1:colcon.colcon_core.package_identification:_identify(scservo_driver) by extension 'ignore_ament_install'
[0.108s] Level 1:colcon.colcon_core.package_identification:_identify(scservo_driver) by extensions ['colcon_pkg']
[0.108s] Level 1:colcon.colcon_core.package_identification:_identify(scservo_driver) by extension 'colcon_pkg'
[0.108s] Level 1:colcon.colcon_core.package_identification:_identify(scservo_driver) by extensions ['colcon_meta']
[0.109s] Level 1:colcon.colcon_core.package_identification:_identify(scservo_driver) by extension 'colcon_meta'
[0.109s] Level 1:colcon.colcon_core.package_identification:_identify(scservo_driver) by extensions ['ros']
[0.109s] Level 1:colcon.colcon_core.package_identification:_identify(scservo_driver) by extension 'ros'
[0.111s] DEBUG:colcon.colcon_core.package_identification:Package 'scservo_driver' with type 'ros.ament_python' and name 'scservo_driver'
[0.111s] Level 1:colcon.colcon_core.package_discovery:discover_packages(recursive) using defaults
[0.111s] Level 1:colcon.colcon_core.package_discovery:discover_packages(ignore) discover
[0.111s] Level 1:colcon.colcon_core.package_discovery:discover_packages(ignore) using defaults
[0.111s] Level 1:colcon.colcon_core.package_discovery:discover_packages(path) discover
[0.111s] Level 1:colcon.colcon_core.package_discovery:discover_packages(path) using defaults
[0.125s] Level 1:colcon.colcon_core.package_discovery:discover_packages(prefix_path) check parameters
[0.125s] Level 1:colcon.colcon_core.package_discovery:discover_packages(prefix_path) discover
[0.127s] DEBUG:colcon.colcon_installed_package_information.package_discovery:Found 319 installed packages in /opt/ros/humble
[0.128s] Level 1:colcon.colcon_core.package_discovery:discover_packages(prefix_path) using defaults
[0.153s] Level 5:colcon.colcon_core.verb:set package 'scservo_driver' build argument 'cmake_args' from command line to 'None'
[0.153s] Level 5:colcon.colcon_core.verb:set package 'scservo_driver' build argument 'cmake_target' from command line to 'None'
[0.153s] Level 5:colcon.colcon_core.verb:set package 'scservo_driver' build argument 'cmake_target_skip_unavailable' from command line to 'False'
[0.153s] Level 5:colcon.colcon_core.verb:set package 'scservo_driver' build argument 'cmake_clean_cache' from command line to 'False'
[0.153s] Level 5:colcon.colcon_core.verb:set package 'scservo_driver' build argument 'cmake_clean_first' from command line to 'False'
[0.153s] Level 5:colcon.colcon_core.verb:set package 'scservo_driver' build argument 'cmake_force_configure' from command line to 'False'
[0.153s] Level 5:colcon.colcon_core.verb:set package 'scservo_driver' build argument 'ament_cmake_args' from command line to 'None'
[0.153s] Level 5:colcon.colcon_core.verb:set package 'scservo_driver' build argument 'catkin_cmake_args' from command line to 'None'
[0.153s] Level 5:colcon.colcon_core.verb:set package 'scservo_driver' build argument 'catkin_skip_building_tests' from command line to 'False'
[0.153s] DEBUG:colcon.colcon_core.verb:Building package 'scservo_driver' with the following arguments: {'ament_cmake_args': None, 'build_base': '/home/shay/vlm_car/vlm_car_ws/build/scservo_driver', 'catkin_cmake_args': None, 'catkin_skip_building_tests': False, 'cmake_args': None, 'cmake_clean_cache': False, 'cmake_clean_first': False, 'cmake_force_configure': False, 'cmake_target': None, 'cmake_target_skip_unavailable': False, 'install_base': '/home/shay/vlm_car/vlm_car_ws/install/scservo_driver', 'merge_install': False, 'path': '/home/shay/vlm_car/vlm_car_ws/scservo_driver', 'symlink_install': False, 'test_result_base': None}
[0.153s] INFO:colcon.colcon_core.executor:Executing jobs using 'parallel' executor
[0.154s] DEBUG:colcon.colcon_parallel_executor.executor.parallel:run_until_complete
[0.154s] INFO:colcon.colcon_ros.task.ament_python.build:Building ROS package in '/home/shay/vlm_car/vlm_car_ws/scservo_driver' with build type 'ament_python'
[0.154s] Level 1:colcon.colcon_core.shell:create_environment_hook('scservo_driver', 'ament_prefix_path')
[0.156s] INFO:colcon.colcon_core.plugin_system:Skipping extension 'colcon_core.shell.bat': Not used on non-Windows systems
[0.156s] INFO:colcon.colcon_core.shell:Creating environment hook '/home/shay/vlm_car/vlm_car_ws/install/scservo_driver/share/scservo_driver/hook/ament_prefix_path.ps1'
[0.156s] INFO:colcon.colcon_core.shell:Creating environment descriptor '/home/shay/vlm_car/vlm_car_ws/install/scservo_driver/share/scservo_driver/hook/ament_prefix_path.dsv'
[0.157s] INFO:colcon.colcon_core.shell:Creating environment hook '/home/shay/vlm_car/vlm_car_ws/install/scservo_driver/share/scservo_driver/hook/ament_prefix_path.sh'
[0.157s] INFO:colcon.colcon_core.shell:Skip shell extension 'powershell' for command environment: Not usable outside of PowerShell
[0.157s] DEBUG:colcon.colcon_core.shell:Skip shell extension 'dsv' for command environment
[0.299s] INFO:colcon.colcon_core.task.python.build:Building Python package in '/home/shay/vlm_car/vlm_car_ws/scservo_driver'
[0.299s] INFO:colcon.colcon_core.shell:Skip shell extension 'powershell' for command environment: Not usable outside of PowerShell
[0.299s] DEBUG:colcon.colcon_core.shell:Skip shell extension 'dsv' for command environment
[0.669s] DEBUG:colcon.colcon_core.event_handler.log_command:Invoking command in '/home/shay/vlm_car/vlm_car_ws/scservo_driver': CONDA_PROMPT_MODIFIER=(base) PYTHONPATH=/home/shay/vlm_car/vlm_car_ws/build/scservo_driver/prefix_override:/usr/lib/python3/dist-packages/colcon_core/task/python/colcon_distutils_commands:/home/shay/vlm_car/vlm_car_ws/install/scservo_driver/lib/python3.10/site-packages:${PYTHONPATH} /usr/bin/python3 -W ignore:setup.py install is deprecated -W ignore:easy_install command is deprecated setup.py egg_info --egg-base ../build/scservo_driver build --build-base /home/shay/vlm_car/vlm_car_ws/build/scservo_driver/build install --record /home/shay/vlm_car/vlm_car_ws/build/scservo_driver/install.log --single-version-externally-managed install_data
[0.985s] DEBUG:colcon.colcon_core.event_handler.log_command:Invoked command in '/home/shay/vlm_car/vlm_car_ws/scservo_driver' returned '0': CONDA_PROMPT_MODIFIER=(base) PYTHONPATH=/home/shay/vlm_car/vlm_car_ws/build/scservo_driver/prefix_override:/usr/lib/python3/dist-packages/colcon_core/task/python/colcon_distutils_commands:/home/shay/vlm_car/vlm_car_ws/install/scservo_driver/lib/python3.10/site-packages:${PYTHONPATH} /usr/bin/python3 -W ignore:setup.py install is deprecated -W ignore:easy_install command is deprecated setup.py egg_info --egg-base ../build/scservo_driver build --build-base /home/shay/vlm_car/vlm_car_ws/build/scservo_driver/build install --record /home/shay/vlm_car/vlm_car_ws/build/scservo_driver/install.log --single-version-externally-managed install_data
[0.986s] Level 1:colcon.colcon_core.environment:checking '/home/shay/vlm_car/vlm_car_ws/install/scservo_driver' for CMake module files
[0.987s] Level 1:colcon.colcon_core.environment:checking '/home/shay/vlm_car/vlm_car_ws/install/scservo_driver' for CMake config files
[0.987s] Level 1:colcon.colcon_core.environment:checking '/home/shay/vlm_car/vlm_car_ws/install/scservo_driver/lib'
[0.987s] Level 1:colcon.colcon_core.environment:checking '/home/shay/vlm_car/vlm_car_ws/install/scservo_driver/bin'
[0.987s] Level 1:colcon.colcon_core.environment:checking '/home/shay/vlm_car/vlm_car_ws/install/scservo_driver/lib/pkgconfig/scservo_driver.pc'
[0.987s] Level 1:colcon.colcon_core.environment:checking '/home/shay/vlm_car/vlm_car_ws/install/scservo_driver/lib/python3.10/site-packages'
[0.987s] Level 1:colcon.colcon_core.shell:create_environment_hook('scservo_driver', 'pythonpath')
[0.988s] INFO:colcon.colcon_core.shell:Creating environment hook '/home/shay/vlm_car/vlm_car_ws/install/scservo_driver/share/scservo_driver/hook/pythonpath.ps1'
[0.988s] INFO:colcon.colcon_core.shell:Creating environment descriptor '/home/shay/vlm_car/vlm_car_ws/install/scservo_driver/share/scservo_driver/hook/pythonpath.dsv'
[0.988s] INFO:colcon.colcon_core.shell:Creating environment hook '/home/shay/vlm_car/vlm_car_ws/install/scservo_driver/share/scservo_driver/hook/pythonpath.sh'
[0.988s] Level 1:colcon.colcon_core.environment:checking '/home/shay/vlm_car/vlm_car_ws/install/scservo_driver/bin'
[0.988s] Level 1:colcon.colcon_core.environment:create_environment_scripts_only(scservo_driver)
[0.989s] INFO:colcon.colcon_core.shell:Creating package script '/home/shay/vlm_car/vlm_car_ws/install/scservo_driver/share/scservo_driver/package.ps1'
[0.989s] INFO:colcon.colcon_core.shell:Creating package descriptor '/home/shay/vlm_car/vlm_car_ws/install/scservo_driver/share/scservo_driver/package.dsv'
[0.989s] INFO:colcon.colcon_core.shell:Creating package script '/home/shay/vlm_car/vlm_car_ws/install/scservo_driver/share/scservo_driver/package.sh'
[0.990s] INFO:colcon.colcon_core.shell:Creating package script '/home/shay/vlm_car/vlm_car_ws/install/scservo_driver/share/scservo_driver/package.bash'
[0.990s] INFO:colcon.colcon_core.shell:Creating package script '/home/shay/vlm_car/vlm_car_ws/install/scservo_driver/share/scservo_driver/package.zsh'
[0.990s] Level 1:colcon.colcon_core.environment:create_file_with_runtime_dependencies(/home/shay/vlm_car/vlm_car_ws/install/scservo_driver/share/colcon-core/packages/scservo_driver)
[0.991s] DEBUG:colcon.colcon_parallel_executor.executor.parallel:closing loop
[0.991s] DEBUG:colcon.colcon_parallel_executor.executor.parallel:loop closed
[0.991s] DEBUG:colcon.colcon_parallel_executor.executor.parallel:run_until_complete finished with '0'
[0.991s] DEBUG:colcon.colcon_core.event_reactor:joining thread
[0.995s] INFO:colcon.colcon_core.plugin_system:Skipping extension 'colcon_notification.desktop_notification.terminal_notifier': Not used on non-Darwin systems
[0.995s] INFO:colcon.colcon_core.plugin_system:Skipping extension 'colcon_notification.desktop_notification.win32': Not used on non-Windows systems
[0.995s] INFO:colcon.colcon_notification.desktop_notification:Sending desktop notification using 'notify2'
[1.004s] DEBUG:colcon.colcon_core.event_reactor:joined thread
[1.005s] INFO:colcon.colcon_core.shell:Creating prefix script '/home/shay/vlm_car/vlm_car_ws/install/local_setup.ps1'
[1.005s] INFO:colcon.colcon_core.shell:Creating prefix util module '/home/shay/vlm_car/vlm_car_ws/install/_local_setup_util_ps1.py'
[1.006s] INFO:colcon.colcon_core.shell:Creating prefix chain script '/home/shay/vlm_car/vlm_car_ws/install/setup.ps1'
[1.007s] INFO:colcon.colcon_core.shell:Creating prefix script '/home/shay/vlm_car/vlm_car_ws/install/local_setup.sh'
[1.007s] INFO:colcon.colcon_core.shell:Creating prefix util module '/home/shay/vlm_car/vlm_car_ws/install/_local_setup_util_sh.py'
[1.008s] INFO:colcon.colcon_core.shell:Creating prefix chain script '/home/shay/vlm_car/vlm_car_ws/install/setup.sh'
[1.008s] INFO:colcon.colcon_core.shell:Creating prefix script '/home/shay/vlm_car/vlm_car_ws/install/local_setup.bash'
[1.008s] INFO:colcon.colcon_core.shell:Creating prefix chain script '/home/shay/vlm_car/vlm_car_ws/install/setup.bash'
[1.009s] INFO:colcon.colcon_core.shell:Creating prefix script '/home/shay/vlm_car/vlm_car_ws/install/local_setup.zsh'
[1.009s] INFO:colcon.colcon_core.shell:Creating prefix chain script '/home/shay/vlm_car/vlm_car_ws/install/setup.zsh'
