/home/sunrise/scservo_ws/install/scservo_driver/lib/python3.10/site-packages/scservo_driver/track_to_obj_v3.py
/home/sunrise/scservo_ws/install/scservo_driver/lib/python3.10/site-packages/scservo_driver/__init__.py
/home/sunrise/scservo_ws/install/scservo_driver/lib/python3.10/site-packages/scservo_driver/track_to_obj_v4.py
/home/sunrise/scservo_ws/install/scservo_driver/lib/python3.10/site-packages/scservo_driver/track_to_obj.py
/home/sunrise/scservo_ws/install/scservo_driver/lib/python3.10/site-packages/scservo_driver/scservo_node.py
/home/sunrise/scservo_ws/install/scservo_driver/lib/python3.10/site-packages/scservo_driver/scservo_controller.py
/home/sunrise/scservo_ws/install/scservo_driver/lib/python3.10/site-packages/scservo_driver/voice_control_track.py
/home/sunrise/scservo_ws/install/scservo_driver/lib/python3.10/site-packages/scservo_driver/integrated_vision_control.py
/home/sunrise/scservo_ws/install/scservo_driver/lib/python3.10/site-packages/scservo_driver/track_to_obj_v2.py
/home/sunrise/scservo_ws/install/scservo_driver/lib/python3.10/site-packages/scservo_driver/scservo_sdk/group_sync_write.py
/home/sunrise/scservo_ws/install/scservo_driver/lib/python3.10/site-packages/scservo_driver/scservo_sdk/__init__.py
/home/sunrise/scservo_ws/install/scservo_driver/lib/python3.10/site-packages/scservo_driver/scservo_sdk/scservo_def.py
/home/sunrise/scservo_ws/install/scservo_driver/lib/python3.10/site-packages/scservo_driver/scservo_sdk/group_sync_read.py
/home/sunrise/scservo_ws/install/scservo_driver/lib/python3.10/site-packages/scservo_driver/scservo_sdk/protocol_packet_handler.py
/home/sunrise/scservo_ws/install/scservo_driver/lib/python3.10/site-packages/scservo_driver/scservo_sdk/packet_handler.py
/home/sunrise/scservo_ws/install/scservo_driver/lib/python3.10/site-packages/scservo_driver/scservo_sdk/port_handler.py
/home/sunrise/scservo_ws/install/scservo_driver/lib/python3.10/site-packages/scservo_driver/__pycache__/track_to_obj_v3.cpython-310.pyc
/home/sunrise/scservo_ws/install/scservo_driver/lib/python3.10/site-packages/scservo_driver/__pycache__/__init__.cpython-310.pyc
/home/sunrise/scservo_ws/install/scservo_driver/lib/python3.10/site-packages/scservo_driver/__pycache__/track_to_obj_v4.cpython-310.pyc
/home/sunrise/scservo_ws/install/scservo_driver/lib/python3.10/site-packages/scservo_driver/__pycache__/track_to_obj.cpython-310.pyc
/home/sunrise/scservo_ws/install/scservo_driver/lib/python3.10/site-packages/scservo_driver/__pycache__/scservo_node.cpython-310.pyc
/home/sunrise/scservo_ws/install/scservo_driver/lib/python3.10/site-packages/scservo_driver/__pycache__/scservo_controller.cpython-310.pyc
/home/sunrise/scservo_ws/install/scservo_driver/lib/python3.10/site-packages/scservo_driver/__pycache__/voice_control_track.cpython-310.pyc
/home/sunrise/scservo_ws/install/scservo_driver/lib/python3.10/site-packages/scservo_driver/__pycache__/integrated_vision_control.cpython-310.pyc
/home/sunrise/scservo_ws/install/scservo_driver/lib/python3.10/site-packages/scservo_driver/__pycache__/track_to_obj_v2.cpython-310.pyc
/home/sunrise/scservo_ws/install/scservo_driver/lib/python3.10/site-packages/scservo_driver/scservo_sdk/__pycache__/group_sync_write.cpython-310.pyc
/home/sunrise/scservo_ws/install/scservo_driver/lib/python3.10/site-packages/scservo_driver/scservo_sdk/__pycache__/__init__.cpython-310.pyc
/home/sunrise/scservo_ws/install/scservo_driver/lib/python3.10/site-packages/scservo_driver/scservo_sdk/__pycache__/scservo_def.cpython-310.pyc
/home/sunrise/scservo_ws/install/scservo_driver/lib/python3.10/site-packages/scservo_driver/scservo_sdk/__pycache__/group_sync_read.cpython-310.pyc
/home/sunrise/scservo_ws/install/scservo_driver/lib/python3.10/site-packages/scservo_driver/scservo_sdk/__pycache__/protocol_packet_handler.cpython-310.pyc
/home/sunrise/scservo_ws/install/scservo_driver/lib/python3.10/site-packages/scservo_driver/scservo_sdk/__pycache__/packet_handler.cpython-310.pyc
/home/sunrise/scservo_ws/install/scservo_driver/lib/python3.10/site-packages/scservo_driver/scservo_sdk/__pycache__/port_handler.cpython-310.pyc
/home/sunrise/scservo_ws/install/scservo_driver/share/ament_index/resource_index/packages/scservo_driver
/home/sunrise/scservo_ws/install/scservo_driver/share/scservo_driver/package.xml
/home/sunrise/scservo_ws/install/scservo_driver/share/scservo_driver/launch/scservo_driver.launch.py
/home/sunrise/scservo_ws/install/scservo_driver/lib/python3.10/site-packages/scservo_driver-0.0.1-py3.10.egg-info/requires.txt
/home/sunrise/scservo_ws/install/scservo_driver/lib/python3.10/site-packages/scservo_driver-0.0.1-py3.10.egg-info/dependency_links.txt
/home/sunrise/scservo_ws/install/scservo_driver/lib/python3.10/site-packages/scservo_driver-0.0.1-py3.10.egg-info/zip-safe
/home/sunrise/scservo_ws/install/scservo_driver/lib/python3.10/site-packages/scservo_driver-0.0.1-py3.10.egg-info/SOURCES.txt
/home/sunrise/scservo_ws/install/scservo_driver/lib/python3.10/site-packages/scservo_driver-0.0.1-py3.10.egg-info/PKG-INFO
/home/sunrise/scservo_ws/install/scservo_driver/lib/python3.10/site-packages/scservo_driver-0.0.1-py3.10.egg-info/entry_points.txt
/home/sunrise/scservo_ws/install/scservo_driver/lib/python3.10/site-packages/scservo_driver-0.0.1-py3.10.egg-info/top_level.txt
/home/sunrise/scservo_ws/install/scservo_driver/lib/scservo_driver/integrated_vision_control
/home/sunrise/scservo_ws/install/scservo_driver/lib/scservo_driver/scservo_node
/home/sunrise/scservo_ws/install/scservo_driver/lib/scservo_driver/track_to_obj
/home/sunrise/scservo_ws/install/scservo_driver/lib/scservo_driver/track_to_obj_v2
/home/sunrise/scservo_ws/install/scservo_driver/lib/scservo_driver/track_to_obj_v3
/home/sunrise/scservo_ws/install/scservo_driver/lib/scservo_driver/track_to_obj_v4
/home/sunrise/scservo_ws/install/scservo_driver/lib/scservo_driver/voice_control_track
