[4.863s] Invoking command in '/home/sunrise/scservo_ws/src/scservo_driver': PYTHONPATH=/home/sunrise/scservo_ws/build/scservo_driver/prefix_override:/usr/lib/python3/dist-packages/colcon_core/task/python/colcon_distutils_commands:/home/sunrise/scservo_ws/install/scservo_driver/lib/python3.10/site-packages:${PYTHONPATH} /usr/bin/python3 -W ignore:setup.py install is deprecated -W ignore:easy_install command is deprecated setup.py egg_info --egg-base ../../build/scservo_driver build --build-base /home/sunrise/scservo_ws/build/scservo_driver/build install --record /home/sunrise/scservo_ws/build/scservo_driver/install.log --single-version-externally-managed install_data
[6.549s] running egg_info
[6.555s] writing ../../build/scservo_driver/scservo_driver.egg-info/PKG-INFO
[6.558s] writing dependency_links to ../../build/scservo_driver/scservo_driver.egg-info/dependency_links.txt
[6.559s] writing entry points to ../../build/scservo_driver/scservo_driver.egg-info/entry_points.txt
[6.559s] writing requirements to ../../build/scservo_driver/scservo_driver.egg-info/requires.txt
[6.560s] writing top-level names to ../../build/scservo_driver/scservo_driver.egg-info/top_level.txt
[6.572s] reading manifest file '../../build/scservo_driver/scservo_driver.egg-info/SOURCES.txt'
[6.578s] writing manifest file '../../build/scservo_driver/scservo_driver.egg-info/SOURCES.txt'
[6.579s] running build
[6.579s] running build_py
[6.580s] copying scservo_driver/scservo_node.py -> /home/sunrise/scservo_ws/build/scservo_driver/build/lib/scservo_driver
[6.586s] running install
[6.587s] running install_lib
[6.592s] copying /home/sunrise/scservo_ws/build/scservo_driver/build/lib/scservo_driver/scservo_node.py -> /home/sunrise/scservo_ws/install/scservo_driver/lib/python3.10/site-packages/scservo_driver
[6.597s] byte-compiling /home/sunrise/scservo_ws/install/scservo_driver/lib/python3.10/site-packages/scservo_driver/scservo_node.py to scservo_node.cpython-310.pyc
[6.620s] running install_data
[6.621s] running install_egg_info
[6.630s] removing '/home/sunrise/scservo_ws/install/scservo_driver/lib/python3.10/site-packages/scservo_driver-0.0.1-py3.10.egg-info' (and everything under it)
[6.632s] Copying ../../build/scservo_driver/scservo_driver.egg-info to /home/sunrise/scservo_ws/install/scservo_driver/lib/python3.10/site-packages/scservo_driver-0.0.1-py3.10.egg-info
[6.637s] running install_scripts
[6.748s] Installing scservo_node script to /home/sunrise/scservo_ws/install/scservo_driver/lib/scservo_driver
[6.751s] writing list of installed files to '/home/sunrise/scservo_ws/build/scservo_driver/install.log'
[6.955s] Invoked command in '/home/sunrise/scservo_ws/src/scservo_driver' returned '0': PYTHONPATH=/home/sunrise/scservo_ws/build/scservo_driver/prefix_override:/usr/lib/python3/dist-packages/colcon_core/task/python/colcon_distutils_commands:/home/sunrise/scservo_ws/install/scservo_driver/lib/python3.10/site-packages:${PYTHONPATH} /usr/bin/python3 -W ignore:setup.py install is deprecated -W ignore:easy_install command is deprecated setup.py egg_info --egg-base ../../build/scservo_driver build --build-base /home/sunrise/scservo_ws/build/scservo_driver/build install --record /home/sunrise/scservo_ws/build/scservo_driver/install.log --single-version-externally-managed install_data
