[4.066s] Invoking command in '/home/sunrise/scservo_ws/src/scservo_driver': PYTHONPATH=/home/sunrise/scservo_ws/build/scservo_driver/prefix_override:/usr/lib/python3/dist-packages/colcon_core/task/python/colcon_distutils_commands:/home/sunrise/scservo_ws/install/scservo_driver/lib/python3.10/site-packages:${PYTHONPATH} /usr/bin/python3 -W ignore:setup.py install is deprecated -W ignore:easy_install command is deprecated setup.py egg_info --egg-base ../../build/scservo_driver build --build-base /home/sunrise/scservo_ws/build/scservo_driver/build install --record /home/sunrise/scservo_ws/build/scservo_driver/install.log --single-version-externally-managed install_data
[5.635s] running egg_info
[5.639s] writing ../../build/scservo_driver/scservo_driver.egg-info/PKG-INFO
[5.640s] writing dependency_links to ../../build/scservo_driver/scservo_driver.egg-info/dependency_links.txt
[5.641s] writing entry points to ../../build/scservo_driver/scservo_driver.egg-info/entry_points.txt
[5.642s] writing requirements to ../../build/scservo_driver/scservo_driver.egg-info/requires.txt
[5.643s] writing top-level names to ../../build/scservo_driver/scservo_driver.egg-info/top_level.txt
[5.654s] reading manifest file '../../build/scservo_driver/scservo_driver.egg-info/SOURCES.txt'
[5.660s] writing manifest file '../../build/scservo_driver/scservo_driver.egg-info/SOURCES.txt'
[5.661s] running build
[5.661s] running build_py
[5.662s] copying scservo_driver/track_to_obj_v3.py -> /home/sunrise/scservo_ws/build/scservo_driver/build/lib/scservo_driver
[5.663s] copying scservo_driver/track_to_obj_v4.py -> /home/sunrise/scservo_ws/build/scservo_driver/build/lib/scservo_driver
[5.670s] running install
[5.672s] running install_lib
[5.676s] copying /home/sunrise/scservo_ws/build/scservo_driver/build/lib/scservo_driver/track_to_obj_v3.py -> /home/sunrise/scservo_ws/install/scservo_driver/lib/python3.10/site-packages/scservo_driver
[5.677s] copying /home/sunrise/scservo_ws/build/scservo_driver/build/lib/scservo_driver/track_to_obj_v4.py -> /home/sunrise/scservo_ws/install/scservo_driver/lib/python3.10/site-packages/scservo_driver
[5.683s] byte-compiling /home/sunrise/scservo_ws/install/scservo_driver/lib/python3.10/site-packages/scservo_driver/track_to_obj_v3.py to track_to_obj_v3.cpython-310.pyc
[5.688s]   File "/home/sunrise/scservo_ws/install/scservo_driver/lib/python3.10/site-packages/scservo_driver/track_to_obj_v3.py", line 73
[5.688s]     self.get_logger().info(  def __init__(self):
[5.689s]                              ^^^
[5.689s] SyntaxError: invalid syntax
[5.690s] 
[5.690s] byte-compiling /home/sunrise/scservo_ws/install/scservo_driver/lib/python3.10/site-packages/scservo_driver/track_to_obj_v4.py to track_to_obj_v4.cpython-310.pyc
[5.692s]   File "/home/sunrise/scservo_ws/install/scservo_driver/lib/python3.10/site-packages/scservo_driver/track_to_obj_v4.py", line 80
[5.693s]     self.get_logger().info(  def __init__(self):
[5.693s]                              ^^^
[5.694s] SyntaxError: invalid syntax
[5.694s] 
[5.695s] running install_data
[5.695s] running install_egg_info
[5.704s] removing '/home/sunrise/scservo_ws/install/scservo_driver/lib/python3.10/site-packages/scservo_driver-0.0.1-py3.10.egg-info' (and everything under it)
[5.706s] Copying ../../build/scservo_driver/scservo_driver.egg-info to /home/sunrise/scservo_ws/install/scservo_driver/lib/python3.10/site-packages/scservo_driver-0.0.1-py3.10.egg-info
[5.710s] running install_scripts
[5.816s] Installing integrated_vision_control script to /home/sunrise/scservo_ws/install/scservo_driver/lib/scservo_driver
[5.817s] Installing scservo_node script to /home/sunrise/scservo_ws/install/scservo_driver/lib/scservo_driver
[5.818s] Installing track_to_obj script to /home/sunrise/scservo_ws/install/scservo_driver/lib/scservo_driver
[5.819s] Installing track_to_obj_v2 script to /home/sunrise/scservo_ws/install/scservo_driver/lib/scservo_driver
[5.819s] Installing track_to_obj_v3 script to /home/sunrise/scservo_ws/install/scservo_driver/lib/scservo_driver
[5.820s] Installing track_to_obj_v4 script to /home/sunrise/scservo_ws/install/scservo_driver/lib/scservo_driver
[5.820s] Installing voice_control_track script to /home/sunrise/scservo_ws/install/scservo_driver/lib/scservo_driver
[5.824s] writing list of installed files to '/home/sunrise/scservo_ws/build/scservo_driver/install.log'
[6.034s] Invoked command in '/home/sunrise/scservo_ws/src/scservo_driver' returned '0': PYTHONPATH=/home/sunrise/scservo_ws/build/scservo_driver/prefix_override:/usr/lib/python3/dist-packages/colcon_core/task/python/colcon_distutils_commands:/home/sunrise/scservo_ws/install/scservo_driver/lib/python3.10/site-packages:${PYTHONPATH} /usr/bin/python3 -W ignore:setup.py install is deprecated -W ignore:easy_install command is deprecated setup.py egg_info --egg-base ../../build/scservo_driver build --build-base /home/sunrise/scservo_ws/build/scservo_driver/build install --record /home/sunrise/scservo_ws/build/scservo_driver/install.log --single-version-externally-managed install_data
